2023-05-07 16:49:46.490 | INFO     | handle_excel:read_excel_data_obj:85 - 读取excle文件 d:\gitee_code\atfx_-ui_framework\data\testcases.xlsx 的 gm_kyc sheet表单
2023-05-07 16:49:46.493 | INFO     | handle_excel:read_excel_data_obj:105 - 返回读取内容：[<handle_excel.Case object at 0x143180E8>, <handle_excel.Case object at 0x143180D0>]
2023-05-07 16:49:46.503 | INFO     | handle_excel:read_excel_data_obj:85 - 读取excle文件 d:\gitee_code\atfx_-ui_framework\data\testcases.xlsx 的 gm_register sheet表单
2023-05-07 16:49:46.505 | INFO     | handle_excel:read_excel_data_obj:105 - 返回读取内容：[<handle_excel.Case object at 0x143384F0>, <handle_excel.Case object at 0x14338C70>]
2023-05-07 16:49:46.515 | INFO     | handle_excel:read_excel_data_obj:85 - 读取excle文件 d:\gitee_code\atfx_-ui_framework\data\testcases.xlsx 的 gm_kyc sheet表单
2023-05-07 16:49:46.517 | INFO     | handle_excel:read_excel_data_obj:105 - 返回读取内容：[<handle_excel.Case object at 0x1435E058>, <handle_excel.Case object at 0x1435E208>]
2023-05-07 16:49:46.631 | INFO     | driver_settings:__new__:24 - 运行谷歌浏览器并添加初始化设置
2023-05-07 16:49:46.633 | INFO     | driver_settings:__new__:31 - Working on headless mode...
2023-05-07 16:49:47.901 | INFO     | test_cp_register_gm:test_register_gm:35 - 当前用例：GM注册CL
2023-05-07 16:49:47.903 | INFO     | basepage:open:29 - 访问：https://at-client-portal-sit.atfxdev.com/register
2023-05-07 16:49:52.233 | INFO     | gm_register_obj:is_limit_exist:28 - 判断页面弹窗是否出现
2023-05-07 16:49:52.234 | INFO     | basepage:find_element_presence:68 - 获取style属性：等待元素【('css selector', '.el-dialog__wrapper')】被加到了dom树里，并不代表该元素一定可见，如果定位到就返回元素
2023-05-07 16:49:52.253 | INFO     | basepage:find_element_presence:71 - 查找元素【('css selector', '.el-dialog__wrapper')】在页面DOM树上的第1个
2023-05-07 16:49:52.262 | INFO     | basepage:get_attribute:161 - 获取元素：【style】的属性，位于DOM树上第 1 个，返回的属性值为：z-index: 2001;
2023-05-07 16:49:52.264 | INFO     | basepage:find_element_visibility:47 - 点击页面使用限制弹窗：等待元素【('class name', 'blk-sure-btn')】可见,可显示且宽和高都大于0
2023-05-07 16:49:52.287 | INFO     | basepage:find_element_visibility:49 - 查找元素【('class name', 'blk-sure-btn')】在页面DOM树上的第1个
2023-05-07 16:49:52.296 | INFO     | basepage:click_element:89 - 点击元素：【('class name', 'blk-sure-btn')】在DOM树上的第1个
2023-05-07 16:49:52.347 | INFO     | gm_register_obj:is_limit_exist:31 - 去除页面用户使用限制弹窗
2023-05-07 16:49:52.349 | INFO     | basepage:find_element_visibility:47 - 点击语言下拉框：等待元素【('xpath', "//i[@class='el-icon-arrow-down el-icon--right']")】可见,可显示且宽和高都大于0
2023-05-07 16:49:52.375 | INFO     | basepage:find_element_visibility:49 - 查找元素【('xpath', "//i[@class='el-icon-arrow-down el-icon--right']")】在页面DOM树上的第1个
2023-05-07 16:49:52.385 | INFO     | basepage:click_element:89 - 点击元素：【('xpath', "//i[@class='el-icon-arrow-down el-icon--right']")】在DOM树上的第1个
2023-05-07 16:49:53.201 | INFO     | basepage:find_element_visibility:47 - 选择页面语言：等待元素【('xpath', "//li[contains(.,'简体中文')]")】可见,可显示且宽和高都大于0
2023-05-07 16:49:53.225 | INFO     | basepage:find_element_visibility:49 - 查找元素【('xpath', "//li[contains(.,'简体中文')]")】在页面DOM树上的第1个
2023-05-07 16:49:53.234 | INFO     | basepage:click_element:89 - 点击元素：【('xpath', "//li[contains(.,'简体中文')]")】在DOM树上的第1个
2023-05-07 16:49:54.350 | INFO     | gm_register_obj:chose_lang:40 - 选择简体中文语言注册
2023-05-07 16:49:54.352 | INFO     | basepage:find_element_visibility:47 - 点击居住国家下拉框：等待元素【('css selector', '.country-label .el-select__caret')】可见,可显示且宽和高都大于0
2023-05-07 16:49:54.372 | INFO     | basepage:find_element_visibility:49 - 查找元素【('css selector', '.country-label .el-select__caret')】在页面DOM树上的第1个
2023-05-07 16:49:54.381 | INFO     | basepage:click_element:89 - 点击元素：【('css selector', '.country-label .el-select__caret')】在DOM树上的第1个
2023-05-07 16:49:54.973 | INFO     | basepage:find_element_visibility:47 - 选择居住国家：等待元素【['xpath', "//span[.='中国']"]】可见,可显示且宽和高都大于0
2023-05-07 16:49:54.996 | INFO     | basepage:find_element_visibility:49 - 查找元素【['xpath', "//span[.='中国']"]】在页面DOM树上的第1个
2023-05-07 16:49:55.006 | INFO     | basepage:click_element:89 - 点击元素：【['xpath', "//span[.='中国']"]】在DOM树上的第1个
2023-05-07 16:49:57.590 | INFO     | gm_register_obj:is_limit_exist:28 - 判断页面弹窗是否出现
2023-05-07 16:49:57.591 | INFO     | basepage:find_element_presence:68 - 获取style属性：等待元素【('css selector', '.el-dialog__wrapper')】被加到了dom树里，并不代表该元素一定可见，如果定位到就返回元素
2023-05-07 16:49:57.608 | INFO     | basepage:find_element_presence:71 - 查找元素【('css selector', '.el-dialog__wrapper')】在页面DOM树上的第1个
2023-05-07 16:49:57.615 | INFO     | basepage:get_attribute:161 - 获取元素：【style】的属性，位于DOM树上第 1 个，返回的属性值为：z-index: 2001; display: none;
2023-05-07 16:49:57.617 | INFO     | handle_excel:sava_excel_data:188 - 写入d:\gitee_code\atfx_-ui_framework\data\testcases.xlsx文件 gm_kyc 表单 E 列2 行：中国
2023-05-07 16:49:57.651 | INFO     | basepage:find_element_visibility:47 - 输入姓名：等待元素【('xpath', "//div[@class='el-form-item__content']//input[@class='el-input__inner']")】可见,可显示且宽和高都大于0
2023-05-07 16:49:57.729 | INFO     | basepage:find_element_visibility:49 - 查找元素【('xpath', "//div[@class='el-form-item__content']//input[@class='el-input__inner']")】在页面DOM树上的第2个
2023-05-07 16:49:57.738 | INFO     | basepage:input_value:109 - 清除元素【('xpath', "//div[@class='el-form-item__content']//input[@class='el-input__inner']")】位于DOM树上第2个的文本内容
2023-05-07 16:49:57.770 | INFO     | basepage:input_value:111 - 执行输入操作，输入：test
2023-05-07 16:49:57.864 | INFO     | basepage:find_element_visibility:47 - 输入姓氏：等待元素【('xpath', "//div[@class='el-form-item__content']//input[@class='el-input__inner']")】可见,可显示且宽和高都大于0
2023-05-07 16:49:57.935 | INFO     | basepage:find_element_visibility:49 - 查找元素【('xpath', "//div[@class='el-form-item__content']//input[@class='el-input__inner']")】在页面DOM树上的第3个
2023-05-07 16:49:57.942 | INFO     | basepage:input_value:109 - 清除元素【('xpath', "//div[@class='el-form-item__content']//input[@class='el-input__inner']")】位于DOM树上第3个的文本内容
2023-05-07 16:49:57.968 | INFO     | basepage:input_value:111 - 执行输入操作，输入：tyler
2023-05-07 16:49:58.055 | INFO     | basepage:find_element_visibility:47 - 输入手机号：等待元素【('xpath', "//div[@class='el-form-item__content']//input[@class='el-input__inner']")】可见,可显示且宽和高都大于0
2023-05-07 16:49:58.125 | INFO     | basepage:find_element_visibility:49 - 查找元素【('xpath', "//div[@class='el-form-item__content']//input[@class='el-input__inner']")】在页面DOM树上的第5个
2023-05-07 16:49:58.135 | INFO     | basepage:input_value:109 - 清除元素【('xpath', "//div[@class='el-form-item__content']//input[@class='el-input__inner']")】位于DOM树上第5个的文本内容
2023-05-07 16:49:58.157 | INFO     | basepage:input_value:111 - 执行输入操作，输入：18696194961
2023-05-07 16:49:58.307 | INFO     | basepage:find_element_visibility:47 - 输入邮箱：等待元素【('xpath', "//div[@class='el-form-item__content']//input[@class='el-input__inner']")】可见,可显示且宽和高都大于0
2023-05-07 16:49:58.382 | INFO     | basepage:find_element_visibility:49 - 查找元素【('xpath', "//div[@class='el-form-item__content']//input[@class='el-input__inner']")】在页面DOM树上的第6个
2023-05-07 16:49:58.392 | INFO     | basepage:input_value:109 - 清除元素【('xpath', "//div[@class='el-form-item__content']//input[@class='el-input__inner']")】位于DOM树上第6个的文本内容
2023-05-07 16:49:58.415 | INFO     | basepage:input_value:111 - 执行输入操作，输入：1683448942192@qq.com
2023-05-07 16:49:58.641 | INFO     | basepage:find_element_visibility:47 - 输入密码：等待元素【('xpath', "//div[@class='el-form-item__content']//input[@class='el-input__inner']")】可见,可显示且宽和高都大于0
2023-05-07 16:49:58.712 | INFO     | basepage:find_element_visibility:49 - 查找元素【('xpath', "//div[@class='el-form-item__content']//input[@class='el-input__inner']")】在页面DOM树上的第7个
2023-05-07 16:49:58.721 | INFO     | basepage:input_value:109 - 清除元素【('xpath', "//div[@class='el-form-item__content']//input[@class='el-input__inner']")】位于DOM树上第7个的文本内容
2023-05-07 16:49:58.743 | INFO     | basepage:input_value:111 - 执行输入操作，输入：Tl123456
2023-05-07 16:49:59.861 | INFO     | basepage:find_element_presence:68 - 获取判断邮箱输入是否正确的class属性：等待元素【('xpath', "//div[@class='el-form-item__content']/..")】被加到了dom树里，并不代表该元素一定可见，如果定位到就返回元素
2023-05-07 16:49:59.885 | INFO     | basepage:find_element_presence:71 - 查找元素【('xpath', "//div[@class='el-form-item__content']/..")】在页面DOM树上的第6个
2023-05-07 16:49:59.893 | INFO     | basepage:get_attribute:161 - 获取元素：【class】的属性，位于DOM树上第 6 个，返回的属性值为：el-form-item is-success is-required
2023-05-07 16:50:00.356 | INFO     | basepage:save_pageshots:297 - 页面截图保存在：d:\gitee_code\atfx_-ui_framework\error_imgs\邮箱格式错误或已注册，填写1683448942192@qq.com邮箱注册失败_20230507.png
2023-05-07 16:50:00.358 | WARNING  | gm_register_obj:fill_register_form:78 - 邮箱格式错误或已注册，重新输入随机邮箱:1683449400358@qq.com
2023-05-07 16:50:00.360 | INFO     | basepage:find_element_visibility:47 - 重新输入随机邮箱：等待元素【('xpath', "//div[@class='el-form-item__content']//input[@class='el-input__inner']")】可见,可显示且宽和高都大于0
2023-05-07 16:50:00.427 | INFO     | basepage:find_element_visibility:49 - 查找元素【('xpath', "//div[@class='el-form-item__content']//input[@class='el-input__inner']")】在页面DOM树上的第6个
2023-05-07 16:50:00.437 | INFO     | basepage:input_value:109 - 清除元素【('xpath', "//div[@class='el-form-item__content']//input[@class='el-input__inner']")】位于DOM树上第6个的文本内容
2023-05-07 16:50:00.462 | INFO     | basepage:input_value:111 - 执行输入操作，输入：1683449400358@qq.com
2023-05-07 16:50:00.672 | INFO     | handle_excel:sava_excel_data:188 - 写入d:\gitee_code\atfx_-ui_framework\data\testcases.xlsx文件 gm_register 表单 7 列2 行：1683449400358@qq.com
2023-05-07 16:50:00.705 | INFO     | handle_excel:sava_excel_data:188 - 写入d:\gitee_code\atfx_-ui_framework\data\testcases.xlsx文件 gm_kyc 表单 3 列2 行：1683449400358@qq.com
2023-05-07 16:50:00.742 | INFO     | gm_register_obj:fill_register_form:82 - 数据共享，将更新后的邮箱作为下一个流程的测试数据：1683449400358@qq.com
2023-05-07 16:50:00.744 | INFO     | basepage:find_element_visibility:47 - 输入验证码：等待元素【('xpath', "//div[@class='el-form-item__content']//input[@class='el-input__inner']")】可见,可显示且宽和高都大于0
2023-05-07 16:50:00.809 | INFO     | basepage:find_element_visibility:49 - 查找元素【('xpath', "//div[@class='el-form-item__content']//input[@class='el-input__inner']")】在页面DOM树上的第8个
2023-05-07 16:50:00.819 | INFO     | basepage:input_value:109 - 清除元素【('xpath', "//div[@class='el-form-item__content']//input[@class='el-input__inner']")】位于DOM树上第8个的文本内容
2023-05-07 16:50:00.841 | INFO     | basepage:input_value:111 - 执行输入操作，输入：GVLS
2023-05-07 16:50:00.910 | INFO     | basepage:find_element_visibility:47 - 输入邀请码：等待元素【('css selector', '.el-textarea__inner')】可见,可显示且宽和高都大于0
2023-05-07 16:50:00.931 | INFO     | basepage:find_element_visibility:49 - 查找元素【('css selector', '.el-textarea__inner')】在页面DOM树上的第1个
2023-05-07 16:50:00.940 | INFO     | basepage:input_value:109 - 清除元素【('css selector', '.el-textarea__inner')】位于DOM树上第1个的文本内容
2023-05-07 16:50:00.962 | INFO     | basepage:input_value:111 - 执行输入操作，输入：3sTGC4n+iuR8TUigWY2skk56XbRbkCcuVA/d6/yQjnM=
2023-05-07 16:50:01.438 | INFO     | basepage:find_element_visibility:47 - 勾选条款：等待元素【('css selector', '.el-checkbox__inner')】可见,可显示且宽和高都大于0
2023-05-07 16:50:01.462 | INFO     | basepage:find_element_visibility:49 - 查找元素【('css selector', '.el-checkbox__inner')】在页面DOM树上的第1个
2023-05-07 16:50:01.471 | INFO     | basepage:click_element:89 - 点击元素：【('css selector', '.el-checkbox__inner')】在DOM树上的第1个
2023-05-07 16:50:02.521 | INFO     | basepage:find_element_visibility:47 - 提交注册表单：等待元素【('css selector', '.b-confirm > span')】可见,可显示且宽和高都大于0
2023-05-07 16:50:02.543 | INFO     | basepage:find_element_visibility:49 - 查找元素【('css selector', '.b-confirm > span')】在页面DOM树上的第1个
2023-05-07 16:50:02.552 | INFO     | basepage:click_element:89 - 点击元素：【('css selector', '.b-confirm > span')】在DOM树上的第1个
2023-05-07 16:50:12.217 | INFO     | basepage:find_element_visibility:47 - 获取主账号文本：等待元素【('css selector', '.user-name-font')】可见,可显示且宽和高都大于0
2023-05-07 16:50:12.237 | INFO     | basepage:find_element_visibility:49 - 查找元素【('css selector', '.user-name-font')】在页面DOM树上的第1个
2023-05-07 16:50:12.260 | INFO     | basepage:get_text:141 - 获取元素：【('css selector', '.user-name-font')】文本，位于DOM树上第 1 个，返回的文本信息为：ID: 1000007809
2023-05-07 16:50:12.263 | INFO     | gm_home_page_obj:get_account:37 - 获取登录/注册成功后页面上的主账号:1000007809
2023-05-07 16:50:12.264 | INFO     | test_cp_register_gm:test_register_gm:50 - 注册成功：ID: 1000007809
2023-05-07 16:50:12.265 | INFO     | handle_excel:sava_excel_data:188 - 写入d:\gitee_code\atfx_-ui_framework\data\testcases.xlsx文件 gm_kyc 表单 B 列2 行：99999
2023-05-07 16:50:12.299 | INFO     | handle_excel:sava_excel_data:188 - 写入d:\gitee_code\atfx_-ui_framework\data\testcases.xlsx文件 gm_kyc 表单 B 列2 行：1000007809
2023-05-07 16:50:12.335 | INFO     | handle_excel:sava_excel_data:188 - 写入d:\gitee_code\atfx_-ui_framework\data\testcases.xlsx文件 gm_kyc 表单 D 列2 行：Tl123456
2023-05-07 16:50:14.472 | INFO     | driver_settings:__new__:24 - 运行谷歌浏览器并添加初始化设置
2023-05-07 16:50:14.475 | INFO     | driver_settings:__new__:31 - Working on headless mode...
2023-05-07 16:50:15.721 | INFO     | test_cp_register_gm:test_register_gm:35 - 当前用例：GM注册CL
2023-05-07 16:50:15.723 | INFO     | basepage:open:29 - 访问：https://at-client-portal-sit.atfxdev.com/register
2023-05-07 16:50:20.067 | INFO     | gm_register_obj:is_limit_exist:28 - 判断页面弹窗是否出现
2023-05-07 16:50:20.069 | INFO     | basepage:find_element_presence:68 - 获取style属性：等待元素【('css selector', '.el-dialog__wrapper')】被加到了dom树里，并不代表该元素一定可见，如果定位到就返回元素
2023-05-07 16:50:20.089 | INFO     | basepage:find_element_presence:71 - 查找元素【('css selector', '.el-dialog__wrapper')】在页面DOM树上的第1个
2023-05-07 16:50:20.097 | INFO     | basepage:get_attribute:161 - 获取元素：【style】的属性，位于DOM树上第 1 个，返回的属性值为：z-index: 2001;
2023-05-07 16:50:20.099 | INFO     | basepage:find_element_visibility:47 - 点击页面使用限制弹窗：等待元素【('class name', 'blk-sure-btn')】可见,可显示且宽和高都大于0
2023-05-07 16:50:20.122 | INFO     | basepage:find_element_visibility:49 - 查找元素【('class name', 'blk-sure-btn')】在页面DOM树上的第1个
2023-05-07 16:50:20.131 | INFO     | basepage:click_element:89 - 点击元素：【('class name', 'blk-sure-btn')】在DOM树上的第1个
2023-05-07 16:50:20.186 | INFO     | gm_register_obj:is_limit_exist:31 - 去除页面用户使用限制弹窗
2023-05-07 16:50:20.189 | INFO     | basepage:find_element_visibility:47 - 点击语言下拉框：等待元素【('xpath', "//i[@class='el-icon-arrow-down el-icon--right']")】可见,可显示且宽和高都大于0
2023-05-07 16:50:20.221 | INFO     | basepage:find_element_visibility:49 - 查找元素【('xpath', "//i[@class='el-icon-arrow-down el-icon--right']")】在页面DOM树上的第1个
2023-05-07 16:50:20.231 | INFO     | basepage:click_element:89 - 点击元素：【('xpath', "//i[@class='el-icon-arrow-down el-icon--right']")】在DOM树上的第1个
2023-05-07 16:50:21.043 | INFO     | basepage:find_element_visibility:47 - 选择页面语言：等待元素【('xpath', "//li[contains(.,'简体中文')]")】可见,可显示且宽和高都大于0
2023-05-07 16:50:21.069 | INFO     | basepage:find_element_visibility:49 - 查找元素【('xpath', "//li[contains(.,'简体中文')]")】在页面DOM树上的第1个
2023-05-07 16:50:21.079 | INFO     | basepage:click_element:89 - 点击元素：【('xpath', "//li[contains(.,'简体中文')]")】在DOM树上的第1个
2023-05-07 16:50:22.211 | INFO     | gm_register_obj:chose_lang:40 - 选择简体中文语言注册
2023-05-07 16:50:22.214 | INFO     | basepage:find_element_visibility:47 - 点击居住国家下拉框：等待元素【('css selector', '.country-label .el-select__caret')】可见,可显示且宽和高都大于0
2023-05-07 16:50:22.236 | INFO     | basepage:find_element_visibility:49 - 查找元素【('css selector', '.country-label .el-select__caret')】在页面DOM树上的第1个
2023-05-07 16:50:22.246 | INFO     | basepage:click_element:89 - 点击元素：【('css selector', '.country-label .el-select__caret')】在DOM树上的第1个
2023-05-07 16:50:22.848 | INFO     | basepage:find_element_visibility:47 - 选择居住国家：等待元素【['xpath', "//span[.='南韩']"]】可见,可显示且宽和高都大于0
2023-05-07 16:50:22.872 | INFO     | basepage:find_element_visibility:49 - 查找元素【['xpath', "//span[.='南韩']"]】在页面DOM树上的第1个
2023-05-07 16:50:22.883 | INFO     | basepage:click_element:89 - 点击元素：【['xpath', "//span[.='南韩']"]】在DOM树上的第1个
2023-05-07 16:50:25.465 | INFO     | gm_register_obj:is_limit_exist:28 - 判断页面弹窗是否出现
2023-05-07 16:50:25.468 | INFO     | basepage:find_element_presence:68 - 获取style属性：等待元素【('css selector', '.el-dialog__wrapper')】被加到了dom树里，并不代表该元素一定可见，如果定位到就返回元素
2023-05-07 16:50:25.485 | INFO     | basepage:find_element_presence:71 - 查找元素【('css selector', '.el-dialog__wrapper')】在页面DOM树上的第1个
2023-05-07 16:50:25.492 | INFO     | basepage:get_attribute:161 - 获取元素：【style】的属性，位于DOM树上第 1 个，返回的属性值为：z-index: 2001; display: none;
2023-05-07 16:50:25.494 | INFO     | handle_excel:sava_excel_data:188 - 写入d:\gitee_code\atfx_-ui_framework\data\testcases.xlsx文件 gm_kyc 表单 E 列3 行：南韩
2023-05-07 16:50:25.528 | INFO     | basepage:find_element_visibility:47 - 输入姓名：等待元素【('xpath', "//div[@class='el-form-item__content']//input[@class='el-input__inner']")】可见,可显示且宽和高都大于0
2023-05-07 16:50:25.611 | INFO     | basepage:find_element_visibility:49 - 查找元素【('xpath', "//div[@class='el-form-item__content']//input[@class='el-input__inner']")】在页面DOM树上的第2个
2023-05-07 16:50:25.621 | INFO     | basepage:input_value:109 - 清除元素【('xpath', "//div[@class='el-form-item__content']//input[@class='el-input__inner']")】位于DOM树上第2个的文本内容
2023-05-07 16:50:25.654 | INFO     | basepage:input_value:111 - 执行输入操作，输入：test
2023-05-07 16:50:25.743 | INFO     | basepage:find_element_visibility:47 - 输入姓氏：等待元素【('xpath', "//div[@class='el-form-item__content']//input[@class='el-input__inner']")】可见,可显示且宽和高都大于0
2023-05-07 16:50:25.817 | INFO     | basepage:find_element_visibility:49 - 查找元素【('xpath', "//div[@class='el-form-item__content']//input[@class='el-input__inner']")】在页面DOM树上的第3个
2023-05-07 16:50:25.827 | INFO     | basepage:input_value:109 - 清除元素【('xpath', "//div[@class='el-form-item__content']//input[@class='el-input__inner']")】位于DOM树上第3个的文本内容
2023-05-07 16:50:25.848 | INFO     | basepage:input_value:111 - 执行输入操作，输入：tyler
2023-05-07 16:50:25.937 | INFO     | basepage:find_element_visibility:47 - 输入手机号：等待元素【('xpath', "//div[@class='el-form-item__content']//input[@class='el-input__inner']")】可见,可显示且宽和高都大于0
2023-05-07 16:50:26.010 | INFO     | basepage:find_element_visibility:49 - 查找元素【('xpath', "//div[@class='el-form-item__content']//input[@class='el-input__inner']")】在页面DOM树上的第5个
2023-05-07 16:50:26.020 | INFO     | basepage:input_value:109 - 清除元素【('xpath', "//div[@class='el-form-item__content']//input[@class='el-input__inner']")】位于DOM树上第5个的文本内容
2023-05-07 16:50:26.043 | INFO     | basepage:input_value:111 - 执行输入操作，输入：18696194961
2023-05-07 16:50:26.184 | INFO     | basepage:find_element_visibility:47 - 输入邮箱：等待元素【('xpath', "//div[@class='el-form-item__content']//input[@class='el-input__inner']")】可见,可显示且宽和高都大于0
2023-05-07 16:50:26.269 | INFO     | basepage:find_element_visibility:49 - 查找元素【('xpath', "//div[@class='el-form-item__content']//input[@class='el-input__inner']")】在页面DOM树上的第6个
2023-05-07 16:50:26.277 | INFO     | basepage:input_value:109 - 清除元素【('xpath', "//div[@class='el-form-item__content']//input[@class='el-input__inner']")】位于DOM树上第6个的文本内容
2023-05-07 16:50:26.299 | INFO     | basepage:input_value:111 - 执行输入操作，输入：1683448966883@qq.com
2023-05-07 16:50:26.531 | INFO     | basepage:find_element_visibility:47 - 输入密码：等待元素【('xpath', "//div[@class='el-form-item__content']//input[@class='el-input__inner']")】可见,可显示且宽和高都大于0
2023-05-07 16:50:26.607 | INFO     | basepage:find_element_visibility:49 - 查找元素【('xpath', "//div[@class='el-form-item__content']//input[@class='el-input__inner']")】在页面DOM树上的第7个
2023-05-07 16:50:26.617 | INFO     | basepage:input_value:109 - 清除元素【('xpath', "//div[@class='el-form-item__content']//input[@class='el-input__inner']")】位于DOM树上第7个的文本内容
2023-05-07 16:50:26.641 | INFO     | basepage:input_value:111 - 执行输入操作，输入：Tl123456
2023-05-07 16:50:27.755 | INFO     | basepage:find_element_presence:68 - 获取判断邮箱输入是否正确的class属性：等待元素【('xpath', "//div[@class='el-form-item__content']/..")】被加到了dom树里，并不代表该元素一定可见，如果定位到就返回元素
2023-05-07 16:50:27.777 | INFO     | basepage:find_element_presence:71 - 查找元素【('xpath', "//div[@class='el-form-item__content']/..")】在页面DOM树上的第6个
2023-05-07 16:50:27.785 | INFO     | basepage:get_attribute:161 - 获取元素：【class】的属性，位于DOM树上第 6 个，返回的属性值为：el-form-item is-success is-required
2023-05-07 16:50:28.234 | INFO     | basepage:save_pageshots:297 - 页面截图保存在：d:\gitee_code\atfx_-ui_framework\error_imgs\邮箱格式错误或已注册，填写1683448966883@qq.com邮箱注册失败_20230507.png
2023-05-07 16:50:28.237 | WARNING  | gm_register_obj:fill_register_form:78 - 邮箱格式错误或已注册，重新输入随机邮箱:1683449428237@qq.com
2023-05-07 16:50:28.239 | INFO     | basepage:find_element_visibility:47 - 重新输入随机邮箱：等待元素【('xpath', "//div[@class='el-form-item__content']//input[@class='el-input__inner']")】可见,可显示且宽和高都大于0
2023-05-07 16:50:28.316 | INFO     | basepage:find_element_visibility:49 - 查找元素【('xpath', "//div[@class='el-form-item__content']//input[@class='el-input__inner']")】在页面DOM树上的第6个
2023-05-07 16:50:28.324 | INFO     | basepage:input_value:109 - 清除元素【('xpath', "//div[@class='el-form-item__content']//input[@class='el-input__inner']")】位于DOM树上第6个的文本内容
2023-05-07 16:50:28.350 | INFO     | basepage:input_value:111 - 执行输入操作，输入：1683449428237@qq.com
2023-05-07 16:50:28.577 | INFO     | handle_excel:sava_excel_data:188 - 写入d:\gitee_code\atfx_-ui_framework\data\testcases.xlsx文件 gm_register 表单 7 列3 行：1683449428237@qq.com
2023-05-07 16:50:28.618 | INFO     | handle_excel:sava_excel_data:188 - 写入d:\gitee_code\atfx_-ui_framework\data\testcases.xlsx文件 gm_kyc 表单 3 列3 行：1683449428237@qq.com
2023-05-07 16:50:28.652 | INFO     | gm_register_obj:fill_register_form:82 - 数据共享，将更新后的邮箱作为下一个流程的测试数据：1683449428237@qq.com
2023-05-07 16:50:28.655 | INFO     | basepage:find_element_visibility:47 - 输入验证码：等待元素【('xpath', "//div[@class='el-form-item__content']//input[@class='el-input__inner']")】可见,可显示且宽和高都大于0
2023-05-07 16:50:28.730 | INFO     | basepage:find_element_visibility:49 - 查找元素【('xpath', "//div[@class='el-form-item__content']//input[@class='el-input__inner']")】在页面DOM树上的第8个
2023-05-07 16:50:28.739 | INFO     | basepage:input_value:109 - 清除元素【('xpath', "//div[@class='el-form-item__content']//input[@class='el-input__inner']")】位于DOM树上第8个的文本内容
2023-05-07 16:50:28.762 | INFO     | basepage:input_value:111 - 执行输入操作，输入：GVLS
2023-05-07 16:50:28.838 | INFO     | basepage:find_element_visibility:47 - 勾选条款：等待元素【('css selector', '.el-checkbox__inner')】可见,可显示且宽和高都大于0
2023-05-07 16:50:28.862 | INFO     | basepage:find_element_visibility:49 - 查找元素【('css selector', '.el-checkbox__inner')】在页面DOM树上的第1个
2023-05-07 16:50:28.870 | INFO     | basepage:click_element:89 - 点击元素：【('css selector', '.el-checkbox__inner')】在DOM树上的第1个
2023-05-07 16:50:29.929 | INFO     | basepage:find_element_visibility:47 - 提交注册表单：等待元素【('css selector', '.b-confirm > span')】可见,可显示且宽和高都大于0
2023-05-07 16:50:29.952 | INFO     | basepage:find_element_visibility:49 - 查找元素【('css selector', '.b-confirm > span')】在页面DOM树上的第1个
2023-05-07 16:50:29.961 | INFO     | basepage:click_element:89 - 点击元素：【('css selector', '.b-confirm > span')】在DOM树上的第1个
2023-05-07 16:50:34.165 | INFO     | basepage:find_element_visibility:47 - 获取主账号文本：等待元素【('css selector', '.user-name-font')】可见,可显示且宽和高都大于0
2023-05-07 16:50:34.184 | INFO     | basepage:find_element_visibility:49 - 查找元素【('css selector', '.user-name-font')】在页面DOM树上的第1个
2023-05-07 16:50:34.203 | INFO     | basepage:get_text:141 - 获取元素：【('css selector', '.user-name-font')】文本，位于DOM树上第 1 个，返回的文本信息为：ID: 1200013170
2023-05-07 16:50:34.205 | INFO     | gm_home_page_obj:get_account:37 - 获取登录/注册成功后页面上的主账号:1200013170
2023-05-07 16:50:34.207 | INFO     | test_cp_register_gm:test_register_gm:50 - 注册成功：ID: 1200013170
2023-05-07 16:50:34.209 | INFO     | handle_excel:sava_excel_data:188 - 写入d:\gitee_code\atfx_-ui_framework\data\testcases.xlsx文件 gm_kyc 表单 B 列3 行：99999
2023-05-07 16:50:34.245 | INFO     | handle_excel:sava_excel_data:188 - 写入d:\gitee_code\atfx_-ui_framework\data\testcases.xlsx文件 gm_kyc 表单 B 列3 行：1200013170
2023-05-07 16:50:34.281 | INFO     | handle_excel:sava_excel_data:188 - 写入d:\gitee_code\atfx_-ui_framework\data\testcases.xlsx文件 gm_kyc 表单 D 列3 行：Tl123456
2023-05-07 16:50:36.419 | INFO     | driver_settings:__new__:24 - 运行谷歌浏览器并添加初始化设置
2023-05-07 16:50:36.421 | INFO     | driver_settings:__new__:31 - Working on headless mode...
2023-05-07 16:50:37.934 | INFO     | test_cp_kyc_gm:test_gm_kyc:50 - 执行用例：IB账号KYC;kyc账号：1000007809;,邮箱：1683449400358@qq.com
2023-05-07 16:50:37.936 | INFO     | basepage:open:29 - 访问：https://at-client-portal-sit.atfxdev.com/login
2023-05-07 16:50:40.245 | INFO     | basepage:switch_windows:266 - 切换到窗口列表的第0个:切换到CP窗口
2023-05-07 16:50:42.260 | INFO     | gm_login_obj:exist_topup:14 - 判断页面弹窗是否出现
2023-05-07 16:50:42.263 | INFO     | basepage:find_element_presence:68 - 获取style属性：等待元素【('css selector', '.el-dialog__wrapper')】被加到了dom树里，并不代表该元素一定可见，如果定位到就返回元素
2023-05-07 16:50:42.282 | INFO     | basepage:find_element_presence:71 - 查找元素【('css selector', '.el-dialog__wrapper')】在页面DOM树上的第1个
2023-05-07 16:50:42.291 | INFO     | basepage:get_attribute:161 - 获取元素：【style】的属性，位于DOM树上第 1 个，返回的属性值为：z-index: 2001;
2023-05-07 16:50:42.293 | INFO     | basepage:find_element_visibility:47 - 点击页面使用限制弹窗：等待元素【('class name', 'blk-sure-btn')】可见,可显示且宽和高都大于0
2023-05-07 16:50:42.316 | INFO     | basepage:find_element_visibility:49 - 查找元素【('class name', 'blk-sure-btn')】在页面DOM树上的第1个
2023-05-07 16:50:42.326 | INFO     | basepage:click_element:89 - 点击元素：【('class name', 'blk-sure-btn')】在DOM树上的第1个
2023-05-07 16:50:42.368 | INFO     | gm_login_obj:exist_topup:18 - 去除页面用户使用限制弹窗
2023-05-07 16:50:42.371 | INFO     | basepage:find_element_visibility:47 - 点击语言下拉框：等待元素【('xpath', "//i[@class='el-icon-arrow-down el-icon--right']")】可见,可显示且宽和高都大于0
2023-05-07 16:50:42.397 | INFO     | basepage:find_element_visibility:49 - 查找元素【('xpath', "//i[@class='el-icon-arrow-down el-icon--right']")】在页面DOM树上的第1个
2023-05-07 16:50:42.407 | INFO     | basepage:click_element:89 - 点击元素：【('xpath', "//i[@class='el-icon-arrow-down el-icon--right']")】在DOM树上的第1个
2023-05-07 16:50:43.219 | INFO     | basepage:find_element_visibility:47 - 选择页面语言：等待元素【('xpath', "//li[contains(.,'简体中文')]")】可见,可显示且宽和高都大于0
2023-05-07 16:50:43.242 | INFO     | basepage:find_element_visibility:49 - 查找元素【('xpath', "//li[contains(.,'简体中文')]")】在页面DOM树上的第1个
2023-05-07 16:50:43.252 | INFO     | basepage:click_element:89 - 点击元素：【('xpath', "//li[contains(.,'简体中文')]")】在DOM树上的第1个
2023-05-07 16:50:44.336 | INFO     | gm_login_obj:chose_lang:27 - 选择简体中文语言登录
2023-05-07 16:50:44.338 | INFO     | basepage:find_element_visibility:47 - 输入邮箱：等待元素【('css selector', '.el-input__inner')】可见,可显示且宽和高都大于0
2023-05-07 16:50:44.385 | INFO     | basepage:find_element_visibility:49 - 查找元素【('css selector', '.el-input__inner')】在页面DOM树上的第2个
2023-05-07 16:50:44.394 | INFO     | basepage:input_value:109 - 清除元素【('css selector', '.el-input__inner')】位于DOM树上第2个的文本内容
2023-05-07 16:50:44.424 | INFO     | basepage:input_value:111 - 执行输入操作，输入：1683449400358@qq.com
2023-05-07 16:50:44.538 | INFO     | basepage:find_element_visibility:47 - 输入密码：等待元素【('css selector', '.el-input__inner')】可见,可显示且宽和高都大于0
2023-05-07 16:50:44.578 | INFO     | basepage:find_element_visibility:49 - 查找元素【('css selector', '.el-input__inner')】在页面DOM树上的第4个
2023-05-07 16:50:44.586 | INFO     | basepage:input_value:109 - 清除元素【('css selector', '.el-input__inner')】位于DOM树上第4个的文本内容
2023-05-07 16:50:44.613 | INFO     | basepage:input_value:111 - 执行输入操作，输入：Tl123456
2023-05-07 16:50:45.178 | INFO     | basepage:find_element_visibility:47 - 点击登录：等待元素【('css selector', '.login-btn > span')】可见,可显示且宽和高都大于0
2023-05-07 16:50:45.201 | INFO     | basepage:find_element_visibility:49 - 查找元素【('css selector', '.login-btn > span')】在页面DOM树上的第1个
2023-05-07 16:50:45.211 | INFO     | basepage:click_element:89 - 点击元素：【('css selector', '.login-btn > span')】在DOM树上的第1个
2023-05-07 16:50:50.356 | INFO     | basepage:switch_windows:266 - 切换到窗口列表的第0个:切换到CP首页
2023-05-07 16:50:54.949 | INFO     | basepage:find_element_visibility:47 - 勾选代理申请返佣表格协议：等待元素【('css selector', '.ps-agree-bot .el-checkbox__inner')】可见,可显示且宽和高都大于0
2023-05-07 16:50:54.967 | INFO     | basepage:find_element_visibility:49 - 查找元素【('css selector', '.ps-agree-bot .el-checkbox__inner')】在页面DOM树上的第1个
2023-05-07 16:50:54.975 | INFO     | basepage:click_element:89 - 点击元素：【('css selector', '.ps-agree-bot .el-checkbox__inner')】在DOM树上的第1个
2023-05-07 16:50:55.012 | INFO     | basepage:find_element_visibility:47 - 点击代理申请返佣表格确认按钮：等待元素【('css selector', '.agree-btn')】可见,可显示且宽和高都大于0
2023-05-07 16:50:55.033 | INFO     | basepage:find_element_visibility:49 - 查找元素【('css selector', '.agree-btn')】在页面DOM树上的第1个
2023-05-07 16:50:55.041 | INFO     | basepage:click_element:89 - 点击元素：【('css selector', '.agree-btn')】在DOM树上的第1个
2023-05-07 16:50:55.080 | INFO     | gm_home_page_obj:discern_email_code:50 - 中国地区账号KYC
2023-05-07 16:50:55.082 | INFO     | gm_kyc_page_obj:kyc_actions:23 - 中国地区KYC操作
2023-05-07 16:50:55.083 | INFO     | gm_kyc_page_obj:china_kyc:66 - 中国KYC第一步验证:上传身份证
2023-05-07 16:50:57.099 | INFO     | basepage:find_element_presence:68 - 更改上传身份证正面图片元素属性：等待元素【('xpath', "//p[@class='img-text img-text-required']/../../../../div[2]")】被加到了dom树里，并不代表该元素一定可见，如果定位到就返回元素
2023-05-07 16:50:57.116 | INFO     | basepage:find_element_presence:71 - 查找元素【('xpath', "//p[@class='img-text img-text-required']/../../../../div[2]")】在页面DOM树上的第1个
2023-05-07 16:50:57.118 | INFO     | basepage:js_change_attr:351 - 更改页面 style属性 的值为 display:\block
2023-05-07 16:50:58.127 | INFO     | basepage:find_element_presence:68 - 更改上传身份证反面图片元素属性：等待元素【('xpath', "//p[@class='img-text img-text-required']/../../../../div[2]")】被加到了dom树里，并不代表该元素一定可见，如果定位到就返回元素
2023-05-07 16:50:58.145 | INFO     | basepage:find_element_presence:71 - 查找元素【('xpath', "//p[@class='img-text img-text-required']/../../../../div[2]")】在页面DOM树上的第2个
2023-05-07 16:50:58.147 | INFO     | basepage:js_change_attr:351 - 更改页面 style属性 的值为 display:\block
2023-05-07 16:50:59.168 | INFO     | basepage:find_element_presence:68 - 获取上传图片元素的style属性：等待元素【('css selector', '.remove-image')】被加到了dom树里，并不代表该元素一定可见，如果定位到就返回元素
2023-05-07 16:50:59.190 | INFO     | basepage:find_element_presence:71 - 查找元素【('css selector', '.remove-image')】在页面DOM树上的第1个
2023-05-07 16:50:59.198 | INFO     | basepage:get_attribute:161 - 获取元素：【style】的属性，位于DOM树上第 1 个，返回的属性值为：display: none;
2023-05-07 16:50:59.201 | INFO     | basepage:find_element_presence:68 - 上传身份证正面：等待元素【('css selector', '.el-upload__input')】被加到了dom树里，并不代表该元素一定可见，如果定位到就返回元素
2023-05-07 16:50:59.222 | INFO     | basepage:find_element_presence:71 - 查找元素【('css selector', '.el-upload__input')】在页面DOM树上的第1个
2023-05-07 16:50:59.244 | INFO     | basepage:input_imgs:123 - 上传图片：d:\gitee_code\atfx_-ui_framework\imgs\front.jpg
2023-05-07 16:51:01.251 | INFO     | basepage:find_element_presence:68 - 获取上传图片元素的style属性：等待元素【('css selector', '.remove-image')】被加到了dom树里，并不代表该元素一定可见，如果定位到就返回元素
2023-05-07 16:51:01.268 | INFO     | basepage:find_element_presence:71 - 查找元素【('css selector', '.remove-image')】在页面DOM树上的第1个
2023-05-07 16:51:01.274 | INFO     | basepage:get_attribute:161 - 获取元素：【style】的属性，位于DOM树上第 1 个，返回的属性值为：
2023-05-07 16:51:01.276 | INFO     | basepage:find_element_presence:68 - 获取上传图片元素的style属性：等待元素【('css selector', '.remove-image')】被加到了dom树里，并不代表该元素一定可见，如果定位到就返回元素
2023-05-07 16:51:01.289 | INFO     | basepage:find_element_presence:71 - 查找元素【('css selector', '.remove-image')】在页面DOM树上的第2个
2023-05-07 16:51:01.298 | INFO     | basepage:get_attribute:161 - 获取元素：【style】的属性，位于DOM树上第 2 个，返回的属性值为：display: none;
2023-05-07 16:51:01.300 | INFO     | basepage:find_element_presence:68 - 上传身份证反面：等待元素【('css selector', '.el-upload__input')】被加到了dom树里，并不代表该元素一定可见，如果定位到就返回元素
2023-05-07 16:51:01.314 | INFO     | basepage:find_element_presence:71 - 查找元素【('css selector', '.el-upload__input')】在页面DOM树上的第2个
2023-05-07 16:51:01.332 | INFO     | basepage:input_imgs:123 - 上传图片：d:\gitee_code\atfx_-ui_framework\imgs\behind.jpg
2023-05-07 16:51:03.340 | INFO     | basepage:find_element_presence:68 - 获取上传图片元素的style属性：等待元素【('css selector', '.remove-image')】被加到了dom树里，并不代表该元素一定可见，如果定位到就返回元素
2023-05-07 16:51:03.356 | INFO     | basepage:find_element_presence:71 - 查找元素【('css selector', '.remove-image')】在页面DOM树上的第2个
2023-05-07 16:51:03.364 | INFO     | basepage:get_attribute:161 - 获取元素：【style】的属性，位于DOM树上第 2 个，返回的属性值为：
2023-05-07 16:51:05.372 | INFO     | basepage:find_element_visibility:47 - 点击提交，下一步：等待元素【('css selector', '.submit-btn > span')】可见,可显示且宽和高都大于0
2023-05-07 16:51:05.398 | INFO     | basepage:find_element_visibility:49 - 查找元素【('css selector', '.submit-btn > span')】在页面DOM树上的第1个
2023-05-07 16:51:05.407 | INFO     | basepage:click_element:89 - 点击元素：【('css selector', '.submit-btn > span')】在DOM树上的第1个
2023-05-07 16:51:05.449 | INFO     | gm_kyc_page_obj:china_kyc:90 - 中国KYC第二步验证：上传银行卡
2023-05-07 16:51:11.180 | INFO     | basepage:find_element_presence:68 - 更改上传银行卡元素属性：等待元素【('xpath', "//p[@class='img-text img-text-required']/../../../../div[2]")】被加到了dom树里，并不代表该元素一定可见，如果定位到就返回元素
2023-05-07 16:51:11.196 | INFO     | basepage:find_element_presence:71 - 查找元素【('xpath', "//p[@class='img-text img-text-required']/../../../../div[2]")】在页面DOM树上的第1个
2023-05-07 16:51:11.198 | INFO     | basepage:js_change_attr:351 - 更改页面 style属性 的值为 display:\block
2023-05-07 16:51:12.207 | INFO     | basepage:find_element_presence:68 - 获取上传图片元素的style属性：等待元素【('css selector', '.remove-image')】被加到了dom树里，并不代表该元素一定可见，如果定位到就返回元素
2023-05-07 16:51:12.222 | INFO     | basepage:find_element_presence:71 - 查找元素【('css selector', '.remove-image')】在页面DOM树上的第1个
2023-05-07 16:51:12.230 | INFO     | basepage:get_attribute:161 - 获取元素：【style】的属性，位于DOM树上第 1 个，返回的属性值为：display: none;
2023-05-07 16:51:12.232 | INFO     | basepage:find_element_presence:68 - 上传银行卡：等待元素【('css selector', '.el-upload__input')】被加到了dom树里，并不代表该元素一定可见，如果定位到就返回元素
2023-05-07 16:51:12.247 | INFO     | basepage:find_element_presence:71 - 查找元素【('css selector', '.el-upload__input')】在页面DOM树上的第1个
2023-05-07 16:51:12.273 | INFO     | basepage:input_imgs:123 - 上传图片：d:\gitee_code\atfx_-ui_framework\imgs\bear.png
2023-05-07 16:51:14.288 | INFO     | basepage:find_element_presence:68 - 获取上传图片元素的style属性：等待元素【('css selector', '.remove-image')】被加到了dom树里，并不代表该元素一定可见，如果定位到就返回元素
2023-05-07 16:51:14.305 | INFO     | basepage:find_element_presence:71 - 查找元素【('css selector', '.remove-image')】在页面DOM树上的第1个
2023-05-07 16:51:14.313 | INFO     | basepage:get_attribute:161 - 获取元素：【style】的属性，位于DOM树上第 1 个，返回的属性值为：
2023-05-07 16:51:14.315 | INFO     | basepage:find_element_visibility:47 - 输入银行卡号码：等待元素【('xpath', "//label[@for='bankCardNo']/../div/div/input")】可见,可显示且宽和高都大于0
2023-05-07 16:51:14.337 | INFO     | basepage:find_element_visibility:49 - 查找元素【('xpath', "//label[@for='bankCardNo']/../div/div/input")】在页面DOM树上的第1个
2023-05-07 16:51:14.346 | INFO     | basepage:input_value:109 - 清除元素【('xpath', "//label[@for='bankCardNo']/../div/div/input")】位于DOM树上第1个的文本内容
2023-05-07 16:51:14.373 | INFO     | basepage:input_value:111 - 执行输入操作，输入：1683449474315
2023-05-07 16:51:14.464 | INFO     | basepage:find_element_visibility:47 - 输入银行名称：等待元素【('xpath', "//label[@for='bank']/../div/div/input")】可见,可显示且宽和高都大于0
2023-05-07 16:51:14.488 | INFO     | basepage:find_element_visibility:49 - 查找元素【('xpath', "//label[@for='bank']/../div/div/input")】在页面DOM树上的第1个
2023-05-07 16:51:14.498 | INFO     | basepage:input_value:109 - 清除元素【('xpath', "//label[@for='bank']/../div/div/input")】位于DOM树上第1个的文本内容
2023-05-07 16:51:14.523 | INFO     | basepage:input_value:111 - 执行输入操作，输入：TestBankName
2023-05-07 16:51:14.607 | INFO     | basepage:find_element_visibility:47 - 输入分行名称：等待元素【('xpath', "//label[@for='branchName']/../div/div/input")】可见,可显示且宽和高都大于0
2023-05-07 16:51:14.627 | INFO     | basepage:find_element_visibility:49 - 查找元素【('xpath', "//label[@for='branchName']/../div/div/input")】在页面DOM树上的第1个
2023-05-07 16:51:14.637 | INFO     | basepage:input_value:109 - 清除元素【('xpath', "//label[@for='branchName']/../div/div/input")】位于DOM树上第1个的文本内容
2023-05-07 16:51:14.662 | INFO     | basepage:input_value:111 - 执行输入操作，输入：branchName
2023-05-07 16:51:14.735 | INFO     | basepage:find_element_visibility:47 - 输入分行省份：等待元素【('xpath', "//label[@for='branchProvince']/../div/div/input")】可见,可显示且宽和高都大于0
2023-05-07 16:51:14.756 | INFO     | basepage:find_element_visibility:49 - 查找元素【('xpath', "//label[@for='branchProvince']/../div/div/input")】在页面DOM树上的第1个
2023-05-07 16:51:14.765 | INFO     | basepage:input_value:109 - 清除元素【('xpath', "//label[@for='branchProvince']/../div/div/input")】位于DOM树上第1个的文本内容
2023-05-07 16:51:14.786 | INFO     | basepage:input_value:111 - 执行输入操作，输入：山西省
2023-05-07 16:51:14.832 | INFO     | basepage:find_element_visibility:47 - 输入分行城市：等待元素【('xpath', "//label[@for='branchCity']/../div/div/input")】可见,可显示且宽和高都大于0
2023-05-07 16:51:14.853 | INFO     | basepage:find_element_visibility:49 - 查找元素【('xpath', "//label[@for='branchCity']/../div/div/input")】在页面DOM树上的第1个
2023-05-07 16:51:14.861 | INFO     | basepage:input_value:109 - 清除元素【('xpath', "//label[@for='branchCity']/../div/div/input")】位于DOM树上第1个的文本内容
2023-05-07 16:51:14.885 | INFO     | basepage:input_value:111 - 执行输入操作，输入：天津
2023-05-07 16:51:14.926 | INFO     | basepage:find_element_visibility:47 - 勾选协议：等待元素【('css selector', '.agree-checkbox .el-checkbox__inner')】可见,可显示且宽和高都大于0
2023-05-07 16:51:14.954 | INFO     | basepage:find_element_visibility:49 - 查找元素【('css selector', '.agree-checkbox .el-checkbox__inner')】在页面DOM树上的第1个
2023-05-07 16:51:14.963 | INFO     | basepage:click_element:89 - 点击元素：【('css selector', '.agree-checkbox .el-checkbox__inner')】在DOM树上的第1个
2023-05-07 16:51:16.002 | INFO     | basepage:find_element_visibility:47 - 点击提交，下一步：等待元素【('css selector', '.submit-btn > span')】可见,可显示且宽和高都大于0
2023-05-07 16:51:16.021 | INFO     | basepage:find_element_visibility:49 - 查找元素【('css selector', '.submit-btn > span')】在页面DOM树上的第1个
2023-05-07 16:51:16.030 | INFO     | basepage:click_element:89 - 点击元素：【('css selector', '.submit-btn > span')】在DOM树上的第1个
2023-05-07 16:51:16.069 | INFO     | gm_kyc_page_obj:china_kyc:113 - 中国kyc第三步，上传地址证明
2023-05-07 16:51:21.602 | INFO     | basepage:find_element_visibility:47 - 点击上传地址认证：等待元素【('css selector', '.el-col-16 div > .btns')】可见,可显示且宽和高都大于0
2023-05-07 16:51:21.632 | INFO     | basepage:find_element_visibility:49 - 查找元素【('css selector', '.el-col-16 div > .btns')】在页面DOM树上的第1个
2023-05-07 16:51:21.638 | INFO     | basepage:click_element:89 - 点击元素：【('css selector', '.el-col-16 div > .btns')】在DOM树上的第1个
2023-05-07 16:51:22.685 | INFO     | basepage:find_element_presence:68 - 更改上传地址证明元素属性：等待元素【('xpath', "//div[@class='el-upload el-upload--text']/..")】被加到了dom树里，并不代表该元素一定可见，如果定位到就返回元素
2023-05-07 16:51:22.706 | INFO     | basepage:find_element_presence:71 - 查找元素【('xpath', "//div[@class='el-upload el-upload--text']/..")】在页面DOM树上的第1个
2023-05-07 16:51:22.709 | INFO     | basepage:js_change_attr:351 - 更改页面 style属性 的值为 display:\block
2023-05-07 16:51:22.717 | INFO     | basepage:find_element_presence:68 - 获取上传图片元素的style属性：等待元素【('css selector', '.remove-image')】被加到了dom树里，并不代表该元素一定可见，如果定位到就返回元素
2023-05-07 16:51:22.729 | INFO     | basepage:find_element_presence:71 - 查找元素【('css selector', '.remove-image')】在页面DOM树上的第1个
2023-05-07 16:51:22.738 | INFO     | basepage:get_attribute:161 - 获取元素：【style】的属性，位于DOM树上第 1 个，返回的属性值为：display: none;
2023-05-07 16:51:22.740 | INFO     | basepage:find_element_presence:68 - 上传地址证明：等待元素【('css selector', '.el-upload__input')】被加到了dom树里，并不代表该元素一定可见，如果定位到就返回元素
2023-05-07 16:51:22.755 | INFO     | basepage:find_element_presence:71 - 查找元素【('css selector', '.el-upload__input')】在页面DOM树上的第1个
2023-05-07 16:51:22.771 | INFO     | basepage:input_imgs:123 - 上传图片：d:\gitee_code\atfx_-ui_framework\imgs\bear.png
2023-05-07 16:51:24.782 | INFO     | basepage:find_element_presence:68 - 获取上传图片元素的style属性：等待元素【('css selector', '.remove-image')】被加到了dom树里，并不代表该元素一定可见，如果定位到就返回元素
2023-05-07 16:51:24.798 | INFO     | basepage:find_element_presence:71 - 查找元素【('css selector', '.remove-image')】在页面DOM树上的第1个
2023-05-07 16:51:24.807 | INFO     | basepage:get_attribute:161 - 获取元素：【style】的属性，位于DOM树上第 1 个，返回的属性值为：
2023-05-07 16:51:29.838 | INFO     | basepage:find_element_visibility:47 - 点击提交：等待元素【('css selector', '.submit-btn > span')】可见,可显示且宽和高都大于0
2023-05-07 16:51:29.857 | INFO     | basepage:find_element_visibility:49 - 查找元素【('css selector', '.submit-btn > span')】在页面DOM树上的第1个
2023-05-07 16:51:29.865 | INFO     | basepage:click_element:89 - 点击元素：【('css selector', '.submit-btn > span')】在DOM树上的第1个
2023-05-07 16:51:32.477 | INFO     | basepage:find_element_visibility:47 - 获取Kyc成功后的文本：等待元素【('xpath', "//h2[@class='title']")】可见,可显示且宽和高都大于0
2023-05-07 16:51:32.499 | INFO     | basepage:find_element_visibility:49 - 查找元素【('xpath', "//h2[@class='title']")】在页面DOM树上的第1个
2023-05-07 16:51:32.521 | INFO     | basepage:get_text:141 - 获取元素：【('xpath', "//h2[@class='title']")】文本，位于DOM树上第 1 个，返回的文本信息为：成功提交个人验证资料！
2023-05-07 16:51:35.133 | INFO     | basepage:find_element_visibility:47 - 勾选公司申明弹窗协议：等待元素【('css selector', '.el-checkbox__inner')】可见,可显示且宽和高都大于0
2023-05-07 16:51:35.157 | INFO     | basepage:find_element_visibility:49 - 查找元素【('css selector', '.el-checkbox__inner')】在页面DOM树上的第1个
2023-05-07 16:51:35.165 | INFO     | basepage:click_element:89 - 点击元素：【('css selector', '.el-checkbox__inner')】在DOM树上的第1个
2023-05-07 16:51:35.215 | INFO     | basepage:find_element_visibility:47 - 点击公司申明确定按钮：等待元素【('css selector', '.confirm-btn > span')】可见,可显示且宽和高都大于0
2023-05-07 16:51:35.238 | INFO     | basepage:find_element_visibility:49 - 查找元素【('css selector', '.confirm-btn > span')】在页面DOM树上的第1个
2023-05-07 16:51:35.247 | INFO     | basepage:click_element:89 - 点击元素：【('css selector', '.confirm-btn > span')】在DOM树上的第1个
2023-05-07 16:51:36.299 | INFO     | basepage:find_element_visibility:47 - 点击资料审核中弹窗确认按钮：等待元素【('css selector', '.el-button--primary > span')】可见,可显示且宽和高都大于0
2023-05-07 16:51:36.320 | INFO     | basepage:find_element_visibility:49 - 查找元素【('css selector', '.el-button--primary > span')】在页面DOM树上的第1个
2023-05-07 16:51:36.328 | INFO     | basepage:click_element:89 - 点击元素：【('css selector', '.el-button--primary > span')】在DOM树上的第1个
2023-05-07 16:51:38.473 | INFO     | driver_settings:__new__:24 - 运行谷歌浏览器并添加初始化设置
2023-05-07 16:51:38.476 | INFO     | driver_settings:__new__:31 - Working on headless mode...
2023-05-07 16:51:39.646 | INFO     | test_cp_kyc_gm:test_gm_kyc:50 - 执行用例：None;kyc账号：1200013170;,邮箱：1683449428237@qq.com
2023-05-07 16:51:39.648 | INFO     | basepage:open:29 - 访问：https://at-client-portal-sit.atfxdev.com/login
2023-05-07 16:51:41.993 | INFO     | basepage:switch_windows:266 - 切换到窗口列表的第0个:切换到CP窗口
2023-05-07 16:51:44.005 | INFO     | gm_login_obj:exist_topup:14 - 判断页面弹窗是否出现
2023-05-07 16:51:44.007 | INFO     | basepage:find_element_presence:68 - 获取style属性：等待元素【('css selector', '.el-dialog__wrapper')】被加到了dom树里，并不代表该元素一定可见，如果定位到就返回元素
2023-05-07 16:51:44.025 | INFO     | basepage:find_element_presence:71 - 查找元素【('css selector', '.el-dialog__wrapper')】在页面DOM树上的第1个
2023-05-07 16:51:44.034 | INFO     | basepage:get_attribute:161 - 获取元素：【style】的属性，位于DOM树上第 1 个，返回的属性值为：z-index: 2001;
2023-05-07 16:51:44.036 | INFO     | basepage:find_element_visibility:47 - 点击页面使用限制弹窗：等待元素【('class name', 'blk-sure-btn')】可见,可显示且宽和高都大于0
2023-05-07 16:51:44.056 | INFO     | basepage:find_element_visibility:49 - 查找元素【('class name', 'blk-sure-btn')】在页面DOM树上的第1个
2023-05-07 16:51:44.064 | INFO     | basepage:click_element:89 - 点击元素：【('class name', 'blk-sure-btn')】在DOM树上的第1个
2023-05-07 16:51:44.103 | INFO     | gm_login_obj:exist_topup:18 - 去除页面用户使用限制弹窗
2023-05-07 16:51:44.105 | INFO     | basepage:find_element_visibility:47 - 点击语言下拉框：等待元素【('xpath', "//i[@class='el-icon-arrow-down el-icon--right']")】可见,可显示且宽和高都大于0
2023-05-07 16:51:44.129 | INFO     | basepage:find_element_visibility:49 - 查找元素【('xpath', "//i[@class='el-icon-arrow-down el-icon--right']")】在页面DOM树上的第1个
2023-05-07 16:51:44.138 | INFO     | basepage:click_element:89 - 点击元素：【('xpath', "//i[@class='el-icon-arrow-down el-icon--right']")】在DOM树上的第1个
2023-05-07 16:51:44.954 | INFO     | basepage:find_element_visibility:47 - 选择页面语言：等待元素【('xpath', "//li[contains(.,'简体中文')]")】可见,可显示且宽和高都大于0
2023-05-07 16:51:44.977 | INFO     | basepage:find_element_visibility:49 - 查找元素【('xpath', "//li[contains(.,'简体中文')]")】在页面DOM树上的第1个
2023-05-07 16:51:44.987 | INFO     | basepage:click_element:89 - 点击元素：【('xpath', "//li[contains(.,'简体中文')]")】在DOM树上的第1个
2023-05-07 16:51:46.072 | INFO     | gm_login_obj:chose_lang:27 - 选择简体中文语言登录
2023-05-07 16:51:46.074 | INFO     | basepage:find_element_visibility:47 - 输入邮箱：等待元素【('css selector', '.el-input__inner')】可见,可显示且宽和高都大于0
2023-05-07 16:51:46.123 | INFO     | basepage:find_element_visibility:49 - 查找元素【('css selector', '.el-input__inner')】在页面DOM树上的第2个
2023-05-07 16:51:46.132 | INFO     | basepage:input_value:109 - 清除元素【('css selector', '.el-input__inner')】位于DOM树上第2个的文本内容
2023-05-07 16:51:46.164 | INFO     | basepage:input_value:111 - 执行输入操作，输入：1683449428237@qq.com
2023-05-07 16:51:46.274 | INFO     | basepage:find_element_visibility:47 - 输入密码：等待元素【('css selector', '.el-input__inner')】可见,可显示且宽和高都大于0
2023-05-07 16:51:46.316 | INFO     | basepage:find_element_visibility:49 - 查找元素【('css selector', '.el-input__inner')】在页面DOM树上的第4个
2023-05-07 16:51:46.325 | INFO     | basepage:input_value:109 - 清除元素【('css selector', '.el-input__inner')】位于DOM树上第4个的文本内容
2023-05-07 16:51:46.345 | INFO     | basepage:input_value:111 - 执行输入操作，输入：Tl123456
2023-05-07 16:51:46.915 | INFO     | basepage:find_element_visibility:47 - 点击登录：等待元素【('css selector', '.login-btn > span')】可见,可显示且宽和高都大于0
2023-05-07 16:51:46.936 | INFO     | basepage:find_element_visibility:49 - 查找元素【('css selector', '.login-btn > span')】在页面DOM树上的第1个
2023-05-07 16:51:46.945 | INFO     | basepage:click_element:89 - 点击元素：【('css selector', '.login-btn > span')】在DOM树上的第1个
2023-05-07 16:51:51.553 | INFO     | basepage:switch_windows:266 - 切换到窗口列表的第0个:切换到CP首页
2023-05-07 16:51:58.707 | INFO     | basepage:find_element_visibility:47 - 点击联系方式弹窗的确认按钮：等待元素【('xpath', "//div[@class='el-dialog__wrapper']/div[@aria-label='验证您的联系方式']//button[2]")】可见,可显示且宽和高都大于0
2023-05-07 16:51:58.733 | INFO     | basepage:find_element_visibility:49 - 查找元素【('xpath', "//div[@class='el-dialog__wrapper']/div[@aria-label='验证您的联系方式']//button[2]")】在页面DOM树上的第1个
2023-05-07 16:51:58.744 | INFO     | basepage:click_element:89 - 点击元素：【('xpath', "//div[@class='el-dialog__wrapper']/div[@aria-label='验证您的联系方式']//button[2]")】在DOM树上的第1个
2023-05-07 16:52:00.313 | INFO     | basepage:find_element_visibility:47 - 截取验证码图片：等待元素【('css selector', "[width='150']")】可见,可显示且宽和高都大于0
2023-05-07 16:52:00.337 | INFO     | basepage:find_element_visibility:49 - 查找元素【('css selector', "[width='150']")】在页面DOM树上的第1个
2023-05-07 16:52:00.348 | INFO     | basepage:elementImage:311 - 根据元素定位：【('css selector', "[width='150']")】定点截图
2023-05-07 16:52:01.256 | INFO     | handle_tools:Base64_api:89 - 验证码识别成功：xhlz
2023-05-07 16:52:01.259 | INFO     | handle_tools:function_timer:26 - 函数 Base64_api 运行 0.35 seconds
2023-05-07 16:52:01.261 | INFO     | basepage:find_element_visibility:47 - 填写识别的验证码：等待元素【('css selector', ".is-required [placeholder='验证码']")】可见,可显示且宽和高都大于0
2023-05-07 16:52:01.281 | INFO     | basepage:find_element_visibility:49 - 查找元素【('css selector', ".is-required [placeholder='验证码']")】在页面DOM树上的第1个
2023-05-07 16:52:01.290 | INFO     | basepage:input_value:109 - 清除元素【('css selector', ".is-required [placeholder='验证码']")】位于DOM树上第1个的文本内容
2023-05-07 16:52:01.313 | INFO     | basepage:input_value:111 - 执行输入操作，输入：xhlz
2023-05-07 16:52:01.891 | INFO     | basepage:find_element_visibility:47 - 点击发送：等待元素【('css selector', '.dialog-sendCode')】可见,可显示且宽和高都大于0
2023-05-07 16:52:01.911 | INFO     | basepage:find_element_visibility:49 - 查找元素【('css selector', '.dialog-sendCode')】在页面DOM树上的第1个
2023-05-07 16:52:01.919 | INFO     | basepage:click_element:89 - 点击元素：【('css selector', '.dialog-sendCode')】在DOM树上的第1个
2023-05-07 16:52:02.984 | WARNING  | gm_home_page_obj:discern_email_code:69 - 验证码识别错误，重新识别验证码
2023-05-07 16:52:03.490 | INFO     | basepage:find_element_visibility:47 - 截取验证码图片：等待元素【('css selector', "[width='150']")】可见,可显示且宽和高都大于0
2023-05-07 16:52:03.508 | INFO     | basepage:find_element_visibility:49 - 查找元素【('css selector', "[width='150']")】在页面DOM树上的第1个
2023-05-07 16:52:03.517 | INFO     | basepage:elementImage:311 - 根据元素定位：【('css selector', "[width='150']")】定点截图
2023-05-07 16:52:04.349 | INFO     | handle_tools:Base64_api:89 - 验证码识别成功：44v0w
2023-05-07 16:52:04.352 | INFO     | handle_tools:function_timer:26 - 函数 Base64_api 运行 0.29 seconds
2023-05-07 16:52:04.355 | INFO     | basepage:find_element_visibility:47 - 填写识别的验证码：等待元素【('css selector', ".is-required [placeholder='验证码']")】可见,可显示且宽和高都大于0
2023-05-07 16:52:04.373 | INFO     | basepage:find_element_visibility:49 - 查找元素【('css selector', ".is-required [placeholder='验证码']")】在页面DOM树上的第1个
2023-05-07 16:52:04.383 | INFO     | basepage:input_value:109 - 清除元素【('css selector', ".is-required [placeholder='验证码']")】位于DOM树上第1个的文本内容
2023-05-07 16:52:04.408 | INFO     | basepage:input_value:111 - 执行输入操作，输入：44v0w
2023-05-07 16:52:04.987 | INFO     | basepage:find_element_visibility:47 - 点击发送：等待元素【('css selector', '.dialog-sendCode')】可见,可显示且宽和高都大于0
2023-05-07 16:52:05.005 | INFO     | basepage:find_element_visibility:49 - 查找元素【('css selector', '.dialog-sendCode')】在页面DOM树上的第1个
2023-05-07 16:52:05.014 | INFO     | basepage:click_element:89 - 点击元素：【('css selector', '.dialog-sendCode')】在DOM树上的第1个
2023-05-07 16:52:06.067 | WARNING  | gm_home_page_obj:discern_email_code:69 - 验证码识别错误，重新识别验证码
2023-05-07 16:52:06.573 | INFO     | basepage:find_element_visibility:47 - 截取验证码图片：等待元素【('css selector', "[width='150']")】可见,可显示且宽和高都大于0
2023-05-07 16:52:06.595 | INFO     | basepage:find_element_visibility:49 - 查找元素【('css selector', "[width='150']")】在页面DOM树上的第1个
2023-05-07 16:52:06.606 | INFO     | basepage:elementImage:311 - 根据元素定位：【('css selector', "[width='150']")】定点截图
2023-05-07 16:52:07.526 | INFO     | handle_tools:Base64_api:89 - 验证码识别成功：xde6
2023-05-07 16:52:07.529 | INFO     | handle_tools:function_timer:26 - 函数 Base64_api 运行 0.36 seconds
2023-05-07 16:52:07.531 | INFO     | basepage:find_element_visibility:47 - 填写识别的验证码：等待元素【('css selector', ".is-required [placeholder='验证码']")】可见,可显示且宽和高都大于0
2023-05-07 16:52:07.573 | INFO     | basepage:find_element_visibility:49 - 查找元素【('css selector', ".is-required [placeholder='验证码']")】在页面DOM树上的第1个
2023-05-07 16:52:07.602 | INFO     | basepage:input_value:109 - 清除元素【('css selector', ".is-required [placeholder='验证码']")】位于DOM树上第1个的文本内容
2023-05-07 16:52:07.646 | INFO     | basepage:input_value:111 - 执行输入操作，输入：xde6
2023-05-07 16:52:08.225 | INFO     | basepage:find_element_visibility:47 - 点击发送：等待元素【('css selector', '.dialog-sendCode')】可见,可显示且宽和高都大于0
2023-05-07 16:52:08.249 | INFO     | basepage:find_element_visibility:49 - 查找元素【('css selector', '.dialog-sendCode')】在页面DOM树上的第1个
2023-05-07 16:52:08.260 | INFO     | basepage:click_element:89 - 点击元素：【('css selector', '.dialog-sendCode')】在DOM树上的第1个
2023-05-07 16:52:09.319 | WARNING  | gm_home_page_obj:discern_email_code:69 - 验证码识别错误，重新识别验证码
2023-05-07 16:52:09.826 | INFO     | basepage:find_element_visibility:47 - 截取验证码图片：等待元素【('css selector', "[width='150']")】可见,可显示且宽和高都大于0
2023-05-07 16:52:09.843 | INFO     | basepage:find_element_visibility:49 - 查找元素【('css selector', "[width='150']")】在页面DOM树上的第1个
2023-05-07 16:52:09.851 | INFO     | basepage:elementImage:311 - 根据元素定位：【('css selector', "[width='150']")】定点截图
2023-05-07 16:52:10.664 | INFO     | handle_tools:Base64_api:89 - 验证码识别成功：mbnw
2023-05-07 16:52:10.666 | INFO     | handle_tools:function_timer:26 - 函数 Base64_api 运行 0.27 seconds
2023-05-07 16:52:10.667 | INFO     | basepage:find_element_visibility:47 - 填写识别的验证码：等待元素【('css selector', ".is-required [placeholder='验证码']")】可见,可显示且宽和高都大于0
2023-05-07 16:52:10.684 | INFO     | basepage:find_element_visibility:49 - 查找元素【('css selector', ".is-required [placeholder='验证码']")】在页面DOM树上的第1个
2023-05-07 16:52:10.693 | INFO     | basepage:input_value:109 - 清除元素【('css selector', ".is-required [placeholder='验证码']")】位于DOM树上第1个的文本内容
2023-05-07 16:52:10.718 | INFO     | basepage:input_value:111 - 执行输入操作，输入：mbnw
2023-05-07 16:52:11.289 | INFO     | basepage:find_element_visibility:47 - 点击发送：等待元素【('css selector', '.dialog-sendCode')】可见,可显示且宽和高都大于0
2023-05-07 16:52:11.305 | INFO     | basepage:find_element_visibility:49 - 查找元素【('css selector', '.dialog-sendCode')】在页面DOM树上的第1个
2023-05-07 16:52:11.314 | INFO     | basepage:click_element:89 - 点击元素：【('css selector', '.dialog-sendCode')】在DOM树上的第1个
2023-05-07 16:52:14.873 | INFO     | basepage:js_openwindows:401 - js新开窗口访问：https://at-bos-frontend-sit.atfxdev.com/
2023-05-07 16:52:14.885 | INFO     | basepage:switch_windows:266 - 切换到窗口列表的第1个:切换到bos窗口
2023-05-07 16:52:14.889 | INFO     | basepage:find_element_visibility:47 - 点击语言下拉框：等待元素【('css selector', '.ivu-icon-ios-arrow-down')】可见,可显示且宽和高都大于0
2023-05-07 16:52:16.134 | INFO     | basepage:find_element_visibility:49 - 查找元素【('css selector', '.ivu-icon-ios-arrow-down')】在页面DOM树上的第1个
2023-05-07 16:52:16.145 | INFO     | basepage:click_element:89 - 点击元素：【('css selector', '.ivu-icon-ios-arrow-down')】在DOM树上的第1个
2023-05-07 16:52:16.507 | INFO     | basepage:find_element_visibility:47 - 选择语言：等待元素【('xpath', "//li[.='简体中文']")】可见,可显示且宽和高都大于0
2023-05-07 16:52:16.538 | INFO     | basepage:find_element_visibility:49 - 查找元素【('xpath', "//li[.='简体中文']")】在页面DOM树上的第1个
2023-05-07 16:52:16.548 | INFO     | basepage:click_element:89 - 点击元素：【('xpath', "//li[.='简体中文']")】在DOM树上的第1个
2023-05-07 16:52:16.583 | INFO     | bos_login_obj:login_bos:27 - 选择简体中文语言登录BOS
2023-05-07 16:52:16.586 | INFO     | basepage:find_element_visibility:47 - 输入用户名：等待元素【('css selector', "[placeholder='账号']")】可见,可显示且宽和高都大于0
2023-05-07 16:52:16.728 | INFO     | basepage:find_element_visibility:49 - 查找元素【('css selector', "[placeholder='账号']")】在页面DOM树上的第1个
2023-05-07 16:52:16.737 | INFO     | basepage:input_value:109 - 清除元素【('css selector', "[placeholder='账号']")】位于DOM树上第1个的文本内容
2023-05-07 16:52:16.758 | INFO     | basepage:input_value:111 - 执行输入操作，输入：tyler.tang
2023-05-07 16:52:16.809 | INFO     | basepage:find_element_visibility:47 - 输入密码：等待元素【('css selector', "[placeholder='密码']")】可见,可显示且宽和高都大于0
2023-05-07 16:52:16.830 | INFO     | basepage:find_element_visibility:49 - 查找元素【('css selector', "[placeholder='密码']")】在页面DOM树上的第1个
2023-05-07 16:52:16.839 | INFO     | basepage:input_value:109 - 清除元素【('css selector', "[placeholder='密码']")】位于DOM树上第1个的文本内容
2023-05-07 16:52:16.862 | INFO     | basepage:input_value:111 - 执行输入操作，输入：Tl123456
2023-05-07 16:52:17.413 | INFO     | basepage:find_element_visibility:47 - 登录bos：等待元素【('css selector', '.ivu-btn-large > span')】可见,可显示且宽和高都大于0
2023-05-07 16:52:17.438 | INFO     | basepage:find_element_visibility:49 - 查找元素【('css selector', '.ivu-btn-large > span')】在页面DOM树上的第1个
2023-05-07 16:52:17.448 | INFO     | basepage:click_element:89 - 点击元素：【('css selector', '.ivu-btn-large > span')】在DOM树上的第1个
2023-05-07 16:52:19.221 | INFO     | basepage:switch_windows:266 - 切换到窗口列表的第1个:切换到BOS首页窗口
2023-05-07 16:52:20.226 | INFO     | basepage:find_element_presence:68 - 判断客户管理导航栏是否已展开：等待元素【('css selector', '.ivu-menu-submenu')】被加到了dom树里，并不代表该元素一定可见，如果定位到就返回元素
2023-05-07 16:52:20.249 | INFO     | basepage:find_element_presence:71 - 查找元素【('css selector', '.ivu-menu-submenu')】在页面DOM树上的第1个
2023-05-07 16:52:20.259 | INFO     | basepage:get_attribute:161 - 获取元素：【class】的属性，位于DOM树上第 1 个，返回的属性值为：ivu-menu-submenu
2023-05-07 16:52:20.262 | INFO     | basepage:find_element_visibility:47 - 点击客户管理：等待元素【('xpath', "//span[.='客户管理']")】可见,可显示且宽和高都大于0
2023-05-07 16:52:20.291 | INFO     | basepage:find_element_visibility:49 - 查找元素【('xpath', "//span[.='客户管理']")】在页面DOM树上的第1个
2023-05-07 16:52:20.301 | INFO     | basepage:click_element:89 - 点击元素：【('xpath', "//span[.='客户管理']")】在DOM树上的第1个
2023-05-07 16:52:20.333 | INFO     | basepage:find_element_visibility:47 - 点击客户名单：等待元素【('xpath', "//span[.='客户名单']")】可见,可显示且宽和高都大于0
2023-05-07 16:52:20.901 | INFO     | basepage:find_element_visibility:49 - 查找元素【('xpath', "//span[.='客户名单']")】在页面DOM树上的第1个
2023-05-07 16:52:20.911 | INFO     | basepage:click_element:89 - 点击元素：【('xpath', "//span[.='客户名单']")】在DOM树上的第1个
2023-05-07 16:52:21.984 | INFO     | basepage:find_element_visibility:47 - 搜索框输入主账号：等待元素【('css selector', '.ivu-input-group-with-append > [placeholder]')】可见,可显示且宽和高都大于0
2023-05-07 16:52:22.008 | INFO     | basepage:find_element_visibility:49 - 查找元素【('css selector', '.ivu-input-group-with-append > [placeholder]')】在页面DOM树上的第1个
2023-05-07 16:52:22.017 | INFO     | basepage:input_value:109 - 清除元素【('css selector', '.ivu-input-group-with-append > [placeholder]')】位于DOM树上第1个的文本内容
2023-05-07 16:52:22.041 | INFO     | basepage:input_value:111 - 执行输入操作，输入：1200013170
2023-05-07 16:52:22.126 | INFO     | basepage:find_element_visibility:47 - 点击搜索按钮：等待元素【('css selector', '.ivu-btn-icon-only > .ivu-icon')】可见,可显示且宽和高都大于0
2023-05-07 16:52:22.179 | INFO     | basepage:find_element_visibility:49 - 查找元素【('css selector', '.ivu-btn-icon-only > .ivu-icon')】在页面DOM树上的第1个
2023-05-07 16:52:22.187 | INFO     | basepage:click_element:89 - 点击元素：【('css selector', '.ivu-btn-icon-only > .ivu-icon')】在DOM树上的第1个
2023-05-07 16:52:26.802 | INFO     | basepage:find_element_visibility:47 - 点击搜索按钮：等待元素【('css selector', '.ivu-btn-icon-only > .ivu-icon')】可见,可显示且宽和高都大于0
2023-05-07 16:52:26.820 | INFO     | basepage:find_element_visibility:49 - 查找元素【('css selector', '.ivu-btn-icon-only > .ivu-icon')】在页面DOM树上的第1个
2023-05-07 16:52:26.828 | INFO     | basepage:click_element:89 - 点击元素：【('css selector', '.ivu-btn-icon-only > .ivu-icon')】在DOM树上的第1个
2023-05-07 16:52:30.446 | INFO     | basepage:find_element_visibility:47 - 点击主账号1200013170进入账号详情页：等待元素【['xpath', "//a[.='1200013170']"]】可见,可显示且宽和高都大于0
2023-05-07 16:52:30.466 | INFO     | basepage:find_element_visibility:49 - 查找元素【['xpath', "//a[.='1200013170']"]】在页面DOM树上的第1个
2023-05-07 16:52:30.476 | INFO     | basepage:click_element:89 - 点击元素：【['xpath', "//a[.='1200013170']"]】在DOM树上的第1个
2023-05-07 16:52:32.516 | INFO     | basepage:switch_windows:266 - 切换到窗口列表的第2个:切换到客户详情页窗口
2023-05-07 16:52:32.520 | INFO     | basepage:find_element_visibility:47 - 点击邮件记录：等待元素【('css selector', "[href='#emailRecored']")】可见,可显示且宽和高都大于0
2023-05-07 16:52:32.545 | INFO     | basepage:find_element_visibility:49 - 查找元素【('css selector', "[href='#emailRecored']")】在页面DOM树上的第1个
2023-05-07 16:52:32.553 | INFO     | basepage:click_element:89 - 点击元素：【('css selector', "[href='#emailRecored']")】在DOM树上的第1个
2023-05-07 16:52:33.682 | INFO     | basepage:find_element_visibility:47 - 刷新邮件记录：等待元素【('xpath', "//div[@class='emailRecord-page']//span[contains(.,'刷新')]")】可见,可显示且宽和高都大于0
2023-05-07 16:52:33.713 | INFO     | basepage:find_element_visibility:49 - 查找元素【('xpath', "//div[@class='emailRecord-page']//span[contains(.,'刷新')]")】在页面DOM树上的第1个
2023-05-07 16:52:33.724 | INFO     | basepage:click_element:89 - 点击元素：【('xpath', "//div[@class='emailRecord-page']//span[contains(.,'刷新')]")】在DOM树上的第1个
2023-05-07 16:52:37.774 | INFO     | basepage:find_element_visibility:47 - 点击最新的邮件：等待元素【('xpath', "//div[@class='emailRecod-table ivu-table-wrapper ivu-table-wrapper-with-border']/div/div[2]/table/tbody/tr[1]/td[3]//a")】可见,可显示且宽和高都大于0
2023-05-07 16:52:37.799 | INFO     | basepage:find_element_visibility:49 - 查找元素【('xpath', "//div[@class='emailRecod-table ivu-table-wrapper ivu-table-wrapper-with-border']/div/div[2]/table/tbody/tr[1]/td[3]//a")】在页面DOM树上的第1个
2023-05-07 16:52:37.810 | INFO     | basepage:click_element:89 - 点击元素：【('xpath', "//div[@class='emailRecod-table ivu-table-wrapper ivu-table-wrapper-with-border']/div/div[2]/table/tbody/tr[1]/td[3]//a")】在DOM树上的第1个
2023-05-07 16:52:38.898 | INFO     | basepage:find_element_visibility:47 - 获取邮件验证码文本：等待元素【('css selector', "[bgcolor='#ffffff'][width='598'] span")】可见,可显示且宽和高都大于0
2023-05-07 16:52:38.939 | INFO     | basepage:find_element_visibility:49 - 查找元素【('css selector', "[bgcolor='#ffffff'][width='598'] span")】在页面DOM树上的第1个
2023-05-07 16:52:38.960 | INFO     | basepage:get_text:141 - 获取元素：【('css selector', "[bgcolor='#ffffff'][width='598'] span")】文本，位于DOM树上第 1 个，返回的文本信息为：验证码 : 967415
2023-05-07 16:52:38.963 | INFO     | bos_clientlist_page_obj:get_email_code:31 - 邮件验证码文本：验证码 : 967415
2023-05-07 16:52:38.967 | INFO     | basepage:switch_windows:266 - 切换到窗口列表的第0个:切换窗口到CP首页
2023-05-07 16:52:38.970 | INFO     | basepage:find_element_visibility:47 - 填写邮箱验证码：等待元素【('xpath', "//form[@class='el-form']//div[@class='el-row']//input[@class='el-input__inner']")】可见,可显示且宽和高都大于0
2023-05-07 16:52:38.992 | INFO     | basepage:find_element_visibility:49 - 查找元素【('xpath', "//form[@class='el-form']//div[@class='el-row']//input[@class='el-input__inner']")】在页面DOM树上的第1个
2023-05-07 16:52:39.000 | INFO     | basepage:input_value:109 - 清除元素【('xpath', "//form[@class='el-form']//div[@class='el-row']//input[@class='el-input__inner']")】位于DOM树上第1个的文本内容
2023-05-07 16:52:39.026 | INFO     | basepage:input_value:111 - 执行输入操作，输入：967415
2023-05-07 16:52:39.082 | INFO     | basepage:find_element_visibility:47 - 点击验证邮箱下一步按钮：等待元素【('css selector', '.dialog-submit')】可见,可显示且宽和高都大于0
2023-05-07 16:52:39.105 | INFO     | basepage:find_element_visibility:49 - 查找元素【('css selector', '.dialog-submit')】在页面DOM树上的第1个
2023-05-07 16:52:39.115 | INFO     | basepage:click_element:89 - 点击元素：【('css selector', '.dialog-submit')】在DOM树上的第1个
2023-05-07 16:52:39.154 | INFO     | basepage:find_element_visibility:47 - 跳过手机验证，以后再做：等待元素【('css selector', '.doItLeTer-css')】可见,可显示且宽和高都大于0
2023-05-07 16:52:39.399 | INFO     | basepage:find_element_visibility:49 - 查找元素【('css selector', '.doItLeTer-css')】在页面DOM树上的第1个
2023-05-07 16:52:39.410 | INFO     | basepage:click_element:89 - 点击元素：【('css selector', '.doItLeTer-css')】在DOM树上的第1个
2023-05-07 16:52:40.127 | INFO     | basepage:find_element_visibility:47 - 点击完成：等待元素【('css selector', '.dialog-submit > span')】可见,可显示且宽和高都大于0
2023-05-07 16:52:40.150 | INFO     | basepage:find_element_visibility:49 - 查找元素【('css selector', '.dialog-submit > span')】在页面DOM树上的第1个
2023-05-07 16:52:40.159 | INFO     | basepage:click_element:89 - 点击元素：【('css selector', '.dialog-submit > span')】在DOM树上的第1个
2023-05-07 16:52:40.203 | INFO     | gm_kyc_page_obj:kyc_actions:27 - 非中国地区用户KYC
2023-05-07 16:52:42.207 | INFO     | basepage:find_element_presence:68 - 更改上传图片属性：等待元素【('xpath', "//p[@class='img-text img-text-required']/../../../../div[2]")】被加到了dom树里，并不代表该元素一定可见，如果定位到就返回元素
2023-05-07 16:52:42.228 | INFO     | basepage:find_element_presence:71 - 查找元素【('xpath', "//p[@class='img-text img-text-required']/../../../../div[2]")】在页面DOM树上的第1个
2023-05-07 16:52:42.230 | INFO     | basepage:js_change_attr:351 - 更改页面 style属性 的值为 display:\block
2023-05-07 16:52:43.252 | INFO     | basepage:find_element_presence:68 - 获取上传图片元素的style属性：等待元素【('css selector', '.remove-image')】被加到了dom树里，并不代表该元素一定可见，如果定位到就返回元素
2023-05-07 16:52:43.272 | INFO     | basepage:find_element_presence:71 - 查找元素【('css selector', '.remove-image')】在页面DOM树上的第1个
2023-05-07 16:52:43.279 | INFO     | basepage:get_attribute:161 - 获取元素：【style】的属性，位于DOM树上第 1 个，返回的属性值为：display: none;
2023-05-07 16:52:43.281 | INFO     | basepage:find_element_presence:68 - 上传证件照：等待元素【('css selector', '.el-upload__input')】被加到了dom树里，并不代表该元素一定可见，如果定位到就返回元素
2023-05-07 16:52:43.300 | INFO     | basepage:find_element_presence:71 - 查找元素【('css selector', '.el-upload__input')】在页面DOM树上的第1个
2023-05-07 16:52:43.321 | INFO     | basepage:input_imgs:123 - 上传图片：d:\gitee_code\atfx_-ui_framework\imgs\CAT.jpg
2023-05-07 16:52:45.336 | INFO     | basepage:find_element_presence:68 - 获取上传图片元素的style属性：等待元素【('css selector', '.remove-image')】被加到了dom树里，并不代表该元素一定可见，如果定位到就返回元素
2023-05-07 16:52:45.354 | INFO     | basepage:find_element_presence:71 - 查找元素【('css selector', '.remove-image')】在页面DOM树上的第1个
2023-05-07 16:52:45.363 | INFO     | basepage:get_attribute:161 - 获取元素：【style】的属性，位于DOM树上第 1 个，返回的属性值为：
2023-05-07 16:52:45.366 | INFO     | basepage:find_element_visibility:47 - 选择出生日期：等待元素【('css selector', "[placeholder='请选择出生日期为DD-MM-YYYY的格式']")】可见,可显示且宽和高都大于0
2023-05-07 16:52:45.389 | INFO     | basepage:find_element_visibility:49 - 查找元素【('css selector', "[placeholder='请选择出生日期为DD-MM-YYYY的格式']")】在页面DOM树上的第1个
2023-05-07 16:52:45.400 | INFO     | basepage:click_element:89 - 点击元素：【('css selector', "[placeholder='请选择出生日期为DD-MM-YYYY的格式']")】在DOM树上的第1个
2023-05-07 16:52:45.976 | INFO     | basepage:find_element_visibility:47 - 选择年份：等待元素【('css selector', '.el-date-picker__header > span')】可见,可显示且宽和高都大于0
2023-05-07 16:52:46.005 | INFO     | basepage:find_element_visibility:49 - 查找元素【('css selector', '.el-date-picker__header > span')】在页面DOM树上的第1个
2023-05-07 16:52:46.013 | INFO     | basepage:click_element:89 - 点击元素：【('css selector', '.el-date-picker__header > span')】在DOM树上的第1个
2023-05-07 16:52:46.555 | INFO     | basepage:find_element_visibility:47 - 点击左侧切换按钮，切换年份：等待元素【('css selector', '.el-icon-d-arrow-left')】可见,可显示且宽和高都大于0
2023-05-07 16:52:46.575 | INFO     | basepage:find_element_visibility:49 - 查找元素【('css selector', '.el-icon-d-arrow-left')】在页面DOM树上的第1个
2023-05-07 16:52:46.585 | INFO     | basepage:click_element:89 - 点击元素：【('css selector', '.el-icon-d-arrow-left')】在DOM树上的第1个
2023-05-07 16:52:46.622 | INFO     | basepage:find_element_visibility:47 - 双击，切换年份：等待元素【('css selector', '.el-icon-d-arrow-left')】可见,可显示且宽和高都大于0
2023-05-07 16:52:46.639 | INFO     | basepage:find_element_visibility:49 - 查找元素【('css selector', '.el-icon-d-arrow-left')】在页面DOM树上的第1个
2023-05-07 16:52:46.648 | INFO     | basepage:double_click:212 - 双击元素：【('css selector', '.el-icon-d-arrow-left')】，位于DOM树上的第1个
2023-05-07 16:52:47.949 | INFO     | basepage:find_element_visibility:47 - 随机选择年份：等待元素【('css selector', '.el-year-table tr > td > .cell')】可见,可显示且宽和高都大于0
2023-05-07 16:52:48.049 | INFO     | basepage:find_element_visibility:49 - 查找元素【('css selector', '.el-year-table tr > td > .cell')】在页面DOM树上的第4个
2023-05-07 16:52:48.057 | INFO     | basepage:click_element:89 - 点击元素：【('css selector', '.el-year-table tr > td > .cell')】在DOM树上的第4个
2023-05-07 16:52:48.094 | INFO     | basepage:find_element_visibility:47 - 随机选择月份：等待元素【('css selector', '.el-month-table tr > td .cell')】可见,可显示且宽和高都大于0
2023-05-07 16:52:48.215 | INFO     | basepage:find_element_visibility:49 - 查找元素【('css selector', '.el-month-table tr > td .cell')】在页面DOM树上的第6个
2023-05-07 16:52:48.224 | INFO     | basepage:click_element:89 - 点击元素：【('css selector', '.el-month-table tr > td .cell')】在DOM树上的第6个
2023-05-07 16:52:48.257 | INFO     | basepage:find_element_visibility:47 - 随机选择日期：等待元素【('css selector', '.el-date-table tr > .available span')】可见,可显示且宽和高都大于0
2023-05-07 16:52:48.550 | INFO     | basepage:find_element_visibility:49 - 查找元素【('css selector', '.el-date-table tr > .available span')】在页面DOM树上的第21个
2023-05-07 16:52:48.560 | INFO     | basepage:click_element:89 - 点击元素：【('css selector', '.el-date-table tr > .available span')】在DOM树上的第21个
2023-05-07 16:52:49.131 | INFO     | basepage:find_element_visibility:47 - 元素聚焦：等待元素【('css selector', '.submit-btn > span')】可见,可显示且宽和高都大于0
2023-05-07 16:52:49.153 | INFO     | basepage:find_element_visibility:49 - 查找元素【('css selector', '.submit-btn > span')】在页面DOM树上的第1个
2023-05-07 16:52:49.160 | INFO     | basepage:element_focus:330 - 将页面滑动至元素：【('css selector', '.submit-btn > span')】可见的位置
2023-05-07 16:52:49.170 | INFO     | basepage:find_element_visibility:47 - 随机选择性别：等待元素【('css selector', '.el-radio > .el-radio__label')】可见,可显示且宽和高都大于0
2023-05-07 16:52:49.200 | INFO     | basepage:find_element_visibility:49 - 查找元素【('css selector', '.el-radio > .el-radio__label')】在页面DOM树上的第2个
2023-05-07 16:52:49.210 | INFO     | basepage:click_element:89 - 点击元素：【('css selector', '.el-radio > .el-radio__label')】在DOM树上的第2个
2023-05-07 16:52:49.263 | INFO     | basepage:find_element_visibility:47 - 输入随机证件号码：等待元素【('css selector', "[placeholder='请输入证件号码']")】可见,可显示且宽和高都大于0
2023-05-07 16:52:49.308 | INFO     | basepage:find_element_visibility:49 - 查找元素【('css selector', "[placeholder='请输入证件号码']")】在页面DOM树上的第1个
2023-05-07 16:52:49.318 | INFO     | basepage:input_value:109 - 清除元素【('css selector', "[placeholder='请输入证件号码']")】位于DOM树上第1个的文本内容
2023-05-07 16:52:49.343 | INFO     | basepage:input_value:111 - 执行输入操作，输入：230805198909306701
2023-05-07 16:52:49.580 | INFO     | basepage:find_element_visibility:47 - 输入随机地址：等待元素【('css selector', "[placeholder='请输入地址']")】可见,可显示且宽和高都大于0
2023-05-07 16:52:49.605 | INFO     | basepage:find_element_visibility:49 - 查找元素【('css selector', "[placeholder='请输入地址']")】在页面DOM树上的第1个
2023-05-07 16:52:49.614 | INFO     | basepage:input_value:109 - 清除元素【('css selector', "[placeholder='请输入地址']")】位于DOM树上第1个的文本内容
2023-05-07 16:52:49.639 | INFO     | basepage:input_value:111 - 执行输入操作，输入：内蒙古自治区晨市清城牟街G座 757269
2023-05-07 16:52:49.915 | INFO     | basepage:find_element_visibility:47 - 勾选协议：等待元素【('css selector', '.agree-checkbox .el-checkbox__inner')】可见,可显示且宽和高都大于0
2023-05-07 16:52:49.940 | INFO     | basepage:find_element_visibility:49 - 查找元素【('css selector', '.agree-checkbox .el-checkbox__inner')】在页面DOM树上的第1个
2023-05-07 16:52:49.948 | INFO     | basepage:click_element:89 - 点击元素：【('css selector', '.agree-checkbox .el-checkbox__inner')】在DOM树上的第1个
2023-05-07 16:52:52.997 | INFO     | basepage:find_element_visibility:47 - 点击提交：等待元素【('css selector', '.submit-btn > span')】可见,可显示且宽和高都大于0
2023-05-07 16:52:53.015 | INFO     | basepage:find_element_visibility:49 - 查找元素【('css selector', '.submit-btn > span')】在页面DOM树上的第1个
2023-05-07 16:52:53.023 | INFO     | basepage:click_element:89 - 点击元素：【('css selector', '.submit-btn > span')】在DOM树上的第1个
2023-05-07 16:52:57.275 | INFO     | basepage:find_element_visibility:47 - 获取Kyc成功后的文本：等待元素【('xpath', "//h2[@class='title']")】可见,可显示且宽和高都大于0
2023-05-07 16:52:57.293 | INFO     | basepage:find_element_visibility:49 - 查找元素【('xpath', "//h2[@class='title']")】在页面DOM树上的第1个
2023-05-07 16:52:57.315 | INFO     | basepage:get_text:141 - 获取元素：【('xpath', "//h2[@class='title']")】文本，位于DOM树上第 1 个，返回的文本信息为：成功提交个人验证资料！
2023-05-07 16:53:00.002 | INFO     | basepage:find_element_visibility:47 - 勾选公司申明弹窗协议：等待元素【('css selector', '.el-checkbox__inner')】可见,可显示且宽和高都大于0
2023-05-07 16:53:00.027 | INFO     | basepage:find_element_visibility:49 - 查找元素【('css selector', '.el-checkbox__inner')】在页面DOM树上的第1个
2023-05-07 16:53:00.035 | INFO     | basepage:click_element:89 - 点击元素：【('css selector', '.el-checkbox__inner')】在DOM树上的第1个
2023-05-07 16:53:00.108 | INFO     | basepage:find_element_visibility:47 - 点击公司申明确定按钮：等待元素【('css selector', '.confirm-btn > span')】可见,可显示且宽和高都大于0
2023-05-07 16:53:00.133 | INFO     | basepage:find_element_visibility:49 - 查找元素【('css selector', '.confirm-btn > span')】在页面DOM树上的第1个
2023-05-07 16:53:00.142 | INFO     | basepage:click_element:89 - 点击元素：【('css selector', '.confirm-btn > span')】在DOM树上的第1个
2023-05-07 16:53:01.185 | INFO     | basepage:find_element_visibility:47 - 点击资料审核中弹窗确认按钮：等待元素【('css selector', '.el-button--primary > span')】可见,可显示且宽和高都大于0
2023-05-07 16:53:01.208 | INFO     | basepage:find_element_visibility:49 - 查找元素【('css selector', '.el-button--primary > span')】在页面DOM树上的第1个
2023-05-07 16:53:01.217 | INFO     | basepage:click_element:89 - 点击元素：【('css selector', '.el-button--primary > span')】在DOM树上的第1个
2023-05-07 16:53:03.355 | INFO     | driver_settings:__new__:24 - 运行谷歌浏览器并添加初始化设置
2023-05-07 16:53:03.356 | INFO     | driver_settings:__new__:31 - Working on headless mode...
2023-05-07 16:53:04.589 | INFO     | basepage:open:29 - 访问：https://at-bos-frontend-sit.atfxdev.com/
2023-05-07 16:53:06.288 | INFO     | basepage:switch_windows:266 - 切换到窗口列表的第0个:切换到bos窗口
2023-05-07 16:53:06.292 | INFO     | basepage:find_element_visibility:47 - 点击语言下拉框：等待元素【('css selector', '.ivu-icon-ios-arrow-down')】可见,可显示且宽和高都大于0
2023-05-07 16:53:06.318 | INFO     | basepage:find_element_visibility:49 - 查找元素【('css selector', '.ivu-icon-ios-arrow-down')】在页面DOM树上的第1个
2023-05-07 16:53:06.326 | INFO     | basepage:click_element:89 - 点击元素：【('css selector', '.ivu-icon-ios-arrow-down')】在DOM树上的第1个
2023-05-07 16:53:06.664 | INFO     | basepage:find_element_visibility:47 - 选择语言：等待元素【('xpath', "//li[.='简体中文']")】可见,可显示且宽和高都大于0
2023-05-07 16:53:06.691 | INFO     | basepage:find_element_visibility:49 - 查找元素【('xpath', "//li[.='简体中文']")】在页面DOM树上的第1个
2023-05-07 16:53:06.700 | INFO     | basepage:click_element:89 - 点击元素：【('xpath', "//li[.='简体中文']")】在DOM树上的第1个
2023-05-07 16:53:06.734 | INFO     | bos_login_obj:login_bos:27 - 选择简体中文语言登录BOS
2023-05-07 16:53:06.737 | INFO     | basepage:find_element_visibility:47 - 输入用户名：等待元素【('css selector', "[placeholder='账号']")】可见,可显示且宽和高都大于0
2023-05-07 16:53:06.892 | INFO     | basepage:find_element_visibility:49 - 查找元素【('css selector', "[placeholder='账号']")】在页面DOM树上的第1个
2023-05-07 16:53:06.901 | INFO     | basepage:input_value:109 - 清除元素【('css selector', "[placeholder='账号']")】位于DOM树上第1个的文本内容
2023-05-07 16:53:06.930 | INFO     | basepage:input_value:111 - 执行输入操作，输入：tyler.tang
2023-05-07 16:53:06.986 | INFO     | basepage:find_element_visibility:47 - 输入密码：等待元素【('css selector', "[placeholder='密码']")】可见,可显示且宽和高都大于0
2023-05-07 16:53:07.008 | INFO     | basepage:find_element_visibility:49 - 查找元素【('css selector', "[placeholder='密码']")】在页面DOM树上的第1个
2023-05-07 16:53:07.016 | INFO     | basepage:input_value:109 - 清除元素【('css selector', "[placeholder='密码']")】位于DOM树上第1个的文本内容
2023-05-07 16:53:07.039 | INFO     | basepage:input_value:111 - 执行输入操作，输入：Tl123456
2023-05-07 16:53:07.597 | INFO     | basepage:find_element_visibility:47 - 登录bos：等待元素【('css selector', '.ivu-btn-large > span')】可见,可显示且宽和高都大于0
2023-05-07 16:53:07.618 | INFO     | basepage:find_element_visibility:49 - 查找元素【('css selector', '.ivu-btn-large > span')】在页面DOM树上的第1个
2023-05-07 16:53:07.627 | INFO     | basepage:click_element:89 - 点击元素：【('css selector', '.ivu-btn-large > span')】在DOM树上的第1个
2023-05-07 16:53:10.247 | INFO     | test_review:test_review:36 - 当前用例：审核主账号： 1000007809
2023-05-07 16:53:10.251 | INFO     | basepage:switch_windows:266 - 切换到窗口列表的第0个:切换到BOS首页窗口
2023-05-07 16:53:11.258 | INFO     | basepage:find_element_presence:68 - 判断客户管理导航栏是否已展开：等待元素【('css selector', '.ivu-menu-submenu')】被加到了dom树里，并不代表该元素一定可见，如果定位到就返回元素
2023-05-07 16:53:11.279 | INFO     | basepage:find_element_presence:71 - 查找元素【('css selector', '.ivu-menu-submenu')】在页面DOM树上的第1个
2023-05-07 16:53:11.287 | INFO     | basepage:get_attribute:161 - 获取元素：【class】的属性，位于DOM树上第 1 个，返回的属性值为：ivu-menu-submenu
2023-05-07 16:53:11.289 | INFO     | basepage:find_element_visibility:47 - 点击客户管理：等待元素【('xpath', "//span[.='客户管理']")】可见,可显示且宽和高都大于0
2023-05-07 16:53:11.317 | INFO     | basepage:find_element_visibility:49 - 查找元素【('xpath', "//span[.='客户管理']")】在页面DOM树上的第1个
2023-05-07 16:53:11.326 | INFO     | basepage:click_element:89 - 点击元素：【('xpath', "//span[.='客户管理']")】在DOM树上的第1个
2023-05-07 16:53:11.361 | INFO     | basepage:find_element_visibility:47 - 点击客户名单：等待元素【('xpath', "//span[.='客户名单']")】可见,可显示且宽和高都大于0
2023-05-07 16:53:11.933 | INFO     | basepage:find_element_visibility:49 - 查找元素【('xpath', "//span[.='客户名单']")】在页面DOM树上的第1个
2023-05-07 16:53:11.944 | INFO     | basepage:click_element:89 - 点击元素：【('xpath', "//span[.='客户名单']")】在DOM树上的第1个
2023-05-07 16:53:13.016 | INFO     | basepage:find_element_visibility:47 - 搜索框输入主账号：等待元素【('css selector', '.ivu-input-group-with-append > [placeholder]')】可见,可显示且宽和高都大于0
2023-05-07 16:53:13.039 | INFO     | basepage:find_element_visibility:49 - 查找元素【('css selector', '.ivu-input-group-with-append > [placeholder]')】在页面DOM树上的第1个
2023-05-07 16:53:13.047 | INFO     | basepage:input_value:109 - 清除元素【('css selector', '.ivu-input-group-with-append > [placeholder]')】位于DOM树上第1个的文本内容
2023-05-07 16:53:13.068 | INFO     | basepage:input_value:111 - 执行输入操作，输入：1000007809
2023-05-07 16:53:13.141 | INFO     | basepage:find_element_visibility:47 - 点击搜索按钮：等待元素【('css selector', '.ivu-btn-icon-only > .ivu-icon')】可见,可显示且宽和高都大于0
2023-05-07 16:53:13.213 | INFO     | basepage:find_element_visibility:49 - 查找元素【('css selector', '.ivu-btn-icon-only > .ivu-icon')】在页面DOM树上的第1个
2023-05-07 16:53:13.222 | INFO     | basepage:click_element:89 - 点击元素：【('css selector', '.ivu-btn-icon-only > .ivu-icon')】在DOM树上的第1个
2023-05-07 16:53:17.881 | INFO     | basepage:find_element_visibility:47 - 点击搜索按钮：等待元素【('css selector', '.ivu-btn-icon-only > .ivu-icon')】可见,可显示且宽和高都大于0
2023-05-07 16:53:17.900 | INFO     | basepage:find_element_visibility:49 - 查找元素【('css selector', '.ivu-btn-icon-only > .ivu-icon')】在页面DOM树上的第1个
2023-05-07 16:53:17.908 | INFO     | basepage:click_element:89 - 点击元素：【('css selector', '.ivu-btn-icon-only > .ivu-icon')】在DOM树上的第1个
2023-05-07 16:53:22.276 | INFO     | basepage:find_element_visibility:47 - 点击主账号1000007809进入账号详情页：等待元素【['xpath', "//a[.='1000007809']"]】可见,可显示且宽和高都大于0
2023-05-07 16:53:22.295 | INFO     | basepage:find_element_visibility:49 - 查找元素【['xpath', "//a[.='1000007809']"]】在页面DOM树上的第1个
2023-05-07 16:53:22.306 | INFO     | basepage:click_element:89 - 点击元素：【['xpath', "//a[.='1000007809']"]】在DOM树上的第1个
2023-05-07 16:53:23.921 | INFO     | basepage:switch_windows:266 - 切换到窗口列表的第1个:切换到客户详情页窗口
2023-05-07 16:53:28.178 | INFO     | basepage:find_element_visibility:47 - 点击返佣申请表格：等待元素【('css selector', "[href='#ibRebate']")】可见,可显示且宽和高都大于0
2023-05-07 16:53:28.201 | INFO     | basepage:find_element_visibility:49 - 查找元素【('css selector', "[href='#ibRebate']")】在页面DOM树上的第1个
2023-05-07 16:53:28.210 | INFO     | basepage:click_element:89 - 点击元素：【('css selector', "[href='#ibRebate']")】在DOM树上的第1个
2023-05-07 16:53:30.385 | INFO     | basepage:find_element_visibility:47 - 点击返佣申请开关：等待元素【('xpath', "//span[.='审核: ']/../span[2]")】可见,可显示且宽和高都大于0
2023-05-07 16:53:30.411 | INFO     | basepage:find_element_visibility:49 - 查找元素【('xpath', "//span[.='审核: ']/../span[2]")】在页面DOM树上的第1个
2023-05-07 16:53:30.424 | INFO     | basepage:click_element:89 - 点击元素：【('xpath', "//span[.='审核: ']/../span[2]")】在DOM树上的第1个
2023-05-07 16:53:30.997 | INFO     | basepage:find_element_visibility:47 - 点击确认修改返佣申请：等待元素【('css selector', '.ivu-modal-confirm-footer > .ivu-btn-primary > span')】可见,可显示且宽和高都大于0
2023-05-07 16:53:31.016 | INFO     | basepage:find_element_visibility:49 - 查找元素【('css selector', '.ivu-modal-confirm-footer > .ivu-btn-primary > span')】在页面DOM树上的第1个
2023-05-07 16:53:31.025 | INFO     | basepage:click_element:89 - 点击元素：【('css selector', '.ivu-modal-confirm-footer > .ivu-btn-primary > span')】在DOM树上的第1个
2023-05-07 16:53:33.220 | INFO     | basepage:find_element_visibility:47 - 点击主账户信息：等待元素【('css selector', "[href='#masterAccount']")】可见,可显示且宽和高都大于0
2023-05-07 16:53:33.244 | INFO     | basepage:find_element_visibility:49 - 查找元素【('css selector', "[href='#masterAccount']")】在页面DOM树上的第1个
2023-05-07 16:53:33.255 | INFO     | basepage:click_element:89 - 点击元素：【('css selector', "[href='#masterAccount']")】在DOM树上的第1个
2023-05-07 16:53:34.395 | INFO     | basepage:find_element_visibility:47 - 双击代理链接：等待元素【('xpath', "//label[.='代理链接']/../div/div")】可见,可显示且宽和高都大于0
2023-05-07 16:53:34.422 | INFO     | basepage:find_element_visibility:49 - 查找元素【('xpath', "//label[.='代理链接']/../div/div")】在页面DOM树上的第1个
2023-05-07 16:53:34.432 | INFO     | basepage:double_click:212 - 双击元素：【('xpath', "//label[.='代理链接']/../div/div")】，位于DOM树上的第1个
2023-05-07 16:53:35.237 | INFO     | basepage:find_element_visibility:47 - 单击选择代理链接：等待元素【('xpath', "//label[.='代理链接']/../div/div")】可见,可显示且宽和高都大于0
2023-05-07 16:53:35.258 | INFO     | basepage:find_element_visibility:49 - 查找元素【('xpath', "//label[.='代理链接']/../div/div")】在页面DOM树上的第1个
2023-05-07 16:53:35.269 | INFO     | basepage:click_element:89 - 点击元素：【('xpath', "//label[.='代理链接']/../div/div")】在DOM树上的第1个
2023-05-07 16:53:35.814 | INFO     | basepage:find_element_visibility:47 - 选择A001代理链接：等待元素【['xpath', "//li[.='A001']"]】可见,可显示且宽和高都大于0
2023-05-07 16:53:35.838 | INFO     | basepage:find_element_visibility:49 - 查找元素【['xpath', "//li[.='A001']"]】在页面DOM树上的第1个
2023-05-07 16:53:35.850 | INFO     | basepage:click_element:89 - 点击元素：【['xpath', "//li[.='A001']"]】在DOM树上的第1个
2023-05-07 16:53:36.406 | INFO     | basepage:find_element_visibility:47 - 双击确认代理链接：等待元素【('css selector', '.ivu-icon-md-checkmark')】可见,可显示且宽和高都大于0
2023-05-07 16:53:36.428 | INFO     | basepage:find_element_visibility:49 - 查找元素【('css selector', '.ivu-icon-md-checkmark')】在页面DOM树上的第1个
2023-05-07 16:53:36.437 | INFO     | basepage:double_click:212 - 双击元素：【('css selector', '.ivu-icon-md-checkmark')】，位于DOM树上的第1个
2023-05-07 16:53:47.185 | INFO     | basepage:find_element_visibility:47 - 双击代理代码：等待元素【('xpath', "//label[.='代理代码']/../div/div")】可见,可显示且宽和高都大于0
2023-05-07 16:53:47.213 | INFO     | basepage:find_element_visibility:49 - 查找元素【('xpath', "//label[.='代理代码']/../div/div")】在页面DOM树上的第1个
2023-05-07 16:53:47.226 | INFO     | basepage:double_click:212 - 双击元素：【('xpath', "//label[.='代理代码']/../div/div")】，位于DOM树上的第1个
2023-05-07 16:53:48.043 | INFO     | basepage:find_element_visibility:47 - 输入代理代码：等待元素【('xpath', "//label[.='代理代码']/../div/div//input")】可见,可显示且宽和高都大于0
2023-05-07 16:53:48.069 | INFO     | basepage:find_element_visibility:49 - 查找元素【('xpath', "//label[.='代理代码']/../div/div//input")】在页面DOM树上的第1个
2023-05-07 16:53:48.081 | INFO     | basepage:input_value:109 - 清除元素【('xpath', "//label[.='代理代码']/../div/div//input")】位于DOM树上第1个的文本内容
2023-05-07 16:53:48.113 | INFO     | basepage:input_value:111 - 执行输入操作，输入：GUHCLBSEMWZ
2023-05-07 16:53:49.206 | INFO     | basepage:find_element_visibility:47 - 确认代理代码：等待元素【('xpath', "//label[.='代理代码']/../div/button[2]")】可见,可显示且宽和高都大于0
2023-05-07 16:53:49.232 | INFO     | basepage:find_element_visibility:49 - 查找元素【('xpath', "//label[.='代理代码']/../div/button[2]")】在页面DOM树上的第1个
2023-05-07 16:53:49.244 | INFO     | basepage:click_element:89 - 点击元素：【('xpath', "//label[.='代理代码']/../div/button[2]")】在DOM树上的第1个
2023-05-07 16:54:00.314 | INFO     | basepage:js_top_or_down:368 - 将页面滚动到顶部
2023-05-07 16:54:02.376 | INFO     | basepage:find_element_visibility:47 - 点击指派：等待元素【('xpath', "//span[.='指派']")】可见,可显示且宽和高都大于0
2023-05-07 16:54:02.400 | INFO     | basepage:find_element_visibility:49 - 查找元素【('xpath', "//span[.='指派']")】在页面DOM树上的第1个
2023-05-07 16:54:02.413 | INFO     | basepage:click_element:89 - 点击元素：【('xpath', "//span[.='指派']")】在DOM树上的第1个
2023-05-07 16:54:02.977 | INFO     | basepage:find_element_visibility:47 - 指派当前登录用户：等待元素【('xpath', "//div[@class='ivu-modal-wrap']//span[.='确定']")】可见,可显示且宽和高都大于0
2023-05-07 16:54:03.005 | INFO     | basepage:find_element_visibility:49 - 查找元素【('xpath', "//div[@class='ivu-modal-wrap']//span[.='确定']")】在页面DOM树上的第1个
2023-05-07 16:54:03.018 | INFO     | basepage:click_element:89 - 点击元素：【('xpath', "//div[@class='ivu-modal-wrap']//span[.='确定']")】在DOM树上的第1个
2023-05-07 16:54:08.820 | INFO     | basepage:find_element_visibility:47 - 点击初审处理中按钮：等待元素【('xpath', "//button[@class='ivu-btn ivu-btn-default']/span/span[contains(.,'初审处理中')]")】可见,可显示且宽和高都大于0
2023-05-07 16:54:08.847 | INFO     | basepage:find_element_visibility:49 - 查找元素【('xpath', "//button[@class='ivu-btn ivu-btn-default']/span/span[contains(.,'初审处理中')]")】在页面DOM树上的第1个
2023-05-07 16:54:08.860 | INFO     | basepage:click_element:89 - 点击元素：【('xpath', "//button[@class='ivu-btn ivu-btn-default']/span/span[contains(.,'初审处理中')]")】在DOM树上的第1个
2023-05-07 16:54:09.427 | INFO     | basepage:find_element_visibility:47 - 成功初审按钮：等待元素【('xpath', "//li[contains(.,'成功(初审)')]")】可见,可显示且宽和高都大于0
2023-05-07 16:54:09.455 | INFO     | basepage:find_element_visibility:49 - 查找元素【('xpath', "//li[contains(.,'成功(初审)')]")】在页面DOM树上的第1个
2023-05-07 16:54:09.468 | INFO     | basepage:click_element:89 - 点击元素：【('xpath', "//li[contains(.,'成功(初审)')]")】在DOM树上的第1个
2023-05-07 16:54:10.545 | INFO     | basepage:find_element_visibility:47 - 输入邮编：等待元素【('xpath', "//label[.='邮编']/../div/div/input")】可见,可显示且宽和高都大于0
2023-05-07 16:54:10.586 | INFO     | basepage:find_element_visibility:49 - 查找元素【('xpath', "//label[.='邮编']/../div/div/input")】在页面DOM树上的第1个
2023-05-07 16:54:10.598 | INFO     | basepage:input_value:109 - 清除元素【('xpath', "//label[.='邮编']/../div/div/input")】位于DOM树上第1个的文本内容
2023-05-07 16:54:10.629 | INFO     | basepage:input_value:111 - 执行输入操作，输入：845545
2023-05-07 16:54:14.788 | INFO     | basepage:find_element_visibility:47 - 点击表单确认按钮：等待元素【('xpath', "//div[@class='ivu-modal-wrap']//span[1]/span[contains(.,'确定')]")】可见,可显示且宽和高都大于0
2023-05-07 16:54:14.816 | INFO     | basepage:find_element_visibility:49 - 查找元素【('xpath', "//div[@class='ivu-modal-wrap']//span[1]/span[contains(.,'确定')]")】在页面DOM树上的第1个
2023-05-07 16:54:14.832 | INFO     | basepage:click_element:89 - 点击元素：【('xpath', "//div[@class='ivu-modal-wrap']//span[1]/span[contains(.,'确定')]")】在DOM树上的第1个
2023-05-07 16:54:25.434 | INFO     | basepage:find_element_visibility:47 - 获取初审完成后的状态：等待元素【('xpath', "//div[@class='ivu-dropdown']/div/button/span/span")】可见,可显示且宽和高都大于0
2023-05-07 16:54:25.468 | INFO     | basepage:find_element_visibility:49 - 查找元素【('xpath', "//div[@class='ivu-dropdown']/div/button/span/span")】在页面DOM树上的第1个
2023-05-07 16:54:25.495 | INFO     | basepage:get_text:141 - 获取元素：【('xpath', "//div[@class='ivu-dropdown']/div/button/span/span")】文本，位于DOM树上第 1 个，返回的文本信息为：成功(初审)
2023-05-07 16:54:25.497 | INFO     | basepage:find_element_visibility:47 - 点击真实账户信息：等待元素【('css selector', "[href='#tdAccount']")】可见,可显示且宽和高都大于0
2023-05-07 16:54:25.517 | INFO     | basepage:find_element_visibility:49 - 查找元素【('css selector', "[href='#tdAccount']")】在页面DOM树上的第1个
2023-05-07 16:54:25.525 | INFO     | basepage:click_element:89 - 点击元素：【('css selector', "[href='#tdAccount']")】在DOM树上的第1个
2023-05-07 16:54:26.210 | INFO     | basepage:find_element_visibility:47 - 获取新开交易账号：等待元素【('xpath', "//span[.='交易账号']/../../../../../../../div[2]//tbody/tr[1]/td[1]//span[1]")】可见,可显示且宽和高都大于0
2023-05-07 16:54:26.237 | INFO     | basepage:find_element_visibility:49 - 查找元素【('xpath', "//span[.='交易账号']/../../../../../../../div[2]//tbody/tr[1]/td[1]//span[1]")】在页面DOM树上的第1个
2023-05-07 16:54:26.258 | INFO     | basepage:get_text:141 - 获取元素：【('xpath', "//span[.='交易账号']/../../../../../../../div[2]//tbody/tr[1]/td[1]//span[1]")】文本，位于DOM树上第 1 个，返回的文本信息为：66201625
2023-05-07 16:54:27.264 | INFO     | bos_clientlist_page_obj:review:111 - 审核状态：成功(初审)
2023-05-07 16:54:27.266 | INFO     | bos_clientlist_page_obj:review:112 - 新开交易账号为：66201625
2023-05-07 16:54:27.281 | INFO     | test_review:test_review:36 - 当前用例：审核主账号： 1200013170
2023-05-07 16:54:27.284 | INFO     | basepage:switch_windows:266 - 切换到窗口列表的第0个:切换到BOS首页窗口
2023-05-07 16:54:28.289 | INFO     | basepage:find_element_presence:68 - 判断客户管理导航栏是否已展开：等待元素【('css selector', '.ivu-menu-submenu')】被加到了dom树里，并不代表该元素一定可见，如果定位到就返回元素
2023-05-07 16:54:28.306 | INFO     | basepage:find_element_presence:71 - 查找元素【('css selector', '.ivu-menu-submenu')】在页面DOM树上的第1个
2023-05-07 16:54:28.316 | INFO     | basepage:get_attribute:161 - 获取元素：【class】的属性，位于DOM树上第 1 个，返回的属性值为：ivu-menu-submenu ivu-menu-item-active ivu-menu-opened ivu-menu-child-item-active
2023-05-07 16:54:28.319 | INFO     | basepage:find_element_visibility:47 - 点击客户名单：等待元素【('xpath', "//span[.='客户名单']")】可见,可显示且宽和高都大于0
2023-05-07 16:54:28.345 | INFO     | basepage:find_element_visibility:49 - 查找元素【('xpath', "//span[.='客户名单']")】在页面DOM树上的第1个
2023-05-07 16:54:28.355 | INFO     | basepage:click_element:89 - 点击元素：【('xpath', "//span[.='客户名单']")】在DOM树上的第1个
2023-05-07 16:54:29.455 | INFO     | basepage:find_element_visibility:47 - 搜索框输入主账号：等待元素【('css selector', '.ivu-input-group-with-append > [placeholder]')】可见,可显示且宽和高都大于0
2023-05-07 16:54:29.475 | INFO     | basepage:find_element_visibility:49 - 查找元素【('css selector', '.ivu-input-group-with-append > [placeholder]')】在页面DOM树上的第1个
2023-05-07 16:54:29.485 | INFO     | basepage:input_value:109 - 清除元素【('css selector', '.ivu-input-group-with-append > [placeholder]')】位于DOM树上第1个的文本内容
2023-05-07 16:54:29.510 | INFO     | basepage:input_value:111 - 执行输入操作，输入：1200013170
2023-05-07 16:54:29.608 | INFO     | basepage:find_element_visibility:47 - 点击搜索按钮：等待元素【('css selector', '.ivu-btn-icon-only > .ivu-icon')】可见,可显示且宽和高都大于0
2023-05-07 16:54:29.626 | INFO     | basepage:find_element_visibility:49 - 查找元素【('css selector', '.ivu-btn-icon-only > .ivu-icon')】在页面DOM树上的第1个
2023-05-07 16:54:29.635 | INFO     | basepage:click_element:89 - 点击元素：【('css selector', '.ivu-btn-icon-only > .ivu-icon')】在DOM树上的第1个
2023-05-07 16:54:33.953 | INFO     | basepage:find_element_visibility:47 - 点击搜索按钮：等待元素【('css selector', '.ivu-btn-icon-only > .ivu-icon')】可见,可显示且宽和高都大于0
2023-05-07 16:54:33.972 | INFO     | basepage:find_element_visibility:49 - 查找元素【('css selector', '.ivu-btn-icon-only > .ivu-icon')】在页面DOM树上的第1个
2023-05-07 16:54:33.979 | INFO     | basepage:click_element:89 - 点击元素：【('css selector', '.ivu-btn-icon-only > .ivu-icon')】在DOM树上的第1个
2023-05-07 16:54:37.591 | INFO     | basepage:find_element_visibility:47 - 点击主账号1200013170进入账号详情页：等待元素【['xpath', "//a[.='1200013170']"]】可见,可显示且宽和高都大于0
2023-05-07 16:54:37.613 | INFO     | basepage:find_element_visibility:49 - 查找元素【['xpath', "//a[.='1200013170']"]】在页面DOM树上的第1个
2023-05-07 16:54:37.623 | INFO     | basepage:click_element:89 - 点击元素：【['xpath', "//a[.='1200013170']"]】在DOM树上的第1个
2023-05-07 16:54:39.175 | INFO     | basepage:switch_windows:266 - 切换到窗口列表的第1个:切换到客户详情页窗口
2023-05-07 16:54:43.293 | INFO     | basepage:find_element_visibility:47 - 点击指派：等待元素【('xpath', "//span[.='指派']")】可见,可显示且宽和高都大于0
2023-05-07 16:54:43.315 | INFO     | basepage:find_element_visibility:49 - 查找元素【('xpath', "//span[.='指派']")】在页面DOM树上的第1个
2023-05-07 16:54:43.324 | INFO     | basepage:click_element:89 - 点击元素：【('xpath', "//span[.='指派']")】在DOM树上的第1个
2023-05-07 16:54:43.902 | INFO     | basepage:find_element_visibility:47 - 指派当前登录用户：等待元素【('xpath', "//div[@class='ivu-modal-wrap']//span[.='确定']")】可见,可显示且宽和高都大于0
2023-05-07 16:54:43.926 | INFO     | basepage:find_element_visibility:49 - 查找元素【('xpath', "//div[@class='ivu-modal-wrap']//span[.='确定']")】在页面DOM树上的第1个
2023-05-07 16:54:43.938 | INFO     | basepage:click_element:89 - 点击元素：【('xpath', "//div[@class='ivu-modal-wrap']//span[.='确定']")】在DOM树上的第1个
2023-05-07 16:54:49.740 | INFO     | basepage:find_element_visibility:47 - 点击初审处理中按钮：等待元素【('xpath', "//button[@class='ivu-btn ivu-btn-default']/span/span[contains(.,'初审处理中')]")】可见,可显示且宽和高都大于0
2023-05-07 16:54:49.764 | INFO     | basepage:find_element_visibility:49 - 查找元素【('xpath', "//button[@class='ivu-btn ivu-btn-default']/span/span[contains(.,'初审处理中')]")】在页面DOM树上的第1个
2023-05-07 16:54:49.775 | INFO     | basepage:click_element:89 - 点击元素：【('xpath', "//button[@class='ivu-btn ivu-btn-default']/span/span[contains(.,'初审处理中')]")】在DOM树上的第1个
2023-05-07 16:54:50.332 | INFO     | basepage:find_element_visibility:47 - 成功初审按钮：等待元素【('xpath', "//li[contains(.,'成功(初审)')]")】可见,可显示且宽和高都大于0
2023-05-07 16:54:50.354 | INFO     | basepage:find_element_visibility:49 - 查找元素【('xpath', "//li[contains(.,'成功(初审)')]")】在页面DOM树上的第1个
2023-05-07 16:54:50.364 | INFO     | basepage:click_element:89 - 点击元素：【('xpath', "//li[contains(.,'成功(初审)')]")】在DOM树上的第1个
2023-05-07 16:54:51.435 | INFO     | basepage:find_element_visibility:47 - 输入邮编：等待元素【('xpath', "//label[.='邮编']/../div/div/input")】可见,可显示且宽和高都大于0
2023-05-07 16:54:51.467 | INFO     | basepage:find_element_visibility:49 - 查找元素【('xpath', "//label[.='邮编']/../div/div/input")】在页面DOM树上的第1个
2023-05-07 16:54:51.476 | INFO     | basepage:input_value:109 - 清除元素【('xpath', "//label[.='邮编']/../div/div/input")】位于DOM树上第1个的文本内容
2023-05-07 16:54:51.505 | INFO     | basepage:input_value:111 - 执行输入操作，输入：845545
2023-05-07 16:54:55.671 | INFO     | basepage:find_element_visibility:47 - 点击表单确认按钮：等待元素【('xpath', "//div[@class='ivu-modal-wrap']//span[1]/span[contains(.,'确定')]")】可见,可显示且宽和高都大于0
2023-05-07 16:54:55.699 | INFO     | basepage:find_element_visibility:49 - 查找元素【('xpath', "//div[@class='ivu-modal-wrap']//span[1]/span[contains(.,'确定')]")】在页面DOM树上的第1个
2023-05-07 16:54:55.712 | INFO     | basepage:click_element:89 - 点击元素：【('xpath', "//div[@class='ivu-modal-wrap']//span[1]/span[contains(.,'确定')]")】在DOM树上的第1个
2023-05-07 16:55:11.771 | INFO     | basepage:find_element_visibility:47 - 获取初审完成后的状态：等待元素【('xpath', "//div[@class='ivu-dropdown']/div/button/span/span")】可见,可显示且宽和高都大于0
2023-05-07 16:55:11.830 | INFO     | basepage:find_element_visibility:49 - 查找元素【('xpath', "//div[@class='ivu-dropdown']/div/button/span/span")】在页面DOM树上的第1个
2023-05-07 16:55:11.864 | INFO     | basepage:get_text:141 - 获取元素：【('xpath', "//div[@class='ivu-dropdown']/div/button/span/span")】文本，位于DOM树上第 1 个，返回的文本信息为：成功(初审)
2023-05-07 16:55:11.867 | INFO     | basepage:find_element_visibility:47 - 点击真实账户信息：等待元素【('css selector', "[href='#tdAccount']")】可见,可显示且宽和高都大于0
2023-05-07 16:55:11.886 | INFO     | basepage:find_element_visibility:49 - 查找元素【('css selector', "[href='#tdAccount']")】在页面DOM树上的第1个
2023-05-07 16:55:11.893 | INFO     | basepage:click_element:89 - 点击元素：【('css selector', "[href='#tdAccount']")】在DOM树上的第1个
2023-05-07 16:55:12.580 | INFO     | basepage:find_element_visibility:47 - 获取新开交易账号：等待元素【('xpath', "//span[.='交易账号']/../../../../../../../div[2]//tbody/tr[1]/td[1]//span[1]")】可见,可显示且宽和高都大于0
2023-05-07 16:55:12.607 | INFO     | basepage:find_element_visibility:49 - 查找元素【('xpath', "//span[.='交易账号']/../../../../../../../div[2]//tbody/tr[1]/td[1]//span[1]")】在页面DOM树上的第1个
2023-05-07 16:55:12.629 | INFO     | basepage:get_text:141 - 获取元素：【('xpath', "//span[.='交易账号']/../../../../../../../div[2]//tbody/tr[1]/td[1]//span[1]")】文本，位于DOM树上第 1 个，返回的文本信息为：672013358
2023-05-07 16:55:13.633 | INFO     | bos_clientlist_page_obj:review:111 - 审核状态：成功(初审)
2023-05-07 16:55:13.636 | INFO     | bos_clientlist_page_obj:review:112 - 新开交易账号为：672013358
