2023-04-12 01:15:37.721 | INFO     | handle_excel:__init__:39 - 读取excle文件 d:\code\API_FRAMWORK\data\BOS接口用例.xlsx 的 新增IBorCL 表单
2023-04-12 01:15:37.756 | INFO     | handle_excel:__init__:39 - 读取excle文件 d:\code\API_FRAMWORK\data\BOS接口用例.xlsx 的 登录接口 表单
2023-04-12 01:15:37.887 | INFO     | handle_replace_mark:replace_mark_by_data:35 - 请求数据中没有要替换的mark
2023-04-12 01:15:37.890 | INFO     | handle_replace_mark:replace_mark_by_data:36 - 返回的请求数据为str：{"account":"tyler.tang","passwd":"a12e16f04b1794c327b5d70f8954ff2f"}
2023-04-12 01:15:37.891 | INFO     | handle_requests:request:26 - 将json字符串转换为字典作为请求数据，json请求数据为dict：{'account': 'tyler.tang', 'passwd': 'a12e16f04b1794c327b5d70f8954ff2f'}
2023-04-12 01:15:38.289 | INFO     | handle_extract:handleExtract:29 - 提取的全局变量为token：eyJhbGciOiJIUzI1NiIsInR5cCI6IkpXVCJ9.eyJhY2NvdW50IjoidHlsZXIudGFuZyIsImlhdCI6MTY4MTIzMzMzOCwiZXhwIjoxNjgxMzE5NzM4fQ.BLex6skdbS5LQdVfztisgIq2EPF0f6iCHxPfkMR-rYc
2023-04-12 01:15:38.297 | INFO     | handle_requests:request:21 - 该请求需要token鉴权，发送请求的headers为：{'locale': 'zh-CN', 'Authorization': 'bearereyJhbGciOiJIUzI1NiIsInR5cCI6IkpXVCJ9.eyJhY2NvdW50IjoidHlsZXIudGFuZyIsImlhdCI6MTY4MTIzMzMzOCwiZXhwIjoxNjgxMzE5NzM4fQ.BLex6skdbS5LQdVfztisgIq2EPF0f6iCHxPfkMR-rYc'}
2023-04-12 01:15:38.303 | INFO     | handle_requests:request:34 - 将python字符串转换为字典作为请求数据，files请求数据为dict：{'file': ('address.jpg', <_io.BufferedReader name='d:\\code\\API_FRAMWORK\\imgs\\address.jpg'>, 'image/jpeg')}
2023-04-12 01:15:38.551 | INFO     | handle_requests:request:21 - 该请求需要token鉴权，发送请求的headers为：{'locale': 'zh-CN', 'Authorization': 'bearereyJhbGciOiJIUzI1NiIsInR5cCI6IkpXVCJ9.eyJhY2NvdW50IjoidHlsZXIudGFuZyIsImlhdCI6MTY4MTIzMzMzOCwiZXhwIjoxNjgxMzE5NzM4fQ.BLex6skdbS5LQdVfztisgIq2EPF0f6iCHxPfkMR-rYc'}
2023-04-12 01:15:38.553 | WARNING  | handle_requests:request:37 - python字符串转换字典失败，返回字符串：{'file':('cat.jpg',open(os.path.join(SystemEnv.ROOT_PATH,'imgs','cat.jpg'),'rb'),'image/jpeg')}
2023-04-12 01:15:38.574 | INFO     | handle_replace_mark:replace_mark_by_data:23 - 请求数据中有要替换的mark
2023-04-12 01:15:38.575 | INFO     | handle_replace_mark:replace_mark_by_data:25 - 需要替换的mark：['pic_path', 'end_str', 'ramdom_address', 'pic_path2', 'random_date', 'cur_time', 'random_str']
2023-04-12 01:15:38.577 | INFO     | handle_replace_mark:replace_mark_by_data:33 - 从python方法返回的值来替换请求数据中的mark：将 #end_str# 替换为DZQR69942TYLER
2023-04-12 01:15:38.578 | INFO     | handle_replace_mark:replace_mark_by_data:33 - 从python方法返回的值来替换请求数据中的mark：将 #ramdom_address# 替换为重庆市杭州市萧山巩路H座 173503
2023-04-12 01:15:38.580 | INFO     | handle_replace_mark:replace_mark_by_data:33 - 从python方法返回的值来替换请求数据中的mark：将 #random_date# 替换为1999-06-26
2023-04-12 01:15:38.581 | INFO     | handle_replace_mark:replace_mark_by_data:33 - 从python方法返回的值来替换请求数据中的mark：将 #cur_time# 替换为1681233338581
2023-04-12 01:15:38.583 | INFO     | handle_replace_mark:replace_mark_by_data:33 - 从python方法返回的值来替换请求数据中的mark：将 #random_str# 替换为jFojEajWbvn
2023-04-12 01:15:38.584 | INFO     | handle_replace_mark:replace_mark_by_data:36 - 返回的请求数据为str：{
 "entity": "MU",
 "clientInfo": {
  "isUSresident": false,
  "phoneAreaCode": "970",
  "firstName": "TEST",
  "middleName": "",
  "lastName": "MLP55TYLER",
  "accountTag": "",
  "dbaName": "",
  "gender": "O",
  "birthDate": "1994-06-08",
  "ageRiskConfirm": "",
  "country": "PSE",
  "phone": "1681233338581",
  "city": "PLHcVpGbgAAR",
  "addr": "贵州省秀珍县闵行骆路v座 372732",
  "proofOfAddressType": "credit_card_statement",
  "addrSpecify": "",
  "docIssuingCountry": "ARG",
  "docType": "POT",
  "docNo": "1681233338581",
  "docExpirationDate": "",
  "noExpiryDate": true,
  "nationality": "afghan",
  "nationalSecurityNumber": "",
  "isMultiNationality": false,
  "secondCitizenship": "",
  "email": "1681233338581@qq.com",
  "language": "CHT",
  "docFrontImg": {
   "addr": "#pic_path#",
   "name": "creataccount.jpg",
   "imgDeg": 0
  },
  "docBackImg": {
   "addr": "#pic_path2#",
   "name": "cat.jpg",
   "imgDeg": 0
  },
  "proofOfAddress": {
   "addr": "#pic_path2#",
   "name": "address.jpg",
   "imgDeg": 0
  },
  "otherFiles": [],
  "fullName": "TEST  MLP55TYLER"
 },
 "accountInfo": {
  "accType": "IB",
  "level": "9",
  "parentCode": "MSE",
  "riskLevel": "Undetermined",
  "ibCode": "REOEUDMN1111",
  "ibLink": ["A02", "A01"],
  "masterAccountFundAuthority": {
   "depositInd": true,
   "withdrawalInd": true,
   "fundTransferInd": true
  },
  "enabled": true,
  "createTd": true,
  "tradeAccountType": "mt4",
  "region": "7",
  "mtRegion": "SEA",
  "mtGroup": "demoforex",
  "zipCode": "3333333",
  "city": "",
  "state": "",
  "tradeAccountFundAuthority": {
   "depositInd": true,
   "withdrawalInd": true,
   "fundTransferInd": true
  },
  "comment": "",
  "copyTrade": "",
  "td_type": "IBC",
  "mtName": "mt4_s02",
  "parentAccountNumber": 188805
 },
 "bankInfo": {
  "bankAccount": [],
  "bankWire": [],
  "eChannel": [],
  "cryptoWallet": [],
  "gateToPay": []
 },
 "financial": {
  "employmentType": "salaried",
  "industry": "accounting",
  "industrySpecify": "",
  "occupation": "PLHcVpGbgAAR",
  "employerName": "TEWTEW",
  "annuaBasiclSalary": "2",
  "extralncome": "rentalIncome",
  "extralncomeSpecify": "",
  "annualGrossIncome": "1",
  "depositAmmount": "0",
  "fundsSource": "property"
 },
 "declarations": {
  "declarationsLegalFund": true,
  "que_owner": true,
  "declarationsAct2002": true,
  "declarationsOffence": true,
  "declarationsAge": true,
  "declarationsPep": true,
  "declarationsSourceOfIncome": true,
  "acknowledgementInfo": true,
  "acknowledgementTermPolicy": true
 }
}
2023-04-12 01:15:38.596 | INFO     | handle_requests:request:21 - 该请求需要token鉴权，发送请求的headers为：{'locale': 'zh-CN', 'Authorization': 'bearereyJhbGciOiJIUzI1NiIsInR5cCI6IkpXVCJ9.eyJhY2NvdW50IjoidHlsZXIudGFuZyIsImlhdCI6MTY4MTIzMzMzOCwiZXhwIjoxNjgxMzE5NzM4fQ.BLex6skdbS5LQdVfztisgIq2EPF0f6iCHxPfkMR-rYc'}
2023-04-12 01:15:38.598 | INFO     | handle_requests:request:26 - 将json字符串转换为字典作为请求数据，json请求数据为dict：{'entity': 'MU', 'clientInfo': {'isUSresident': False, 'phoneAreaCode': '970', 'firstName': 'TEST', 'middleName': '', 'lastName': 'MLP55TYLER', 'accountTag': '', 'dbaName': '', 'gender': 'O', 'birthDate': '1994-06-08', 'ageRiskConfirm': '', 'country': 'PSE', 'phone': '1681233338581', 'city': 'PLHcVpGbgAAR', 'addr': '贵州省秀珍县闵行骆路v座 372732', 'proofOfAddressType': 'credit_card_statement', 'addrSpecify': '', 'docIssuingCountry': 'ARG', 'docType': 'POT', 'docNo': '1681233338581', 'docExpirationDate': '', 'noExpiryDate': True, 'nationality': 'afghan', 'nationalSecurityNumber': '', 'isMultiNationality': False, 'secondCitizenship': '', 'email': '1681233338581@qq.com', 'language': 'CHT', 'docFrontImg': {'addr': '#pic_path#', 'name': 'creataccount.jpg', 'imgDeg': 0}, 'docBackImg': {'addr': '#pic_path2#', 'name': 'cat.jpg', 'imgDeg': 0}, 'proofOfAddress': {'addr': '#pic_path2#', 'name': 'address.jpg', 'imgDeg': 0}, 'otherFiles': [], 'fullName': 'TEST  MLP55TYLER'}, 'accountInfo': {'accType': 'IB', 'level': '9', 'parentCode': 'MSE', 'riskLevel': 'Undetermined', 'ibCode': 'REOEUDMN1111', 'ibLink': ['A02', 'A01'], 'masterAccountFundAuthority': {'depositInd': True, 'withdrawalInd': True, 'fundTransferInd': True}, 'enabled': True, 'createTd': True, 'tradeAccountType': 'mt4', 'region': '7', 'mtRegion': 'SEA', 'mtGroup': 'demoforex', 'zipCode': '3333333', 'city': '', 'state': '', 'tradeAccountFundAuthority': {'depositInd': True, 'withdrawalInd': True, 'fundTransferInd': True}, 'comment': '', 'copyTrade': '', 'td_type': 'IBC', 'mtName': 'mt4_s02', 'parentAccountNumber': 188805}, 'bankInfo': {'bankAccount': [], 'bankWire': [], 'eChannel': [], 'cryptoWallet': [], 'gateToPay': []}, 'financial': {'employmentType': 'salaried', 'industry': 'accounting', 'industrySpecify': '', 'occupation': 'PLHcVpGbgAAR', 'employerName': 'TEWTEW', 'annuaBasiclSalary': '2', 'extralncome': 'rentalIncome', 'extralncomeSpecify': '', 'annualGrossIncome': '1', 'depositAmmount': '0', 'fundsSource': 'property'}, 'declarations': {'declarationsLegalFund': True, 'que_owner': True, 'declarationsAct2002': True, 'declarationsOffence': True, 'declarationsAge': True, 'declarationsPep': True, 'declarationsSourceOfIncome': True, 'acknowledgementInfo': True, 'acknowledgementTermPolicy': True}}
2023-04-12 01:15:38.631 | INFO     | test_login:test_login_bos:28 - 当前用例：登录成功
2023-04-12 01:15:38.633 | INFO     | test_login:test_login_bos:31 - 判断请求数据中是否有要替换的mark:
2023-04-12 01:15:38.634 | INFO     | handle_replace_mark:replace_mark_by_data:35 - 请求数据中没有要替换的mark
2023-04-12 01:15:38.636 | INFO     | handle_replace_mark:replace_mark_by_data:36 - 返回的请求数据为str：{"account":"tyler.tang","passwd":"a12e16f04b1794c327b5d70f8954ff2f"}
2023-04-12 01:15:38.637 | INFO     | test_login:test_login_bos:38 - 判断请求数据中是token需要传递:
2023-04-12 01:15:38.638 | INFO     | test_login:test_login_bos:45 - 发起请求
2023-04-12 01:15:38.640 | INFO     | handle_requests:request:21 - 该请求需要token鉴权，发送请求的headers为：{'locale': 'zh-CN', 'Authorization': 'bearereyJhbGciOiJIUzI1NiIsInR5cCI6IkpXVCJ9.eyJhY2NvdW50IjoidHlsZXIudGFuZyIsImlhdCI6MTY4MTIzMzMzOCwiZXhwIjoxNjgxMzE5NzM4fQ.BLex6skdbS5LQdVfztisgIq2EPF0f6iCHxPfkMR-rYc'}
2023-04-12 01:15:38.641 | INFO     | handle_requests:request:26 - 将json字符串转换为字典作为请求数据，json请求数据为dict：{'account': 'tyler.tang', 'passwd': 'a12e16f04b1794c327b5d70f8954ff2f'}
2023-04-12 01:15:38.738 | INFO     | test_login:test_login_bos:60 - 请求响应数据为：{'code': 10000, 'message': 'ok', 'data': {'token': 'eyJhbGciOiJIUzI1NiIsInR5cCI6IkpXVCJ9.eyJhY2NvdW50IjoidHlsZXIudGFuZyIsImlhdCI6MTY4MTIzMzMzOCwiZXhwIjoxNjgxMzE5NzM4fQ.BLex6skdbS5LQdVfztisgIq2EPF0f6iCHxPfkMR-rYc', 'user': {'account': 'tyler.tang', 'user_info': {'username': 'Tyler.Tang', 'state': 1}, 'auth_info': {'role': 'admin', 'detail': [{'entity': 'GM', 'businesses': [{'name': 'clientRequest', 'behaviors': [{'bid': 'SYS1', 'remark': 'Hide this Menu of the Sider'}, {'bid': 'A-C-1', 'remark': '新增请求按钮'}, {'bid': 'A-C-3', 'remark': '表格每行的指派按钮'}, {'bid': 'A-C-4', 'remark': '页面header处的指派按钮'}, {'bid': 'B-W-1', 'remark': '开启 / 关闭查看电话邮箱的权限'}, {'bid': 'A-C-6', 'remark': '编辑注释按钮'}, {'bid': 'A-C-7', 'remark': '导出按钮'}]}, {'name': 'transactionAccount', 'behaviors': [{'bid': 'SYS1', 'remark': 'Hide this Menu of the Sider'}, {'bid': 'A-F-1', 'remark': 'Add a new trading account button'}, {'bid': 'A-F-2', 'remark': '显示/隐藏 详情查看按钮'}]}, {'name': 'p2cDepositList', 'behaviors': [{'bid': 'A-G-1', 'remark': '按钮：把验证中状态改为未处理'}, {'bid': 'A-G-2', 'remark': '按钮：编辑当前选中的一条订单'}, {'bid': 'A-G-3', 'remark': '按钮：弹出抽屉显示当前entity下p2c收款渠道'}, {'bid': 'A-G-4', 'remark': '按钮：新增收款公账'}, {'bid': 'A-G-5', 'remark': '按钮：把当前收款公账状态设为正在使用'}, {'bid': 'A-G-6', 'remark': '按钮：保存排序'}, {'bid': 'A-G-7', 'remark': '开关：是否可编辑'}, {'bid': 'A-G-8', 'remark': '按钮：删除当前银行公账'}, {'bid': 'A-G-9', 'remark': '按钮：复制'}]}, {'name': 'depositList', 'behaviors': [{'bid': 'SYS1', 'remark': 'Hide this Menu of the Sider'}, {'bid': 'A-H-1', 'remark': '按钮：后台新增一条入金'}, {'bid': 'A-H-2', 'remark': '按钮：对未处理的订单做完成操作，对接MT接口'}, {'bid': 'A-H-3', 'remark': '按钮：对未处理的订单做拒绝操作'}, {'bid': 'A-H-4', 'remark': '按钮：对上锁的订单做解锁操作'}, {'bid': 'A-H-5', 'remark': '按钮：对未处理的订单做失败操作'}, {'bid': 'A-H-6', 'remark': '按钮：修改某条订单的备注信息'}, {'bid': 'A-H-7', 'remark': '按钮：把验证中或凭证上传的订单转为未处理状态'}, {'bid': 'A-H-8', 'remark': '按钮：对状态为成功的订单做撤回操作，对接MT接口'}, {'bid': 'A-H-9', 'remark': '按钮：导出当前搜索条件下的所有数据'}, {'bid': 'A-H-10', 'remark': '按钮：编辑'}, {'bid': 'A-H-11', 'remark': '按钮：调整'}, {'bid': 'A-H-12', 'remark': '按钮：删除'}, {'bid': 'A-H-13', 'remark': 'Operation'}, {'bid': 'A-H-14', 'remark': 'Gateway Logs'}, {'bid': 'A-H-15', 'remark': '按钮：复制'}]}, {'name': 'exgRateList', 'behaviors': [{'bid': 'SYS1', 'remark': 'Hide this Menu of the Sider'}, {'bid': 'B-S-1', 'remark': '显示汇率管理页面'}]}, {'name': 'withdrawList', 'behaviors': [{'bid': 'SYS1', 'remark': 'Hide this Menu of the Sider'}, {'bid': 'A-I-1', 'remark': '按钮：对状态为未处理的订单做完成操作, 对接MT接口'}, {'bid': 'A-I-2', 'remark': '按钮：对上锁的订单做解锁操作'}, {'bid': 'A-I-3', 'remark': '按钮：对未处理的订单做拒绝操作'}, {'bid': 'A-I-4', 'remark': '按钮：修改某条订单的备注信息'}, {'bid': 'A-I-5', 'remark': '按钮：对未处理的订单做修改取款金额操作'}, {'bid': 'A-I-6', 'remark': '按钮：对状态为成功的订单做撤回操作，对接MT接口'}, {'bid': 'A-I-7', 'remark': '按钮：对状态为未处理的订单做批量完成操作, 上传excel, 对接MT接口'}, {'bid': 'A-I-8', 'remark': '按钮：导出当前搜索条件下的所有数据'}, {'bid': 'A-I-9', 'remark': '按钮：可修改当前订单所使用的渠道'}, {'bid': 'A-I-10', 'remark': '按钮：批量发送'}, {'bid': 'A-I-11', 'remark': '按钮：调整'}, {'bid': 'A-I-12', 'remark': '按钮：删除'}, {'bid': 'A-I-14', 'remark': '按钮：查负数'}, {'bid': 'A-I-15', 'remark': '按钮：复制'}]}, {'name': 'transferList', 'behaviors': [{'bid': 'SYS1', 'remark': 'Hide this Menu of the Sider'}, {'bid': 'A-J-1', 'remark': '按钮：导出当前搜索条件下的所有数据'}, {'bid': 'A-J-2', 'remark': '按钮: 完成'}, {'bid': 'A-J-3', 'remark': '按钮: 拒绝'}, {'bid': 'A-J-4', 'remark': '按钮：设置'}, {'bid': 'A-J-5', 'remark': '按钮：复制'}]}, {'name': 'settlement', 'behaviors': [{'bid': 'SYS1', 'remark': 'Hide this Menu of the Sider'}, {'bid': 'A-K-1', 'remark': '结算处理 Tabs 标签页 '}, {'bid': 'A-K-2', 'remark': '订单编号 Tabs 标签页'}, {'bid': 'A-K-3', 'remark': '按钮：为待处理的订单选择出金渠道'}, {'bid': 'A-K-4', 'remark': '按钮：后台新增自助出金'}, {'bid': 'A-K-5', 'remark': '按钮：批量导入自助出金, 上传excel'}, {'bid': 'A-K-6', 'remark': '按钮：查看结算订单列表, 可编辑'}, {'bid': 'A-K-7', 'remark': '按钮：修改该笔订单出金金额'}, {'bid': 'A-K-8', 'remark': '按钮：订单编号>导出当前搜索条件下的所有数据'}, {'bid': 'A-K-9', 'remark': '按钮:删除未处理和未审核的订单'}, {'bid': 'A-K-10', 'remark': '按钮：复制'}]}, {'name': 'fundAdjust', 'behaviors': [{'bid': 'SYS1', 'remark': 'Hide this Menu of the Sider'}, {'bid': 'A-L-1', 'remark': '按钮：新增'}, {'bid': 'A-L-2', 'remark': '按钮：审核'}, {'bid': 'A-L-3', 'remark': '按钮：取消此次资金调整'}, {'bid': 'A-L-4', 'remark': '按钮：导入'}, {'bid': 'A-L-5', 'remark': '按钮: 解锁'}, {'bid': 'A-L-6', 'remark': '按钮： 导出'}, {'bid': 'A-L-7', 'remark': '按钮：复制'}]}, {'name': 'paymentList', 'behaviors': [{'bid': 'SYS1', 'remark': 'Hide this Menu of the Sider'}, {'bid': 'A-M-1', 'remark': '按钮：保存当前修改'}, {'bid': 'A-M-2', 'remark': '按钮：开启关闭支付管道'}, {'bid': 'A-M-3', 'remark': '下拉按钮：显示/隐藏折叠面板'}, {'bid': 'A-M-3-1', 'remark': '按钮：保存当前面板的修改'}, {'bid': 'A-M-3-2', 'remark': '按钮：保存渠上限数据'}, {'bid': 'A-M-3-3', 'remark': '按钮：保存入金上限设定'}, {'bid': 'A-M-4', 'remark': '按钮： 新增psp渠道组'}, {'bid': 'A-M-3-4', 'remark': '按钮：基础配置'}]}, {'name': 'bankwireList', 'behaviors': [{'bid': 'A-N-1', 'remark': '按钮:  新增'}, {'bid': 'A-N-2', 'remark': '按钮:  详情'}, {'bid': 'A-N-3', 'remark': '按钮:  编辑详细数据'}]}, {'name': 'payoutList', 'behaviors': [{'bid': 'SYS1', 'remark': 'Hide this Menu of the Sider'}, {'bid': 'A-O-1', 'remark': '按钮：新增一条清钱或调整记录'}, {'bid': 'A-O-2', 'remark': '新增 -> 清钱 Tabs 标签页'}, {'bid': 'A-O-3', 'remark': '新增 -> 调整 Tabs 标签页'}, {'bid': 'A-O-4', 'remark': '按钮：取消状态为待确认的记录'}, {'bid': 'A-O-5', 'remark': '按钮：确认完成状态为待确认的记录'}, {'bid': 'A-O-6', 'remark': '按钮：批量导入记录, 上传excel'}]}, {'name': 'instantRate', 'behaviors': [{'bid': 'SYS1', 'remark': 'Hide this Menu of the Sider'}, {'bid': 'A-P-1', 'remark': '按钮：获取最新汇率数据'}, {'bid': 'A-P-2', 'remark': '按钮：导出实时汇率'}, {'bid': 'A-P-4', 'remark': '启用或禁用自动更新汇率的按钮'}, {'bid': 'A-P-3', 'remark': '按钮：导出历史汇率'}, {'bid': 'A-P-5', 'remark': 'Live Exchange Rate'}, {'bid': 'A-P-6', 'remark': 'History Exchange Rate'}, {'bid': 'A-P-7', 'remark': 'Operation Log'}]}, {'name': 'rateSetting', 'behaviors': [{'bid': 'SYS1', 'remark': 'Hide this Menu of the Sider'}, {'bid': 'A-Q-1', 'remark': '按钮：根据币种条件查询匹配的汇率调整记录'}, {'bid': 'A-Q-2', 'remark': '折叠面板： 入金汇率调整列表'}, {'bid': 'A-Q-3', 'remark': '按钮：新增一条入金调整记录'}, {'bid': 'A-Q-4', 'remark': '按钮：编辑一条入金调整记录'}, {'bid': 'A-Q-5', 'remark': '按钮：审核一条入金调整记录'}, {'bid': 'A-Q-6', 'remark': '折叠面板：出金汇率调整列表'}, {'bid': 'A-Q-7', 'remark': '按钮：新增一条出金调整记录'}, {'bid': 'A-Q-8', 'remark': '按钮：编辑一条出金调整记录'}, {'bid': 'A-Q-9', 'remark': '按钮：审核一条出金调整记录'}, {'bid': 'A-Q-10', 'remark': '折叠面板：转账汇率调整列表'}, {'bid': 'A-Q-11', 'remark': '按钮：新增一条转账调整记录'}, {'bid': 'A-Q-12', 'remark': '按钮：编辑一条转账调整记录'}, {'bid': 'A-Q-13', 'remark': '按钮：审核一条转账调整记录'}]}, {'name': 'reportDeposit', 'behaviors': [{'bid': 'SYS1', 'remark': 'Hide this Menu of the Sider'}, {'bid': 'A-X-1', 'remark': '导出'}]}, {'name': 'moneyRecord', 'behaviors': [{'bid': 'SYS1', 'remark': 'Hide this Menu of the Sider'}, {'bid': 'A-Y-1', 'remark': '按钮：根据当前搜索条件远程搜索相匹配数据'}]}, {'name': 'tradeRecord', 'behaviors': [{'bid': 'SYS1', 'remark': 'Hide this Menu of the Sider'}, {'bid': 'A-Z-1', 'remark': '按钮：查询'}]}, {'name': 'emailrecord', 'behaviors': [{'bid': 'SYS1', 'remark': 'Hide this Menu of the Sider'}, {'bid': 'B-B-1', 'remark': '开启/关闭 邮件重发按钮'}, {'bid': 'B-W-1', 'remark': '开启/关闭 完整查看电话邮箱的按钮'}, {'bid': 'B-B-2', 'remark': '开启 / 关闭 查看邮箱禁用列表'}, {'bid': 'B-B-3', 'remark': '开启 / 关闭 查看已解禁邮箱列表'}, {'bid': 'B-B-4', 'remark': '开启/关闭 禁用移除按钮'}, {'bid': 'B-B-5', 'remark': '开启 / 关闭 查看邮件列表'}, {'bid': 'B-B-6', 'remark': '开启 / 关闭 查看短信列表'}]}, {'name': 'portalNotice', 'behaviors': [{'bid': 'A-R-1', 'remark': '按钮: 新增一条消息'}, {'bid': 'A-R-2', 'remark': '按钮: 修改一条消息'}, {'bid': 'A-R-3', 'remark': '按钮: 删除一条消息'}, {'bid': 'A-R-4', 'remark': '按钮: 推送消息到会员中心'}]}, {'name': 'portalNews', 'behaviors': [{'bid': 'SYS1', 'remark': 'Hide this Menu of the Sider'}, {'bid': 'A-S-1', 'remark': '按钮: 添加/删除关键词'}, {'bid': 'A-S-2', 'remark': '按钮: 置顶'}, {'bid': 'A-S-3', 'remark': '按钮: 推送消息到会员中心'}]}, {'name': 'bannerNotice', 'behaviors': [{'bid': 'A-T-1', 'remark': '按钮：添加banner'}, {'bid': 'A-T-2', 'remark': '按钮：查看banner'}, {'bid': 'A-T-3', 'remark': '按钮：删除banner'}]}, {'name': 'clientBlkList', 'behaviors': [{'bid': 'SYS1', 'remark': 'Hide this Menu of the Sider'}, {'bid': 'A-U-1', 'remark': '新增黑名单按钮'}, {'bid': 'A-U-2', 'remark': '修改黑名单按钮'}, {'bid': 'A-U-3', 'remark': '删除黑名单按钮'}, {'bid': 'A-U-4', 'remark': '导入黑名单按钮'}, {'bid': 'A-U-5', 'remark': '查看新增的黑名单规则是否匹配到现有主账号'}, {'bid': 'A-U-7', 'remark': '导出黑名单列表'}, {'bid': 'A-U-6', 'remark': '下载导入模板'}, {'bid': 'B-W-1', 'remark': '开启 / 关闭查看电话邮箱的权限'}]}, {'name': 'IBBlkList', 'behaviors': [{'bid': 'SYS1', 'remark': 'Hide this Menu of the Sider'}, {'bid': 'A-V-1', 'remark': '新增代理黑名单'}, {'bid': 'A-V-2', 'remark': '修改代理黑名单'}, {'bid': 'A-V-3', 'remark': '删除代理黑名单'}]}, {'name': 'doNotProcess', 'behaviors': [{'bid': 'SYS1', 'remark': 'Hide this Menu of the Sider'}, {'bid': 'A-W-1', 'remark': '新增一条出金不办理记录'}, {'bid': 'A-W-2', 'remark': '编辑出金不办理记录'}]}, {'name': 'languageManagement', 'behaviors': [{'bid': 'SYS1', 'remark': 'Hide this Menu of the Sider'}, {'bid': 'B-C-1', 'remark': '允许访问语言包管理'}]}, {'name': 'countryManagement', 'behaviors': [{'bid': 'SYS1', 'remark': 'Hide this Menu of the Sider'}, {'bid': 'B-D-1', 'remark': 'Allow access to Country List “Edit” operation button'}, {'bid': 'B-D-2', 'remark': 'Allow access to Country List “Add” operation button'}, {'bid': 'B-D-3', 'remark': 'Allow access to Country List “Delete” operation button'}, {'bid': 'B-D-4', 'remark': 'Allow access to Nationality List “Import” operation button'}, {'bid': 'B-D-5', 'remark': 'Allow access to “Country List” page'}, {'bid': 'B-D-6', 'remark': 'Allow access to “Nationality List” page'}, {'bid': 'B-D-7', 'remark': 'Allow access to Nationality List “Edit” operation button'}, {'bid': 'B-D-8', 'remark': 'Allow access to Nationality List “Add” operation button'}, {'bid': 'B-D-9', 'remark': 'Allow access to Nationality List “Delete” operation button'}, {'bid': 'B-D-10', 'remark': 'Allow access to Nationality List “Import” operation button'}, {'bid': 'B-D-11', 'remark': 'Allow access to Country List “Country Name Key” operation button'}, {'bid': 'B-D-12', 'remark': 'Allow access to Nationality List “Nationality Name Key” operation button'}]}, {'name': 'userList', 'behaviors': [{'bid': 'SYS1', 'remark': 'Hide this Menu of the Sider'}, {'bid': 'B-G-1', 'remark': '允许访问用户列表'}, {'bid': 'B-W-1', 'remark': '开启 / 关闭查看电话邮箱的权限'}, {'bid': 'B-G-2', 'remark': '按钮: 添加'}, {'bid': 'B-G-3', 'remark': '按钮: 修改'}, {'bid': 'B-G-4', 'remark': '按钮: 删除'}]}, {'name': 'roleList', 'behaviors': [{'bid': 'SYS1', 'remark': 'Hide this Menu of the Sider'}, {'bid': 'B-H-1', 'remark': '允许访问角色列表'}, {'bid': 'B-H-2', 'remark': '按钮: 添加'}, {'bid': 'B-H-3', 'remark': '按钮: 修改'}, {'bid': 'B-H-4', 'remark': '按钮: 删除'}, {'bid': 'B-H-5', 'remark': '按钮：复制'}, {'bid': 'B-H-6', 'remark': 'Allow access to “Data Visibility Sets Setting” page'}, {'bid': 'B-H-7', 'remark': 'Allow access to “Create Sets” operation button'}, {'bid': 'B-H-8', 'remark': 'Allow access to “Delete” operation button'}]}, {'name': 'pageManage', 'behaviors': [{'bid': 'SYS1', 'remark': 'Hide this Menu of the Sider'}, {'bid': 'B-I-1', 'remark': '允许访问页面管理'}]}, {'name': 'activationSetting', 'behaviors': [{'bid': 'SYS1', 'remark': 'Hide this Menu of the Sider'}, {'bid': 'B-J-1', 'remark': '按钮：添加设定'}, {'bid': 'B-J-2', 'remark': '按钮：编辑设定'}, {'bid': 'B-J-3', 'remark': '按钮：删除设定'}]}, {'name': 'promotionList', 'behaviors': [{'bid': 'SYS1', 'remark': 'Hide this Menu of the Sider'}]}, {'name': 'emailtemplate', 'behaviors': [{'bid': 'SYS1', 'remark': 'Hide this Menu of the Sider'}, {'bid': 'B-L-1', 'remark': '按钮：模板框架编辑'}, {'bid': 'B-L-2', 'remark': '按钮：邮件模板新增'}, {'bid': 'B-L-3', 'remark': '按钮：邮件模板删除'}, {'bid': 'B-L-4', 'remark': '按钮：邮件模板编辑'}]}, {'name': 'emailFindAndReplace', 'behaviors': [{'bid': 'SYS1', 'remark': 'Hide this Menu of the Sider'}, {'bid': 'B-M-1', 'remark': '按钮：邮件模板内容批量查找与修改'}, {'bid': 'B-M-2', 'remark': '按钮：邮件模板内容查找与批量替换'}]}, {'name': 'approve', 'behaviors': [{'bid': 'SYS1', 'remark': 'Hide this Menu of the Sider'}, {'bid': 'A-D-1', 'remark': '验证三要素模块'}, {'bid': 'B-W-1', 'remark': '开启 / 关闭查看电话邮箱的权限'}]}, {'name': 'currencyManagement', 'behaviors': [{'bid': 'B-N-1', 'remark': '按钮：新增币种信息'}, {'bid': 'B-N-2', 'remark': '按钮：修改币种信息'}, {'bid': 'B-N-3', 'remark': '按钮：删除币种记录'}, {'bid': 'SYS1', 'remark': 'Hide this Menu of the Sider'}]}, {'name': 'groupManagement', 'behaviors': [{'bid': 'B-E-2', 'remark': '按钮:组别列表-编辑'}, {'bid': 'SYS1', 'remark': 'Hide this Menu of the Sider'}, {'bid': 'B-E-0', 'remark': '显示组别管理页面'}, {'bid': 'B-E-4', 'remark': '按钮:组别列表-更新组别库'}, {'bid': 'B-E-5', 'remark': '显示组别列表'}, {'bid': 'B-E-6', 'remark': '显示缺省组别设定'}, {'bid': 'B-E-7', 'remark': '显示IB开户表格组别设定'}, {'bid': 'B-E-8', 'remark': '显示专属链接捆绑组别'}, {'bid': 'B-E-6-1', 'remark': '按钮：缺省组别设定 - 新增'}, {'bid': 'B-E-6-2', 'remark': '按钮：缺省组别设定 - 删除'}, {'bid': 'B-E-6-3', 'remark': '按钮：缺省组别设定 - 编辑'}, {'bid': 'B-E-7-1', 'remark': '按钮：IB开户表格组别设定 - 新增'}, {'bid': 'B-E-7-2', 'remark': '按钮：IB开户表格组别设定 - 删除'}, {'bid': 'B-E-8-1', 'remark': '按钮：专属链接捆绑组别 - 新增'}, {'bid': 'B-E-8-2', 'remark': '按钮：专属链接捆绑组别 - 编辑'}, {'bid': 'B-E-8-3', 'remark': '按钮：专属链接捆绑组别 - 删除'}, {'bid': 'B-E-8-4', 'remark': '按钮：专属链接捆绑组别 - 新增组类别'}]}, {'name': 'settlementBatch', 'behaviors': [{'bid': 'B-P-1', 'remark': '批量结算'}, {'bid': 'B-P-2', 'remark': '订单编号'}, {'bid': 'B-P-3', 'remark': '导入'}, {'bid': 'B-P-4', 'remark': '批次号点击弹窗'}, {'bid': 'B-P-5', 'remark': '批次号弹窗 -> 拒绝'}, {'bid': 'B-P-6', 'remark': '批次号弹窗 -> 审核通过'}, {'bid': 'B-P-7', 'remark': '批次号弹窗 -> 选择支付渠道'}, {'bid': 'B-P-8', 'remark': '出金渠道点击弹窗'}, {'bid': 'B-P-9', 'remark': '订单编号 -> 导出'}, {'bid': 'B-P-10', 'remark': '按钮：删除待处理和未审核订单'}, {'bid': 'B-P-11', 'remark': '按钮：复制'}]}, {'name': 'loginToClientPortal', 'behaviors': [{'bid': 'SYS1', 'remark': 'Hide this Menu of the Sider'}, {'bid': 'A-E-1', 'remark': '允许访问会员中心登录页面\t'}]}, {'name': 'exportDataRecord', 'behaviors': [{'bid': 'SYS1', 'remark': 'SYS1'}, {'bid': 'A-A-B-2', 'remark': '/report/exportDataRecord  导出记录'}]}, {'name': 'creditCardDeposit', 'behaviors': [{'bid': 'B-S-1', 'remark': '搜索'}, {'bid': 'B-S-2', 'remark': '导出'}, {'bid': 'B-S-3', 'remark': '编辑'}]}, {'name': 'esearch', 'behaviors': [{'bid': 'SYS1', 'remark': 'Hide this Menu of the Sider'}]}, {'name': 'requestReport', 'behaviors': [{'bid': 'SYS1', 'remark': 'Hide this Menu of the Sider'}, {'bid': 'A-A-B-3', 'remark': '/report/requestReport 客户请求报表'}]}, {'name': 'userLoginLog', 'behaviors': [{'bid': 'SYS1', 'remark': 'Hide this Menu of the Sider'}, {'bid': 'A-A-B-1', 'remark': '/report/userLoginLog 用户登录日志'}, {'bid': 'B-W-1', 'remark': ': 开启 / 关闭查看电话邮箱的权限'}, {'bid': 'A-A-B-2', 'remark': '按钮： 导出记录'}]}, {'name': 'defaultIb', 'behaviors': [{'bid': 'B-U-0', 'remark': '显示缺省IB设定页面'}, {'bid': 'SYS1', 'remark': 'Hide this Menu of the Sider'}]}, {'name': 'settlementSales', 'behaviors': [{'bid': 'B-M-1', 'remark': 'Tabs 标签页'}, {'bid': 'B-M-2', 'remark': 'Tabs 标签页'}, {'bid': 'B-M-3', 'remark': '按钮：为待处理的订单选择出金渠道'}, {'bid': 'B-M-4', 'remark': '按钮：查看结算订单列表, 可编辑'}, {'bid': 'B-M-5', 'remark': '按钮：修改该笔订单出金金额'}, {'bid': 'B-M-6', 'remark': '按钮：软删除'}, {'bid': 'B-M-7', 'remark': '按钮：导出当前搜索条件下的所有数据'}, {'bid': 'B-M-8', 'remark': '按钮：复制'}]}, {'name': 'withdrawalSales', 'behaviors': [{'bid': 'B-Q-1', 'remark': '按钮：对状态为未处理的订单做完成操作, 对接MT接口'}, {'bid': 'B-Q-2', 'remark': '按钮：对上锁的订单做解锁操作'}, {'bid': 'B-Q-4', 'remark': '按钮：修改某条订单的备注信息'}, {'bid': 'B-Q-5', 'remark': '按钮：对未处理的订单做修改取款金额操作'}, {'bid': 'B-Q-7', 'remark': '按钮：对状态为未处理的订单做批量完成操作, 上传excel, 对接MT接口'}, {'bid': 'B-Q-8', 'remark': '按钮：导出当前搜索条件下的所有数据'}, {'bid': 'B-Q-9', 'remark': '按钮：可修改当前订单所使用的渠道'}, {'bid': 'B-Q-10', 'remark': '按钮：取消'}, {'bid': 'B-Q-12', 'remark': '按钮：删除'}, {'bid': 'B-Q-13', 'remark': '按钮：批量发送'}, {'bid': 'B-Q-11', 'remark': '按钮：复制'}]}, {'name': 'dashborad', 'behaviors': [{'bid': 'A-E-1', 'remark': '是否可见统计页'}]}, {'name': 'resetPassword', 'behaviors': [{'bid': 'B-V-0', 'remark': '显示密码修改页'}, {'bid': 'SYS1', 'remark': 'Hide this Menu of the Sider'}]}, {'name': 'createDeposit', 'behaviors': [{'bid': 'B-F-1', 'remark': '按钮： 新增'}, {'bid': 'SYS1', 'remark': 'Hide this Menu of the Sider'}]}, {'name': 'riskLevel', 'behaviors': [{'bid': 'B-E-1', 'remark': '新增'}, {'bid': 'B-E-2', 'remark': '编辑'}, {'bid': 'B-E-3', 'remark': '删除'}]}, {'name': 'clientListNew', 'behaviors': [{'bid': 'A-B-9-1', 'remark': '邮件重发按钮'}, {'bid': 'A-B-6-1', 'remark': '银行新增'}, {'bid': 'A-B-6-2', 'remark': '银行编辑'}, {'bid': 'A-B-6-3', 'remark': '银行删除'}, {'bid': 'A-B-1', 'remark': '显示 / 隐藏 创建主账号表单'}, {'bid': 'A-B-2', 'remark': '显示 / 隐藏 基本资料的面板信息'}, {'bid': 'A-B-2-1', 'remark': '开启 / 关闭 基本资料编辑状态'}, {'bid': 'A-B-2-2', 'remark': '显示 / 隐藏 KYC信息 '}, {'bid': 'A-B-2-3', 'remark': '显示 / 隐藏 关联账号信息'}, {'bid': 'A-B-2-4', 'remark': '显示 / 隐藏 其他文件列表'}, {'bid': 'A-B-3', 'remark': '显示 / 隐藏 主账号的面板信息'}, {'bid': 'A-B-3-1', 'remark': '开启 / 关闭 主账号下面的所有交易账号能否登录会员中心'}, {'bid': 'A-B-3-2', 'remark': '显示 / 隐藏 IBLink 编辑按钮'}, {'bid': 'A-B-3-3', 'remark': '开启 / 关闭 主账号的入金控制'}, {'bid': 'A-B-3-4', 'remark': '开启 / 关闭 主账号的出金控制'}, {'bid': 'A-B-3-5', 'remark': '开启 / 关闭 主账号的转账控制'}, {'bid': 'A-B-5', 'remark': '显示 / 隐藏 交易账号信息的面板信息'}, {'bid': 'A-B-5-1', 'remark': '显示 / 隐藏 创建交易账号表单'}, {'bid': 'A-B-5-2', 'remark': '开启 / 关闭 交易账号的编辑状态'}, {'bid': 'A-B-6-5', 'remark': '开启 / 关闭 银行电汇的编辑状态'}, {'bid': 'A-B-6-6', 'remark': '删除一条银行电汇信息'}, {'bid': 'A-B-6-7', 'remark': '显示 / 隐藏 创建电子钱包表单'}, {'bid': 'A-B-6-8', 'remark': '开启 / 关闭 电子钱包的编辑状态'}, {'bid': 'A-B-6-4', 'remark': '显示 / 隐藏 创建银行电汇表单'}, {'bid': 'A-B-6-9', 'remark': '删除一条电子钱包信息'}, {'bid': 'A-B-7', 'remark': '显示 / 隐藏 可用渠道的面板信息'}, {'bid': 'A-B-7-1', 'remark': '保存 该主账号的风险等级'}, {'bid': 'A-B-7-2', 'remark': '清除一条渠道的上锁状态'}, {'bid': 'A-B-8', 'remark': '显示 / 隐藏 资金记录的面板信息'}, {'bid': 'A-B-9', 'remark': '显示 / 隐藏 邮件记录的面板信息'}, {'bid': 'A-B-11', 'remark': '修改开户状态'}, {'bid': 'A-B-12', 'remark': '开启 / 关闭 中国区客户认证系统'}, {'bid': 'A-B-13', 'remark': '开户 按钮'}, {'bid': 'A-B-14', 'remark': '二审 按钮'}, {'bid': 'A-B-15', 'remark': '拒绝 按钮'}, {'bid': 'A-B-16', 'remark': '显示 / 隐藏 模拟交易账号信息的面板信息'}, {'bid': 'A-B-16-1', 'remark': '显示 / 隐藏 创建模拟交易账号表单'}, {'bid': 'A-B-16-2', 'remark': '开启 / 关闭 模拟交易账号的编辑状态'}, {'bid': 'A-B-4', 'remark': '显示 / 隐藏 IB专属链接的面板信息'}, {'bid': 'A-B-4-1', 'remark': '显示 / 隐藏 新增专属链接'}, {'bid': 'A-B-4-2', 'remark': '删除一条专属链接'}, {'bid': 'A-B-3-6', 'remark': '开启 / 关闭 KYC 活体验证'}, {'bid': 'A-B-3-7', 'remark': '开启 / 关闭 kyc 风险验证'}, {'bid': 'A-B-3-8', 'remark': '开启 / 关闭 主账号的转帐直属下级客户控制'}, {'bid': 'A-B-3-9', 'remark': '开启 / 关闭 主账号的转帐直属下级代理控制'}, {'bid': 'B-W-1', 'remark': '开启 / 关闭查看电话邮箱的权限'}, {'bid': 'A-B-19', 'remark': '页头指派按钮'}, {'bid': 'A-B-3-10', 'remark': '主账号注销开关'}, {'bid': 'A-B-6-10', 'remark': '显示 / 隐藏 新增加密电子钱包'}, {'bid': 'A-B-6-11', 'remark': '开启/隐藏 加密电子钱包 编辑按钮'}, {'bid': 'A-B-6-12', 'remark': '开启/隐藏 加密电子钱包 删除按钮'}, {'bid': 'A-B-6-14', 'remark': '开启 / 隐藏 AMP账号 编辑按钮'}, {'bid': 'A-B-6-15', 'remark': '开启 / 隐藏 AMP账号 删除按钮'}, {'bid': 'A-B-6-13', 'remark': '显示 / 隐藏 新增AMP账号'}, {'bid': 'A-B-20', 'remark': '显示 / 隐藏 用户记录的面板信息'}, {'bid': 'A-B-3-11', 'remark': '开启 / 关闭 主账号的转帐所有下级客户控制'}, {'bid': 'A-B-3-12', 'remark': '开启 / 关闭 主账号的转帐所有下级代理控制'}, {'bid': 'A-B-4-3', 'remark': '客户开户链接-"注册后开启入金"按钮'}, {'bid': 'A-B-3-13', 'remark': 'Be able to edit “MLM IB Code” field under Master Account'}]}, {'name': 'domainManagement', 'behaviors': [{'bid': 'B-W-1', 'remark': 'Allow access to “Password eye icon”'}, {'bid': 'SYS1', 'remark': 'Hide this Menu of the Sider'}, {'bid': 'B-X-11', 'remark': 'Allow access to Client Portal Password-Protected Setting “Add” button'}, {'bid': 'B-X-2', 'remark': 'Allow access to Email domain setting “Add” button'}, {'bid': 'B-X-4', 'remark': 'View “BOS Exclusive link domain setting” section'}, {'bid': 'B-X-5', 'remark': 'Allow access to BOS Exclusive link domain setting “Add” button'}, {'bid': 'B-X-0', 'remark': 'View “Domain Management” section'}, {'bid': 'B-X-10', 'remark': 'View “Client Portal Password-Protected Setting” section'}, {'bid': 'B-X-7', 'remark': 'View “Portal Exclusive Link Domain Setting” section'}, {'bid': 'B-X-8', 'remark': 'Allow access to Portal Exclusive Link Domain Setting “Add” button'}, {'bid': 'B-X-12', 'remark': 'Allow access to Client Portal Password-Protected Setting “Edit” button'}, {'bid': 'B-X-3', 'remark': 'Allow access to Email domain setting “Edit” button'}, {'bid': 'B-X-9', 'remark': 'Allow access to Portal Exclusive Link Domain Setting “Edit” button'}, {'bid': 'B-X-1', 'remark': 'View “Email domain setting” section'}, {'bid': 'B-X-6', 'remark': 'Allow access to BOS Exclusive link domain setting “Edit” button'}]}, {'name': 'invitationCodes', 'behaviors': [{'bid': 'SYS1', 'remark': 'Invitation Codes '}, {'bid': 'B-Y-0', 'remark': '显示邀请码查询页面'}]}, {'name': 'SPFundRecord', 'behaviors': [{'bid': 'SYS1', 'remark': 'Hide this Menu of the Sider'}, {'bid': 'SP-0-0', 'remark': 'SP资金记录'}, {'bid': 'SP-1', 'remark': '显示账户信息'}, {'bid': 'SP-2', 'remark': '显示资金记录'}, {'bid': 'SP-3', 'remark': '显示每日余额'}, {'bid': 'SP-4', 'remark': '下载Excel'}]}, {'name': 'salesRequest', 'behaviors': [{'bid': 'B-W-1', 'remark': '开启 / 关闭查看电话邮箱的权限\t'}, {'bid': 'SYS1', 'remark': 'Hide this Menu of the Sider'}, {'bid': 'B-T-1', 'remark': '表格每行指派按钮'}, {'bid': 'B-T-2', 'remark': '页面header处的指派按钮'}]}, {'name': 'localCcyBankList', 'behaviors': [{'bid': 'SYS1', 'remark': 'Hide this Menu of the Sider'}, {'bid': 'A-A-A-1', 'remark': '允许访问本地货币银行列表'}]}, {'name': 'ipRestrictionSetting', 'behaviors': [{'bid': 'SYS1', 'remark': 'Hide this Menu of the Sider'}, {'bid': 'A-A-C-4', 'remark': 'Allow access to Whitelist Setup “Edit” operation button'}, {'bid': 'A-A-C-2', 'remark': 'Allow access to “Restriction Setting” page'}, {'bid': 'B-W-1', 'remark': 'Allow access to view email information'}, {'bid': 'A-A-C-1', 'remark': 'Allow access to “Whitelist Setup” page'}, {'bid': 'A-A-C-7', 'remark': 'Allow access to Restriction Setting “Edit” operation button'}, {'bid': 'A-A-C-6', 'remark': 'Allow access to Restriction Setting “Add” operation button'}, {'bid': 'A-A-C-3', 'remark': 'Allow access to Whitelist Setup “Add” operation button'}, {'bid': 'A-A-C-5', 'remark': 'Allow access to Whitelist Setup “Delete” operation button'}, {'bid': 'A-A-C-8', 'remark': 'Allow access to Restriction Setting “Delete” operation button'}, {'bid': 'A-A-C-9', 'remark': 'Allow access to Restriction Setting “Export” operation button'}]}, {'name': 'operationLog', 'behaviors': [{'bid': 'B-W-1', 'remark': '开启 / 关闭查看电话邮箱的权限'}, {'bid': 'SYS1', 'remark': 'hide'}, {'bid': 'A-A-D-1', 'remark': '允许用户使用操作记录查询功能'}]}, {'name': 'reconciliation', 'behaviors': [{'bid': 'SYS1', 'remark': 'Hide this Menu of the Sider'}, {'bid': 'B-R-1', 'remark': 'Reconciliation'}, {'bid': 'B-R-2', 'remark': 'Fee Setting'}, {'bid': 'B-R-3', 'remark': 'Fee Setting Log'}, {'bid': 'B-R-4', 'remark': '按钮：编辑'}, {'bid': 'B-R-5', 'remark': '按钮：新增'}]}, {'name': 'loginCpLog', 'behaviors': [{'bid': 'SYS1', 'remark': '隐藏侧边菜单'}, {'bid': 'A-A-E-1', 'remark': '允许用户访问BOS登录CP记录页面'}]}, {'name': 'promotion', 'behaviors': [{'bid': 'SYS1', 'remark': 'Hide this Menu of the Sider'}, {'bid': 'A-A-F-1', 'remark': '允许用户访问活动记录页面'}, {'bid': 'A-A-F-2', 'remark': '活动参加记录新增'}, {'bid': 'A-A-F-3', 'remark': '参加活动记录取消'}, {'bid': 'A-A-F-4', 'remark': '参加活动记录导出'}]}, {'name': 'bulkOperationOfMt', 'behaviors': [{'bid': 'SYS1', 'remark': 'Hide this Menu of the Sider'}, {'bid': 'A-A-1', 'remark': '显示/隐藏 批量操作 按钮'}]}, {'name': 'groupOperationEntry', 'behaviors': [{'bid': 'SYS1', 'remark': 'Hide this Menu of the Sider'}, {'bid': 'A-A-G-1', 'remark': '允许访问批量操作入口页面'}, {'bid': 'A-A-G-2', 'remark': '显示/隐藏 风险等级功能'}, {'bid': 'A-A-G-3', 'remark': '显示/隐藏 风险等级 导入 按钮'}, {'bid': 'A-A-G-4', 'remark': '显示/隐藏  风险等级 操作记录 按钮'}, {'bid': 'A-A-G-5', 'remark': '显示/隐藏 资金控制功能'}, {'bid': 'A-A-G-6', 'remark': '显示/隐藏 资金控制 导入 按钮'}, {'bid': 'A-A-G-7', 'remark': '显示/隐藏 资金控制 操作记录 按钮'}, {'bid': 'A-A-G-8', 'remark': 'Allow access to Login Client Portal control'}, {'bid': 'A-A-G-9', 'remark': 'Allow access to Login Client Portal control "Import" operation button'}, {'bid': 'A-A-G-10', 'remark': 'Allow access to Login Client Portal control "Operation log" operation button'}]}, {'name': '测试，测试', 'behaviors': [{'bid': '11', 'remark': '测试修改2312'}]}, {'name': 'nftTokens', 'behaviors': [{'bid': 'A-A-H-1', 'remark': '显示菜单按钮'}, {'bid': 'SYS1', 'remark': 'Hide this Menu of the Sider'}]}]}, {'entity': 'MU', 'businesses': [{'name': 'clientRequest', 'behaviors': [{'bid': 'SYS1', 'remark': 'Hide this Menu of the Sider'}, {'bid': 'A-C-1', 'remark': '新增请求按钮'}, {'bid': 'A-C-3', 'remark': '表格每行的指派按钮'}, {'bid': 'A-C-4', 'remark': '页面header处的指派按钮'}, {'bid': 'B-W-1', 'remark': '开启 / 关闭查看电话邮箱的权限'}, {'bid': 'A-C-6', 'remark': '编辑注释按钮'}, {'bid': 'A-C-7', 'remark': '导出按钮'}]}, {'name': 'transactionAccount', 'behaviors': [{'bid': 'SYS1', 'remark': 'Hide this Menu of the Sider'}, {'bid': 'A-F-1', 'remark': 'Add a new trading account button'}, {'bid': 'A-F-2', 'remark': '显示/隐藏 详情查看按钮'}]}, {'name': 'p2cDepositList', 'behaviors': [{'bid': 'A-G-1', 'remark': '按钮：把验证中状态改为未处理'}, {'bid': 'A-G-2', 'remark': '按钮：编辑当前选中的一条订单'}, {'bid': 'A-G-3', 'remark': '按钮：弹出抽屉显示当前entity下p2c收款渠道'}, {'bid': 'A-G-4', 'remark': '按钮：新增收款公账'}, {'bid': 'A-G-5', 'remark': '按钮：把当前收款公账状态设为正在使用'}, {'bid': 'A-G-6', 'remark': '按钮：保存排序'}, {'bid': 'A-G-7', 'remark': '开关：是否可编辑'}, {'bid': 'A-G-8', 'remark': '按钮：删除当前银行公账'}, {'bid': 'A-G-9', 'remark': '按钮：复制'}]}, {'name': 'depositList', 'behaviors': [{'bid': 'SYS1', 'remark': 'Hide this Menu of the Sider'}, {'bid': 'A-H-1', 'remark': '按钮：后台新增一条入金'}, {'bid': 'A-H-2', 'remark': '按钮：对未处理的订单做完成操作，对接MT接口'}, {'bid': 'A-H-3', 'remark': '按钮：对未处理的订单做拒绝操作'}, {'bid': 'A-H-4', 'remark': '按钮：对上锁的订单做解锁操作'}, {'bid': 'A-H-5', 'remark': '按钮：对未处理的订单做失败操作'}, {'bid': 'A-H-6', 'remark': '按钮：修改某条订单的备注信息'}, {'bid': 'A-H-7', 'remark': '按钮：把验证中或凭证上传的订单转为未处理状态'}, {'bid': 'A-H-8', 'remark': '按钮：对状态为成功的订单做撤回操作，对接MT接口'}, {'bid': 'A-H-9', 'remark': '按钮：导出当前搜索条件下的所有数据'}, {'bid': 'A-H-10', 'remark': '按钮：编辑'}, {'bid': 'A-H-11', 'remark': '按钮：调整'}, {'bid': 'A-H-12', 'remark': '按钮：删除'}, {'bid': 'A-H-13', 'remark': 'Operation'}, {'bid': 'A-H-14', 'remark': 'Gateway Logs'}, {'bid': 'A-H-15', 'remark': '按钮：复制'}]}, {'name': 'exgRateList', 'behaviors': [{'bid': 'SYS1', 'remark': 'Hide this Menu of the Sider'}, {'bid': 'B-S-1', 'remark': '显示汇率管理页面'}]}, {'name': 'withdrawList', 'behaviors': [{'bid': 'SYS1', 'remark': 'Hide this Menu of the Sider'}, {'bid': 'A-I-1', 'remark': '按钮：对状态为未处理的订单做完成操作, 对接MT接口'}, {'bid': 'A-I-2', 'remark': '按钮：对上锁的订单做解锁操作'}, {'bid': 'A-I-3', 'remark': '按钮：对未处理的订单做拒绝操作'}, {'bid': 'A-I-4', 'remark': '按钮：修改某条订单的备注信息'}, {'bid': 'A-I-5', 'remark': '按钮：对未处理的订单做修改取款金额操作'}, {'bid': 'A-I-6', 'remark': '按钮：对状态为成功的订单做撤回操作，对接MT接口'}, {'bid': 'A-I-7', 'remark': '按钮：对状态为未处理的订单做批量完成操作, 上传excel, 对接MT接口'}, {'bid': 'A-I-8', 'remark': '按钮：导出当前搜索条件下的所有数据'}, {'bid': 'A-I-9', 'remark': '按钮：可修改当前订单所使用的渠道'}, {'bid': 'A-I-10', 'remark': '按钮：批量发送'}, {'bid': 'A-I-11', 'remark': '按钮：调整'}, {'bid': 'A-I-12', 'remark': '按钮：删除'}, {'bid': 'A-I-14', 'remark': '按钮：查负数'}, {'bid': 'A-I-15', 'remark': '按钮：复制'}]}, {'name': 'transferList', 'behaviors': [{'bid': 'SYS1', 'remark': 'Hide this Menu of the Sider'}, {'bid': 'A-J-1', 'remark': '按钮：导出当前搜索条件下的所有数据'}, {'bid': 'A-J-2', 'remark': '按钮: 完成'}, {'bid': 'A-J-3', 'remark': '按钮: 拒绝'}, {'bid': 'A-J-4', 'remark': '按钮：设置'}, {'bid': 'A-J-5', 'remark': '按钮：复制'}]}, {'name': 'settlement', 'behaviors': [{'bid': 'SYS1', 'remark': 'Hide this Menu of the Sider'}, {'bid': 'A-K-1', 'remark': '结算处理 Tabs 标签页 '}, {'bid': 'A-K-2', 'remark': '订单编号 Tabs 标签页'}, {'bid': 'A-K-3', 'remark': '按钮：为待处理的订单选择出金渠道'}, {'bid': 'A-K-4', 'remark': '按钮：后台新增自助出金'}, {'bid': 'A-K-5', 'remark': '按钮：批量导入自助出金, 上传excel'}, {'bid': 'A-K-6', 'remark': '按钮：查看结算订单列表, 可编辑'}, {'bid': 'A-K-7', 'remark': '按钮：修改该笔订单出金金额'}, {'bid': 'A-K-8', 'remark': '按钮：订单编号>导出当前搜索条件下的所有数据'}, {'bid': 'A-K-9', 'remark': '按钮:删除未处理和未审核的订单'}, {'bid': 'A-K-10', 'remark': '按钮：复制'}]}, {'name': 'fundAdjust', 'behaviors': [{'bid': 'SYS1', 'remark': 'Hide this Menu of the Sider'}, {'bid': 'A-L-1', 'remark': '按钮：新增'}, {'bid': 'A-L-2', 'remark': '按钮：审核'}, {'bid': 'A-L-3', 'remark': '按钮：取消此次资金调整'}, {'bid': 'A-L-4', 'remark': '按钮：导入'}, {'bid': 'A-L-5', 'remark': '按钮: 解锁'}, {'bid': 'A-L-6', 'remark': '按钮： 导出'}, {'bid': 'A-L-7', 'remark': '按钮：复制'}]}, {'name': 'paymentList', 'behaviors': [{'bid': 'SYS1', 'remark': 'Hide this Menu of the Sider'}, {'bid': 'A-M-1', 'remark': '按钮：保存当前修改'}, {'bid': 'A-M-2', 'remark': '按钮：开启关闭支付管道'}, {'bid': 'A-M-3', 'remark': '下拉按钮：显示/隐藏折叠面板'}, {'bid': 'A-M-3-1', 'remark': '按钮：保存当前面板的修改'}, {'bid': 'A-M-3-2', 'remark': '按钮：保存渠上限数据'}, {'bid': 'A-M-3-3', 'remark': '按钮：保存入金上限设定'}, {'bid': 'A-M-4', 'remark': '按钮： 新增psp渠道组'}, {'bid': 'A-M-3-4', 'remark': '按钮：基础配置'}]}, {'name': 'bankwireList', 'behaviors': [{'bid': 'A-N-1', 'remark': '按钮:  新增'}, {'bid': 'A-N-2', 'remark': '按钮:  详情'}, {'bid': 'A-N-3', 'remark': '按钮:  编辑详细数据'}]}, {'name': 'payoutList', 'behaviors': [{'bid': 'SYS1', 'remark': 'Hide this Menu of the Sider'}, {'bid': 'A-O-1', 'remark': '按钮：新增一条清钱或调整记录'}, {'bid': 'A-O-2', 'remark': '新增 -> 清钱 Tabs 标签页'}, {'bid': 'A-O-3', 'remark': '新增 -> 调整 Tabs 标签页'}, {'bid': 'A-O-4', 'remark': '按钮：取消状态为待确认的记录'}, {'bid': 'A-O-5', 'remark': '按钮：确认完成状态为待确认的记录'}, {'bid': 'A-O-6', 'remark': '按钮：批量导入记录, 上传excel'}]}, {'name': 'instantRate', 'behaviors': [{'bid': 'SYS1', 'remark': 'Hide this Menu of the Sider'}, {'bid': 'A-P-1', 'remark': '按钮：获取最新汇率数据'}, {'bid': 'A-P-2', 'remark': '按钮：导出实时汇率'}, {'bid': 'A-P-4', 'remark': '启用或禁用自动更新汇率的按钮'}, {'bid': 'A-P-3', 'remark': '按钮：导出历史汇率'}, {'bid': 'A-P-5', 'remark': 'Live Exchange Rate'}, {'bid': 'A-P-6', 'remark': 'History Exchange Rate'}, {'bid': 'A-P-7', 'remark': 'Operation Log'}]}, {'name': 'rateSetting', 'behaviors': [{'bid': 'SYS1', 'remark': 'Hide this Menu of the Sider'}, {'bid': 'A-Q-1', 'remark': '按钮：根据币种条件查询匹配的汇率调整记录'}, {'bid': 'A-Q-2', 'remark': '折叠面板： 入金汇率调整列表'}, {'bid': 'A-Q-3', 'remark': '按钮：新增一条入金调整记录'}, {'bid': 'A-Q-4', 'remark': '按钮：编辑一条入金调整记录'}, {'bid': 'A-Q-5', 'remark': '按钮：审核一条入金调整记录'}, {'bid': 'A-Q-6', 'remark': '折叠面板：出金汇率调整列表'}, {'bid': 'A-Q-7', 'remark': '按钮：新增一条出金调整记录'}, {'bid': 'A-Q-8', 'remark': '按钮：编辑一条出金调整记录'}, {'bid': 'A-Q-9', 'remark': '按钮：审核一条出金调整记录'}, {'bid': 'A-Q-10', 'remark': '折叠面板：转账汇率调整列表'}, {'bid': 'A-Q-11', 'remark': '按钮：新增一条转账调整记录'}, {'bid': 'A-Q-12', 'remark': '按钮：编辑一条转账调整记录'}, {'bid': 'A-Q-13', 'remark': '按钮：审核一条转账调整记录'}]}, {'name': 'reportDeposit', 'behaviors': [{'bid': 'SYS1', 'remark': 'Hide this Menu of the Sider'}, {'bid': 'A-X-1', 'remark': '导出'}]}, {'name': 'moneyRecord', 'behaviors': [{'bid': 'SYS1', 'remark': 'Hide this Menu of the Sider'}, {'bid': 'A-Y-1', 'remark': '按钮：根据当前搜索条件远程搜索相匹配数据'}]}, {'name': 'tradeRecord', 'behaviors': [{'bid': 'SYS1', 'remark': 'Hide this Menu of the Sider'}, {'bid': 'A-Z-1', 'remark': '按钮：查询'}]}, {'name': 'emailrecord', 'behaviors': [{'bid': 'SYS1', 'remark': 'Hide this Menu of the Sider'}, {'bid': 'B-B-1', 'remark': '开启/关闭 邮件重发按钮'}, {'bid': 'B-W-1', 'remark': '开启/关闭 完整查看电话邮箱的按钮'}, {'bid': 'B-B-2', 'remark': '开启 / 关闭 查看邮箱禁用列表'}, {'bid': 'B-B-3', 'remark': '开启 / 关闭 查看已解禁邮箱列表'}, {'bid': 'B-B-4', 'remark': '开启/关闭 禁用移除按钮'}, {'bid': 'B-B-5', 'remark': '开启 / 关闭 查看邮件列表'}, {'bid': 'B-B-6', 'remark': '开启 / 关闭 查看短信列表'}]}, {'name': 'portalNotice', 'behaviors': [{'bid': 'A-R-1', 'remark': '按钮: 新增一条消息'}, {'bid': 'A-R-2', 'remark': '按钮: 修改一条消息'}, {'bid': 'A-R-3', 'remark': '按钮: 删除一条消息'}, {'bid': 'A-R-4', 'remark': '按钮: 推送消息到会员中心'}]}, {'name': 'portalNews', 'behaviors': [{'bid': 'SYS1', 'remark': 'Hide this Menu of the Sider'}, {'bid': 'A-S-1', 'remark': '按钮: 添加/删除关键词'}, {'bid': 'A-S-2', 'remark': '按钮: 置顶'}, {'bid': 'A-S-3', 'remark': '按钮: 推送消息到会员中心'}]}, {'name': 'bannerNotice', 'behaviors': [{'bid': 'A-T-1', 'remark': '按钮：添加banner'}, {'bid': 'A-T-2', 'remark': '按钮：查看banner'}, {'bid': 'A-T-3', 'remark': '按钮：删除banner'}]}, {'name': 'clientBlkList', 'behaviors': [{'bid': 'SYS1', 'remark': 'Hide this Menu of the Sider'}, {'bid': 'A-U-1', 'remark': '新增黑名单按钮'}, {'bid': 'A-U-2', 'remark': '修改黑名单按钮'}, {'bid': 'A-U-3', 'remark': '删除黑名单按钮'}, {'bid': 'A-U-4', 'remark': '导入黑名单按钮'}, {'bid': 'A-U-5', 'remark': '查看新增的黑名单规则是否匹配到现有主账号'}, {'bid': 'A-U-7', 'remark': '导出黑名单列表'}, {'bid': 'A-U-6', 'remark': '下载导入模板'}, {'bid': 'B-W-1', 'remark': '开启 / 关闭查看电话邮箱的权限'}]}, {'name': 'IBBlkList', 'behaviors': [{'bid': 'SYS1', 'remark': 'Hide this Menu of the Sider'}, {'bid': 'A-V-1', 'remark': '新增代理黑名单'}, {'bid': 'A-V-2', 'remark': '修改代理黑名单'}, {'bid': 'A-V-3', 'remark': '删除代理黑名单'}]}, {'name': 'doNotProcess', 'behaviors': [{'bid': 'SYS1', 'remark': 'Hide this Menu of the Sider'}, {'bid': 'A-W-1', 'remark': '新增一条出金不办理记录'}, {'bid': 'A-W-2', 'remark': '编辑出金不办理记录'}]}, {'name': 'languageManagement', 'behaviors': [{'bid': 'SYS1', 'remark': 'Hide this Menu of the Sider'}, {'bid': 'B-C-1', 'remark': '允许访问语言包管理'}]}, {'name': 'countryManagement', 'behaviors': [{'bid': 'SYS1', 'remark': 'Hide this Menu of the Sider'}, {'bid': 'B-D-1', 'remark': 'Allow access to Country List “Edit” operation button'}, {'bid': 'B-D-2', 'remark': 'Allow access to Country List “Add” operation button'}, {'bid': 'B-D-3', 'remark': 'Allow access to Country List “Delete” operation button'}, {'bid': 'B-D-4', 'remark': 'Allow access to Nationality List “Import” operation button'}, {'bid': 'B-D-5', 'remark': 'Allow access to “Country List” page'}, {'bid': 'B-D-6', 'remark': 'Allow access to “Nationality List” page'}, {'bid': 'B-D-7', 'remark': 'Allow access to Nationality List “Edit” operation button'}, {'bid': 'B-D-8', 'remark': 'Allow access to Nationality List “Add” operation button'}, {'bid': 'B-D-9', 'remark': 'Allow access to Nationality List “Delete” operation button'}, {'bid': 'B-D-10', 'remark': 'Allow access to Nationality List “Import” operation button'}, {'bid': 'B-D-11', 'remark': 'Allow access to Country List “Country Name Key” operation button'}, {'bid': 'B-D-12', 'remark': 'Allow access to Nationality List “Nationality Name Key” operation button'}]}, {'name': 'userList', 'behaviors': [{'bid': 'SYS1', 'remark': 'Hide this Menu of the Sider'}, {'bid': 'B-G-1', 'remark': '允许访问用户列表'}, {'bid': 'B-W-1', 'remark': '开启 / 关闭查看电话邮箱的权限'}, {'bid': 'B-G-2', 'remark': '按钮: 添加'}, {'bid': 'B-G-3', 'remark': '按钮: 修改'}, {'bid': 'B-G-4', 'remark': '按钮: 删除'}]}, {'name': 'roleList', 'behaviors': [{'bid': 'SYS1', 'remark': 'Hide this Menu of the Sider'}, {'bid': 'B-H-1', 'remark': '允许访问角色列表'}, {'bid': 'B-H-2', 'remark': '按钮: 添加'}, {'bid': 'B-H-3', 'remark': '按钮: 修改'}, {'bid': 'B-H-4', 'remark': '按钮: 删除'}, {'bid': 'B-H-5', 'remark': '按钮：复制'}, {'bid': 'B-H-6', 'remark': 'Allow access to “Data Visibility Sets Setting” page'}, {'bid': 'B-H-7', 'remark': 'Allow access to “Create Sets” operation button'}, {'bid': 'B-H-8', 'remark': 'Allow access to “Delete” operation button'}]}, {'name': 'pageManage', 'behaviors': [{'bid': 'SYS1', 'remark': 'Hide this Menu of the Sider'}, {'bid': 'B-I-1', 'remark': '允许访问页面管理'}]}, {'name': 'activationSetting', 'behaviors': [{'bid': 'SYS1', 'remark': 'Hide this Menu of the Sider'}, {'bid': 'B-J-1', 'remark': '按钮：添加设定'}, {'bid': 'B-J-2', 'remark': '按钮：编辑设定'}, {'bid': 'B-J-3', 'remark': '按钮：删除设定'}]}, {'name': 'promotionList', 'behaviors': [{'bid': 'SYS1', 'remark': 'Hide this Menu of the Sider'}]}, {'name': 'emailtemplate', 'behaviors': [{'bid': 'SYS1', 'remark': 'Hide this Menu of the Sider'}, {'bid': 'B-L-1', 'remark': '按钮：模板框架编辑'}, {'bid': 'B-L-2', 'remark': '按钮：邮件模板新增'}, {'bid': 'B-L-3', 'remark': '按钮：邮件模板删除'}, {'bid': 'B-L-4', 'remark': '按钮：邮件模板编辑'}]}, {'name': 'emailFindAndReplace', 'behaviors': [{'bid': 'SYS1', 'remark': 'Hide this Menu of the Sider'}, {'bid': 'B-M-1', 'remark': '按钮：邮件模板内容批量查找与修改'}, {'bid': 'B-M-2', 'remark': '按钮：邮件模板内容查找与批量替换'}]}, {'name': 'approve', 'behaviors': [{'bid': 'SYS1', 'remark': 'Hide this Menu of the Sider'}, {'bid': 'A-D-1', 'remark': '验证三要素模块'}, {'bid': 'B-W-1', 'remark': '开启 / 关闭查看电话邮箱的权限'}]}, {'name': 'currencyManagement', 'behaviors': [{'bid': 'B-N-1', 'remark': '按钮：新增币种信息'}, {'bid': 'B-N-2', 'remark': '按钮：修改币种信息'}, {'bid': 'B-N-3', 'remark': '按钮：删除币种记录'}, {'bid': 'SYS1', 'remark': 'Hide this Menu of the Sider'}]}, {'name': 'groupManagement', 'behaviors': [{'bid': 'B-E-2', 'remark': '按钮:组别列表-编辑'}, {'bid': 'SYS1', 'remark': 'Hide this Menu of the Sider'}, {'bid': 'B-E-0', 'remark': '显示组别管理页面'}, {'bid': 'B-E-4', 'remark': '按钮:组别列表-更新组别库'}, {'bid': 'B-E-5', 'remark': '显示组别列表'}, {'bid': 'B-E-6', 'remark': '显示缺省组别设定'}, {'bid': 'B-E-7', 'remark': '显示IB开户表格组别设定'}, {'bid': 'B-E-8', 'remark': '显示专属链接捆绑组别'}, {'bid': 'B-E-6-1', 'remark': '按钮：缺省组别设定 - 新增'}, {'bid': 'B-E-6-2', 'remark': '按钮：缺省组别设定 - 删除'}, {'bid': 'B-E-6-3', 'remark': '按钮：缺省组别设定 - 编辑'}, {'bid': 'B-E-7-1', 'remark': '按钮：IB开户表格组别设定 - 新增'}, {'bid': 'B-E-7-2', 'remark': '按钮：IB开户表格组别设定 - 删除'}, {'bid': 'B-E-8-1', 'remark': '按钮：专属链接捆绑组别 - 新增'}, {'bid': 'B-E-8-2', 'remark': '按钮：专属链接捆绑组别 - 编辑'}, {'bid': 'B-E-8-3', 'remark': '按钮：专属链接捆绑组别 - 删除'}, {'bid': 'B-E-8-4', 'remark': '按钮：专属链接捆绑组别 - 新增组类别'}]}, {'name': 'settlementBatch', 'behaviors': [{'bid': 'B-P-1', 'remark': '批量结算'}, {'bid': 'B-P-2', 'remark': '订单编号'}, {'bid': 'B-P-3', 'remark': '导入'}, {'bid': 'B-P-4', 'remark': '批次号点击弹窗'}, {'bid': 'B-P-5', 'remark': '批次号弹窗 -> 拒绝'}, {'bid': 'B-P-6', 'remark': '批次号弹窗 -> 审核通过'}, {'bid': 'B-P-7', 'remark': '批次号弹窗 -> 选择支付渠道'}, {'bid': 'B-P-8', 'remark': '出金渠道点击弹窗'}, {'bid': 'B-P-9', 'remark': '订单编号 -> 导出'}, {'bid': 'B-P-10', 'remark': '按钮：删除待处理和未审核订单'}, {'bid': 'B-P-11', 'remark': '按钮：复制'}]}, {'name': 'loginToClientPortal', 'behaviors': [{'bid': 'SYS1', 'remark': 'Hide this Menu of the Sider'}, {'bid': 'A-E-1', 'remark': '允许访问会员中心登录页面\t'}]}, {'name': 'exportDataRecord', 'behaviors': [{'bid': 'SYS1', 'remark': 'SYS1'}, {'bid': 'A-A-B-2', 'remark': '/report/exportDataRecord  导出记录'}]}, {'name': 'creditCardDeposit', 'behaviors': [{'bid': 'B-S-1', 'remark': '搜索'}, {'bid': 'B-S-2', 'remark': '导出'}, {'bid': 'B-S-3', 'remark': '编辑'}]}, {'name': 'esearch', 'behaviors': [{'bid': 'SYS1', 'remark': 'Hide this Menu of the Sider'}]}, {'name': 'requestReport', 'behaviors': [{'bid': 'SYS1', 'remark': 'Hide this Menu of the Sider'}, {'bid': 'A-A-B-3', 'remark': '/report/requestReport 客户请求报表'}]}, {'name': 'userLoginLog', 'behaviors': [{'bid': 'SYS1', 'remark': 'Hide this Menu of the Sider'}, {'bid': 'A-A-B-1', 'remark': '/report/userLoginLog 用户登录日志'}, {'bid': 'B-W-1', 'remark': ': 开启 / 关闭查看电话邮箱的权限'}, {'bid': 'A-A-B-2', 'remark': '按钮： 导出记录'}]}, {'name': 'defaultIb', 'behaviors': [{'bid': 'B-U-0', 'remark': '显示缺省IB设定页面'}, {'bid': 'SYS1', 'remark': 'Hide this Menu of the Sider'}]}, {'name': 'settlementSales', 'behaviors': [{'bid': 'B-M-1', 'remark': 'Tabs 标签页'}, {'bid': 'B-M-2', 'remark': 'Tabs 标签页'}, {'bid': 'B-M-3', 'remark': '按钮：为待处理的订单选择出金渠道'}, {'bid': 'B-M-4', 'remark': '按钮：查看结算订单列表, 可编辑'}, {'bid': 'B-M-5', 'remark': '按钮：修改该笔订单出金金额'}, {'bid': 'B-M-6', 'remark': '按钮：软删除'}, {'bid': 'B-M-7', 'remark': '按钮：导出当前搜索条件下的所有数据'}, {'bid': 'B-M-8', 'remark': '按钮：复制'}]}, {'name': 'withdrawalSales', 'behaviors': [{'bid': 'B-Q-1', 'remark': '按钮：对状态为未处理的订单做完成操作, 对接MT接口'}, {'bid': 'B-Q-2', 'remark': '按钮：对上锁的订单做解锁操作'}, {'bid': 'B-Q-4', 'remark': '按钮：修改某条订单的备注信息'}, {'bid': 'B-Q-5', 'remark': '按钮：对未处理的订单做修改取款金额操作'}, {'bid': 'B-Q-7', 'remark': '按钮：对状态为未处理的订单做批量完成操作, 上传excel, 对接MT接口'}, {'bid': 'B-Q-8', 'remark': '按钮：导出当前搜索条件下的所有数据'}, {'bid': 'B-Q-9', 'remark': '按钮：可修改当前订单所使用的渠道'}, {'bid': 'B-Q-10', 'remark': '按钮：取消'}, {'bid': 'B-Q-12', 'remark': '按钮：删除'}, {'bid': 'B-Q-13', 'remark': '按钮：批量发送'}, {'bid': 'B-Q-11', 'remark': '按钮：复制'}]}, {'name': 'dashborad', 'behaviors': [{'bid': 'A-E-1', 'remark': '是否可见统计页'}]}, {'name': 'resetPassword', 'behaviors': [{'bid': 'B-V-0', 'remark': '显示密码修改页'}, {'bid': 'SYS1', 'remark': 'Hide this Menu of the Sider'}]}, {'name': 'createDeposit', 'behaviors': [{'bid': 'B-F-1', 'remark': '按钮： 新增'}, {'bid': 'SYS1', 'remark': 'Hide this Menu of the Sider'}]}, {'name': 'riskLevel', 'behaviors': [{'bid': 'B-E-1', 'remark': '新增'}, {'bid': 'B-E-2', 'remark': '编辑'}, {'bid': 'B-E-3', 'remark': '删除'}]}, {'name': 'clientListNew', 'behaviors': [{'bid': 'A-B-9-1', 'remark': '邮件重发按钮'}, {'bid': 'A-B-6-1', 'remark': '银行新增'}, {'bid': 'A-B-6-2', 'remark': '银行编辑'}, {'bid': 'A-B-6-3', 'remark': '银行删除'}, {'bid': 'A-B-1', 'remark': '显示 / 隐藏 创建主账号表单'}, {'bid': 'A-B-2', 'remark': '显示 / 隐藏 基本资料的面板信息'}, {'bid': 'A-B-2-1', 'remark': '开启 / 关闭 基本资料编辑状态'}, {'bid': 'A-B-2-2', 'remark': '显示 / 隐藏 KYC信息 '}, {'bid': 'A-B-2-3', 'remark': '显示 / 隐藏 关联账号信息'}, {'bid': 'A-B-2-4', 'remark': '显示 / 隐藏 其他文件列表'}, {'bid': 'A-B-3', 'remark': '显示 / 隐藏 主账号的面板信息'}, {'bid': 'A-B-3-1', 'remark': '开启 / 关闭 主账号下面的所有交易账号能否登录会员中心'}, {'bid': 'A-B-3-2', 'remark': '显示 / 隐藏 IBLink 编辑按钮'}, {'bid': 'A-B-3-3', 'remark': '开启 / 关闭 主账号的入金控制'}, {'bid': 'A-B-3-4', 'remark': '开启 / 关闭 主账号的出金控制'}, {'bid': 'A-B-3-5', 'remark': '开启 / 关闭 主账号的转账控制'}, {'bid': 'A-B-5', 'remark': '显示 / 隐藏 交易账号信息的面板信息'}, {'bid': 'A-B-5-1', 'remark': '显示 / 隐藏 创建交易账号表单'}, {'bid': 'A-B-5-2', 'remark': '开启 / 关闭 交易账号的编辑状态'}, {'bid': 'A-B-6-5', 'remark': '开启 / 关闭 银行电汇的编辑状态'}, {'bid': 'A-B-6-6', 'remark': '删除一条银行电汇信息'}, {'bid': 'A-B-6-7', 'remark': '显示 / 隐藏 创建电子钱包表单'}, {'bid': 'A-B-6-8', 'remark': '开启 / 关闭 电子钱包的编辑状态'}, {'bid': 'A-B-6-4', 'remark': '显示 / 隐藏 创建银行电汇表单'}, {'bid': 'A-B-6-9', 'remark': '删除一条电子钱包信息'}, {'bid': 'A-B-7', 'remark': '显示 / 隐藏 可用渠道的面板信息'}, {'bid': 'A-B-7-1', 'remark': '保存 该主账号的风险等级'}, {'bid': 'A-B-7-2', 'remark': '清除一条渠道的上锁状态'}, {'bid': 'A-B-8', 'remark': '显示 / 隐藏 资金记录的面板信息'}, {'bid': 'A-B-9', 'remark': '显示 / 隐藏 邮件记录的面板信息'}, {'bid': 'A-B-11', 'remark': '修改开户状态'}, {'bid': 'A-B-12', 'remark': '开启 / 关闭 中国区客户认证系统'}, {'bid': 'A-B-13', 'remark': '开户 按钮'}, {'bid': 'A-B-14', 'remark': '二审 按钮'}, {'bid': 'A-B-15', 'remark': '拒绝 按钮'}, {'bid': 'A-B-16', 'remark': '显示 / 隐藏 模拟交易账号信息的面板信息'}, {'bid': 'A-B-16-1', 'remark': '显示 / 隐藏 创建模拟交易账号表单'}, {'bid': 'A-B-16-2', 'remark': '开启 / 关闭 模拟交易账号的编辑状态'}, {'bid': 'A-B-4', 'remark': '显示 / 隐藏 IB专属链接的面板信息'}, {'bid': 'A-B-4-1', 'remark': '显示 / 隐藏 新增专属链接'}, {'bid': 'A-B-4-2', 'remark': '删除一条专属链接'}, {'bid': 'A-B-3-6', 'remark': '开启 / 关闭 KYC 活体验证'}, {'bid': 'A-B-3-7', 'remark': '开启 / 关闭 kyc 风险验证'}, {'bid': 'A-B-3-8', 'remark': '开启 / 关闭 主账号的转帐直属下级客户控制'}, {'bid': 'A-B-3-9', 'remark': '开启 / 关闭 主账号的转帐直属下级代理控制'}, {'bid': 'B-W-1', 'remark': '开启 / 关闭查看电话邮箱的权限'}, {'bid': 'A-B-19', 'remark': '页头指派按钮'}, {'bid': 'A-B-3-10', 'remark': '主账号注销开关'}, {'bid': 'A-B-6-10', 'remark': '显示 / 隐藏 新增加密电子钱包'}, {'bid': 'A-B-6-11', 'remark': '开启/隐藏 加密电子钱包 编辑按钮'}, {'bid': 'A-B-6-12', 'remark': '开启/隐藏 加密电子钱包 删除按钮'}, {'bid': 'A-B-6-14', 'remark': '开启 / 隐藏 AMP账号 编辑按钮'}, {'bid': 'A-B-6-15', 'remark': '开启 / 隐藏 AMP账号 删除按钮'}, {'bid': 'A-B-6-13', 'remark': '显示 / 隐藏 新增AMP账号'}, {'bid': 'A-B-20', 'remark': '显示 / 隐藏 用户记录的面板信息'}, {'bid': 'A-B-3-11', 'remark': '开启 / 关闭 主账号的转帐所有下级客户控制'}, {'bid': 'A-B-3-12', 'remark': '开启 / 关闭 主账号的转帐所有下级代理控制'}, {'bid': 'A-B-4-3', 'remark': '客户开户链接-"注册后开启入金"按钮'}, {'bid': 'A-B-3-13', 'remark': 'Be able to edit “MLM IB Code” field under Master Account'}]}, {'name': 'domainManagement', 'behaviors': [{'bid': 'B-W-1', 'remark': 'Allow access to “Password eye icon”'}, {'bid': 'SYS1', 'remark': 'Hide this Menu of the Sider'}, {'bid': 'B-X-11', 'remark': 'Allow access to Client Portal Password-Protected Setting “Add” button'}, {'bid': 'B-X-2', 'remark': 'Allow access to Email domain setting “Add” button'}, {'bid': 'B-X-4', 'remark': 'View “BOS Exclusive link domain setting” section'}, {'bid': 'B-X-5', 'remark': 'Allow access to BOS Exclusive link domain setting “Add” button'}, {'bid': 'B-X-0', 'remark': 'View “Domain Management” section'}, {'bid': 'B-X-10', 'remark': 'View “Client Portal Password-Protected Setting” section'}, {'bid': 'B-X-7', 'remark': 'View “Portal Exclusive Link Domain Setting” section'}, {'bid': 'B-X-8', 'remark': 'Allow access to Portal Exclusive Link Domain Setting “Add” button'}, {'bid': 'B-X-12', 'remark': 'Allow access to Client Portal Password-Protected Setting “Edit” button'}, {'bid': 'B-X-3', 'remark': 'Allow access to Email domain setting “Edit” button'}, {'bid': 'B-X-9', 'remark': 'Allow access to Portal Exclusive Link Domain Setting “Edit” button'}, {'bid': 'B-X-1', 'remark': 'View “Email domain setting” section'}, {'bid': 'B-X-6', 'remark': 'Allow access to BOS Exclusive link domain setting “Edit” button'}]}, {'name': 'invitationCodes', 'behaviors': [{'bid': 'SYS1', 'remark': 'Invitation Codes '}, {'bid': 'B-Y-0', 'remark': '显示邀请码查询页面'}]}, {'name': 'SPFundRecord', 'behaviors': [{'bid': 'SYS1', 'remark': 'Hide this Menu of the Sider'}, {'bid': 'SP-0-0', 'remark': 'SP资金记录'}, {'bid': 'SP-1', 'remark': '显示账户信息'}, {'bid': 'SP-2', 'remark': '显示资金记录'}, {'bid': 'SP-3', 'remark': '显示每日余额'}, {'bid': 'SP-4', 'remark': '下载Excel'}]}, {'name': 'salesRequest', 'behaviors': [{'bid': 'B-W-1', 'remark': '开启 / 关闭查看电话邮箱的权限\t'}, {'bid': 'SYS1', 'remark': 'Hide this Menu of the Sider'}, {'bid': 'B-T-1', 'remark': '表格每行指派按钮'}, {'bid': 'B-T-2', 'remark': '页面header处的指派按钮'}]}, {'name': 'localCcyBankList', 'behaviors': [{'bid': 'SYS1', 'remark': 'Hide this Menu of the Sider'}, {'bid': 'A-A-A-1', 'remark': '允许访问本地货币银行列表'}]}, {'name': 'ipRestrictionSetting', 'behaviors': [{'bid': 'SYS1', 'remark': 'Hide this Menu of the Sider'}, {'bid': 'A-A-C-4', 'remark': 'Allow access to Whitelist Setup “Edit” operation button'}, {'bid': 'A-A-C-2', 'remark': 'Allow access to “Restriction Setting” page'}, {'bid': 'B-W-1', 'remark': 'Allow access to view email information'}, {'bid': 'A-A-C-1', 'remark': 'Allow access to “Whitelist Setup” page'}, {'bid': 'A-A-C-7', 'remark': 'Allow access to Restriction Setting “Edit” operation button'}, {'bid': 'A-A-C-6', 'remark': 'Allow access to Restriction Setting “Add” operation button'}, {'bid': 'A-A-C-3', 'remark': 'Allow access to Whitelist Setup “Add” operation button'}, {'bid': 'A-A-C-5', 'remark': 'Allow access to Whitelist Setup “Delete” operation button'}, {'bid': 'A-A-C-8', 'remark': 'Allow access to Restriction Setting “Delete” operation button'}, {'bid': 'A-A-C-9', 'remark': 'Allow access to Restriction Setting “Export” operation button'}]}, {'name': 'operationLog', 'behaviors': [{'bid': 'B-W-1', 'remark': '开启 / 关闭查看电话邮箱的权限'}, {'bid': 'SYS1', 'remark': 'hide'}, {'bid': 'A-A-D-1', 'remark': '允许用户使用操作记录查询功能'}]}, {'name': 'reconciliation', 'behaviors': [{'bid': 'SYS1', 'remark': 'Hide this Menu of the Sider'}, {'bid': 'B-R-1', 'remark': 'Reconciliation'}, {'bid': 'B-R-2', 'remark': 'Fee Setting'}, {'bid': 'B-R-3', 'remark': 'Fee Setting Log'}, {'bid': 'B-R-4', 'remark': '按钮：编辑'}, {'bid': 'B-R-5', 'remark': '按钮：新增'}]}, {'name': 'loginCpLog', 'behaviors': [{'bid': 'SYS1', 'remark': '隐藏侧边菜单'}, {'bid': 'A-A-E-1', 'remark': '允许用户访问BOS登录CP记录页面'}]}, {'name': 'promotion', 'behaviors': [{'bid': 'SYS1', 'remark': 'Hide this Menu of the Sider'}, {'bid': 'A-A-F-1', 'remark': '允许用户访问活动记录页面'}, {'bid': 'A-A-F-2', 'remark': '活动参加记录新增'}, {'bid': 'A-A-F-3', 'remark': '参加活动记录取消'}, {'bid': 'A-A-F-4', 'remark': '参加活动记录导出'}]}, {'name': 'bulkOperationOfMt', 'behaviors': [{'bid': 'SYS1', 'remark': 'Hide this Menu of the Sider'}, {'bid': 'A-A-1', 'remark': '显示/隐藏 批量操作 按钮'}]}, {'name': 'groupOperationEntry', 'behaviors': [{'bid': 'SYS1', 'remark': 'Hide this Menu of the Sider'}, {'bid': 'A-A-G-1', 'remark': '允许访问批量操作入口页面'}, {'bid': 'A-A-G-2', 'remark': '显示/隐藏 风险等级功能'}, {'bid': 'A-A-G-3', 'remark': '显示/隐藏 风险等级 导入 按钮'}, {'bid': 'A-A-G-4', 'remark': '显示/隐藏  风险等级 操作记录 按钮'}, {'bid': 'A-A-G-5', 'remark': '显示/隐藏 资金控制功能'}, {'bid': 'A-A-G-6', 'remark': '显示/隐藏 资金控制 导入 按钮'}, {'bid': 'A-A-G-7', 'remark': '显示/隐藏 资金控制 操作记录 按钮'}, {'bid': 'A-A-G-8', 'remark': 'Allow access to Login Client Portal control'}, {'bid': 'A-A-G-9', 'remark': 'Allow access to Login Client Portal control "Import" operation button'}, {'bid': 'A-A-G-10', 'remark': 'Allow access to Login Client Portal control "Operation log" operation button'}]}, {'name': '测试，测试', 'behaviors': [{'bid': '11', 'remark': '测试修改2312'}]}, {'name': 'nftTokens', 'behaviors': [{'bid': 'A-A-H-1', 'remark': '显示菜单按钮'}, {'bid': 'SYS1', 'remark': 'Hide this Menu of the Sider'}]}]}]}, 'login_info': {'last_login': 1681233338581, 'ip': None}}}}
2023-04-12 01:15:38.772 | INFO     | test_login:test_login_bos:63 - 判断是否需要从响应数据中提取数据作为全局变量
2023-04-12 01:15:38.774 | INFO     | test_login:test_login_bos:68 - 判断是否需要断言
2023-04-12 01:15:38.775 | INFO     | test_login:test_login_bos:71 - 断言：ok 与 ok
2023-04-12 01:15:38.777 | INFO     | test_login:test_login_bos:77 - 用例结束
2023-04-12 01:15:38.782 | INFO     | test_login:test_login_bos:28 - 当前用例：用户名错误
2023-04-12 01:15:38.784 | INFO     | test_login:test_login_bos:31 - 判断请求数据中是否有要替换的mark:
2023-04-12 01:15:38.785 | INFO     | handle_replace_mark:replace_mark_by_data:35 - 请求数据中没有要替换的mark
2023-04-12 01:15:38.787 | INFO     | handle_replace_mark:replace_mark_by_data:36 - 返回的请求数据为str：{"account":"tyler.tang1","passwd":"a12e16f04b1794c327b5d70f8954ff2f"}
2023-04-12 01:15:38.789 | INFO     | test_login:test_login_bos:38 - 判断请求数据中是token需要传递:
2023-04-12 01:15:38.791 | INFO     | test_login:test_login_bos:45 - 发起请求
2023-04-12 01:15:38.793 | INFO     | handle_requests:request:21 - 该请求需要token鉴权，发送请求的headers为：{'locale': 'zh-CN', 'Authorization': 'bearereyJhbGciOiJIUzI1NiIsInR5cCI6IkpXVCJ9.eyJhY2NvdW50IjoidHlsZXIudGFuZyIsImlhdCI6MTY4MTIzMzMzOCwiZXhwIjoxNjgxMzE5NzM4fQ.BLex6skdbS5LQdVfztisgIq2EPF0f6iCHxPfkMR-rYc'}
2023-04-12 01:15:38.795 | INFO     | handle_requests:request:26 - 将json字符串转换为字典作为请求数据，json请求数据为dict：{'account': 'tyler.tang1', 'passwd': 'a12e16f04b1794c327b5d70f8954ff2f'}
2023-04-12 01:15:38.830 | INFO     | test_login:test_login_bos:60 - 请求响应数据为：{'code': 10006, 'message': 'the account is not exist', 'data': {}}
2023-04-12 01:15:38.833 | INFO     | test_login:test_login_bos:63 - 判断是否需要从响应数据中提取数据作为全局变量
2023-04-12 01:15:38.835 | INFO     | test_login:test_login_bos:68 - 判断是否需要断言
2023-04-12 01:15:38.837 | INFO     | test_login:test_login_bos:71 - 断言：the account is not exist 与 the account is not exist
2023-04-12 01:15:38.839 | INFO     | test_login:test_login_bos:77 - 用例结束
2023-04-12 01:15:38.844 | INFO     | test_login:test_login_bos:28 - 当前用例：密码错误
2023-04-12 01:15:38.846 | INFO     | test_login:test_login_bos:31 - 判断请求数据中是否有要替换的mark:
2023-04-12 01:15:38.848 | INFO     | handle_replace_mark:replace_mark_by_data:35 - 请求数据中没有要替换的mark
2023-04-12 01:15:38.849 | INFO     | handle_replace_mark:replace_mark_by_data:36 - 返回的请求数据为str：{"account":"tyler.tang","passwd":"33a12e16f04b1794c327b5d70f8954ff2f"}
2023-04-12 01:15:38.850 | INFO     | test_login:test_login_bos:38 - 判断请求数据中是token需要传递:
2023-04-12 01:15:38.852 | INFO     | test_login:test_login_bos:45 - 发起请求
2023-04-12 01:15:38.853 | INFO     | handle_requests:request:21 - 该请求需要token鉴权，发送请求的headers为：{'locale': 'zh-CN', 'Authorization': 'bearereyJhbGciOiJIUzI1NiIsInR5cCI6IkpXVCJ9.eyJhY2NvdW50IjoidHlsZXIudGFuZyIsImlhdCI6MTY4MTIzMzMzOCwiZXhwIjoxNjgxMzE5NzM4fQ.BLex6skdbS5LQdVfztisgIq2EPF0f6iCHxPfkMR-rYc'}
2023-04-12 01:15:38.855 | INFO     | handle_requests:request:26 - 将json字符串转换为字典作为请求数据，json请求数据为dict：{'account': 'tyler.tang', 'passwd': '33a12e16f04b1794c327b5d70f8954ff2f'}
2023-04-12 01:15:38.882 | INFO     | test_login:test_login_bos:60 - 请求响应数据为：{'code': 10012, 'message': 'the passwd are wrong', 'data': {}}
2023-04-12 01:15:38.885 | INFO     | test_login:test_login_bos:63 - 判断是否需要从响应数据中提取数据作为全局变量
2023-04-12 01:15:38.886 | INFO     | test_login:test_login_bos:68 - 判断是否需要断言
2023-04-12 01:15:38.888 | INFO     | test_login:test_login_bos:71 - 断言：the passwd are wrong 与 the passwd are wrong
2023-04-12 01:15:38.889 | INFO     | test_login:test_login_bos:77 - 用例结束
